4 | 4 | SB6237 | GAOO Running | 337
34 | 34 | SB6237 | GAOO Running | 307
41 | 41 | JI3242 | QUVC Running | 63
59 | 71 | FT6424 | QUVC Running | 373
64 | 64 | SB6237 | GAOO Running | 277
71 | 101 | JI3242 | QUVC Running | 33
80 | 80 | PQ7150 | NPRF Running | 162
94 | 94 | SB6237 | GAOO Running | 247
101 | 131 | FT6424 | QUVC Running | 343
110 | 110 | PQ7150 | NPRF Running | 132
124 | 124 | SB6237 | GAOO Running | 217
131 | 161 | JI3242 | QUVC Running | 3
140 | 140 | PQ7150 | NPRF Running | 102
154 | 154 | SB6237 | GAOO Running | 187
158 | 184 | ZO8811 | GAOO Running | 232
161 | 164 | FT6424 | QUVC Running | 313
164 | 164 | JI3242 | QUVC Waiting | 84
170 | 170 | PQ7150 | NPRF Running | 72
184 | 214 | SB6237 | GAOO Running | 157
194 | 194 | FT6424 | QUVC Running | 283
200 | 200 | PQ7150 | NPRF Running | 42
214 | 244 | ZO8811 | GAOO Running | 202
220 | 224 | DK8977 | QUVC Running | 309
224 | 254 | FT6424 | QUVC Running | 253
230 | 230 | PQ7150 | NPRF Running | 12
240 | 284 | GX8719 | QUVC Running | 115
242 | 242 | PQ7150 | NPRF Waiting | 292
244 | 274 | SB6237 | GAOO Running | 127
247 | 314 | YT4676 | QUVC Running | 247
248 | 344 | JI3242 | QUVC Running | 423
254 | 374 | DK8977 | QUVC Running | 279
258 | 258 | JT9188 | NPRF Running | 349
274 | 304 | ZO8811 | GAOO Running | 172
278 | 334 | VV2012 | GAOO Running | 305
284 | 404 | FT6424 | QUVC Running | 223
285 | 285 | BZ4125 | AUQI Running | 13
288 | 288 | JT9188 | NPRF Running | 319
298 | 298 | BZ4125 | AUQI Waiting | 62
304 | 364 | SB6237 | GAOO Running | 97
314 | 434 | GX8719 | QUVC Running | 85
318 | 318 | JT9188 | NPRF Running | 289
334 | 394 | ZO8811 | GAOO Running | 142
344 | 464 | YT4676 | QUVC Running | 217
348 | 348 | JT9188 | NPRF Running | 259
360 | 360 | BZ4125 | AUQI Running | 117
364 | 424 | VV2012 | GAOO Running | 275
372 | 494 | CO8265 | QUVC Running | 409
374 | 524 | JI3242 | QUVC Running | 393
378 | 378 | JT9188 | NPRF Running | 229
384 | 554 | WI9492 | QUVC Running | 333
390 | 390 | BZ4125 | AUQI Running | 87
394 | 454 | SB6237 | GAOO Running | 67
404 | 584 | DK8977 | QUVC Running | 249
408 | 408 | JT9188 | NPRF Running | 199
420 | 420 | BZ4125 | AUQI Running | 57
424 | 484 | ZO8811 | GAOO Running | 112
434 | 614 | FT6424 | QUVC Running | 193
438 | 438 | JT9188 | NPRF Running | 169
450 | 450 | BZ4125 | AUQI Running | 27
451 | 644 | BV5379 | QUVC Running | 136
454 | 514 | VV2012 | GAOO Running | 245
457 | 674 | SN9875 | QUVC Running | 70
464 | 704 | GX8719 | QUVC Running | 55
468 | 468 | JT9188 | NPRF Running | 139
477 | 477 | BZ4125 | SYL Running | 367
484 | 544 | SB6237 | GAOO Running | 37
488 | 498 | ZS4171 | NPRF Running | 74
494 | 734 | YT4676 | QUVC Running | 187
498 | 528 | JT9188 | NPRF Running | 109
504 | 764 | UC2715 | QUVC Running | 485
512 | 558 | VR9975 | NPRF Running | 222
514 | 574 | ZO8811 | GAOO Running | 82
524 | 794 | CO8265 | QUVC Running | 379
528 | 528 | WB9472 | AUQI Running | 418
528 | 588 | ZS4171 | NPRF Running | 44
532 | 618 | JH7378 | NPRF Running | 99
534 | 648 | PQ7150 | NPRF Running | 96
544 | 604 | VV2012 | GAOO Running | 215
554 | 824 | JI3242 | QUVC Running | 363
558 | 678 | JT9188 | NPRF Running | 79
558 | 558 | WB9472 | AUQI Running | 388
574 | 634 | SB6237 | GAOO Running | 7
584 | 854 | WI9492 | QUVC Running | 303
588 | 708 | VR9975 | NPRF Running | 192
588 | 588 | WB9472 | AUQI Running | 358
604 | 641 | ZO8811 | GAOO Running | 52
614 | 884 | DK8977 | QUVC Running | 219
618 | 618 | WB9472 | AUQI Running | 328
618 | 738 | ZS4171 | NPRF Running | 14
634 | 671 | VV2012 | GAOO Running | 185
641 | 641 | SB6237 | GAOO Waiting | 220
644 | 914 | FT6424 | QUVC Running | 163
648 | 752 | JH7378 | NPRF Running | 69
648 | 648 | WB9472 | AUQI Running | 298
671 | 701 | ZO8811 | GAOO Running | 22
674 | 944 | BV5379 | QUVC Running | 106
678 | 782 | PQ7150 | NPRF Running | 66
678 | 678 | WB9472 | AUQI Running | 268
701 | 723 | VV2012 | GAOO Running | 155
704 | 974 | SN9875 | QUVC Running | 40
708 | 812 | JT9188 | NPRF Running | 49
708 | 708 | WB9472 | AUQI Running | 238
723 | 723 | ZO8811 | GAOO Waiting | 470
734 | 1004 | GX8719 | QUVC Running | 25
738 | 842 | VR9975 | NPRF Running | 162
738 | 738 | WB9472 | AUQI Running | 208
752 | 752 | ZS4171 | NPRF Waiting | 245
753 | 753 | VV2012 | GAOO Running | 125
764 | 1029 | YT4676 | QUVC Running | 157
768 | 768 | WB9472 | AUQI Running | 178
782 | 872 | JH7378 | NPRF Running | 39
783 | 783 | VV2012 | GAOO Running | 95
794 | 1059 | UC2715 | QUVC Running | 455
798 | 798 | WB9472 | AUQI Running | 148
812 | 902 | PQ7150 | NPRF Running | 36
813 | 813 | VV2012 | GAOO Running | 65
824 | 1089 | CO8265 | QUVC Running | 349
828 | 828 | WB9472 | AUQI Running | 118
842 | 932 | JT9188 | NPRF Running | 19
843 | 843 | VV2012 | GAOO Running | 35
844 | 844 | BZ4125 | SYL Waiting | 440
854 | 1119 | JI3242 | QUVC Running | 333
858 | 858 | WB9472 | AUQI Running | 88
861 | 873 | SB6237 | GAOO Running | 85
872 | 951 | VR9975 | NPRF Running | 132
873 | 903 | VV2012 | GAOO Running | 5
884 | 1149 | WI9492 | QUVC Running | 273
888 | 888 | WB9472 | AUQI Running | 58
902 | 981 | JH7378 | NPRF Running | 9
903 | 908 | SB6237 | GAOO Running | 55
908 | 908 | VV2012 | GAOO Waiting | 127
914 | 1179 | DK8977 | QUVC Running | 189
918 | 918 | WB9472 | AUQI Running | 28
932 | 990 | PQ7150 | NPRF Running | 6
938 | 938 | SB6237 | GAOO Running | 25
944 | 1209 | FT6424 | QUVC Running | 133
946 | 946 | WB9472 | AUQI Waiting | 239
951 | 951 | JT9188 | NPRF Waiting | 495
963 | 963 | SB6237 | AGK Running | 253
974 | 1239 | BV5379 | QUVC Running | 76
981 | 996 | VR9975 | NPRF Running | 102
990 | 990 | JH7378 | NPRF Waiting | 108
996 | 996 | PQ7150 | CNO Running | 10
997 | 1026 | ZS4171 | NPRF Running | 161
1004 | 1269 | SN9875 | QUVC Running | 10
1006 | 1006 | PQ7150 | CNO Waiting | 225
1026 | 1056 | VR9975 | NPRF Running | 72
1029 | 1029 | GX8719 | QUVC Waiting | 404
1035 | 1035 | VV2012 | GAOO Running | 141
1056 | 1086 | ZS4171 | NPRF Running | 131
1059 | 1279 | YT4676 | QUVC Running | 127
1065 | 1065 | VV2012 | GAOO Running | 111
1086 | 1116 | VR9975 | NPRF Running | 42
1089 | 1309 | UC2715 | QUVC Running | 425
1095 | 1095 | VV2012 | GAOO Running | 81
1098 | 1146 | JH7378 | NPRF Running | 347
1116 | 1176 | ZS4171 | NPRF Running | 101
1119 | 1339 | CO8265 | QUVC Running | 319
1125 | 1125 | VV2012 | GAOO Running | 51
1146 | 1206 | VR9975 | NPRF Running | 12
1149 | 1369 | JI3242 | QUVC Running | 303
1155 | 1155 | VV2012 | GAOO Running | 21
1176 | 1176 | VV2012 | CSW Running | 221
1176 | 1218 | JH7378 | NPRF Running | 317
1179 | 1399 | WI9492 | QUVC Running | 243
1185 | 1185 | WB9472 | AUQI Running | 41
1193 | 1193 | ZO8811 | GAOO Running | 79
1206 | 1248 | ZS4171 | NPRF Running | 71
1209 | 1429 | DK8977 | QUVC Running | 159
1215 | 1215 | WB9472 | AUQI Running | 11
1216 | 1216 | SB6237 | AGK Waiting | 444
1218 | 1218 | VR9975 | NPRF Waiting | 31
1223 | 1223 | ZO8811 | GAOO Running | 49
1226 | 1226 | WB9472 | FSP Running | 70
1231 | 1231 | PQ7150 | CNO Running | 363
1239 | 1459 | FT6424 | QUVC Running | 103
1248 | 1278 | JH7378 | NPRF Running | 287
1249 | 1308 | VR9975 | NPRF Running | 395
1253 | 1253 | ZO8811 | GAOO Running | 19
1269 | 1489 | BV5379 | QUVC Running | 46
1272 | 1272 | ZO8811 | GQA Running | 401
1278 | 1338 | ZS4171 | NPRF Running | 41
1279 | 1279 | SN9875 | QUVC Waiting | 429
1284 | 1284 | BZ4125 | SYL Running | 111
1296 | 1296 | WB9472 | FSP Waiting | 168
1308 | 1368 | JH7378 | NPRF Running | 257
1309 | 1519 | YT4676 | QUVC Running | 97
1338 | 1398 | VR9975 | NPRF Running | 365
1339 | 1549 | UC2715 | QUVC Running | 395
1368 | 1428 | ZS4171 | NPRF Running | 11
1369 | 1579 | CO8265 | QUVC Running | 289
1395 | 1395 | BZ4125 | SYL Waiting | 314
1397 | 1397 | VV2012 | CSW Waiting | 287
1398 | 1439 | JH7378 | NPRF Running | 227
1399 | 1609 | JI3242 | QUVC Running | 273
1428 | 1469 | VR9975 | NPRF Running | 335
1429 | 1639 | WI9492 | QUVC Running | 213
1433 | 1669 | GX8719 | QUVC Running | 371
1439 | 1594 | ZS4171 | CNO Running | 117
1446 | 1499 | JT9188 | NPRF Running | 19
1459 | 1699 | DK8977 | QUVC Running | 129
1464 | 1464 | WB9472 | FSP Running | 131
1469 | 1518 | JH7378 | NPRF Running | 197
1489 | 1729 | FT6424 | QUVC Running | 73
1499 | 1548 | VR9975 | NPRF Running | 305
1518 | 1518 | JT9188 | GPE Running | 433
1519 | 1759 | BV5379 | QUVC Running | 16
1548 | 1578 | JH7378 | NPRF Running | 167
1549 | 1775 | YT4676 | QUVC Running | 67
1578 | 1608 | VR9975 | NPRF Running | 275
1579 | 1805 | UC2715 | QUVC Running | 365
1594 | 1594 | PQ7150 | CNO Waiting | 40
1595 | 1595 | WB9472 | FSP Waiting | 250
1608 | 1638 | JH7378 | NPRF Running | 137
1609 | 1835 | CO8265 | QUVC Running | 259
1634 | 1711 | PQ7150 | CNO Running | 296
1638 | 1668 | VR9975 | NPRF Running | 245
1639 | 1865 | JI3242 | QUVC Running | 243
1660 | 1660 | SB6237 | AGK Running | 131
1668 | 1698 | JH7378 | NPRF Running | 107
1669 | 1895 | WI9492 | QUVC Running | 183
1673 | 1673 | ZO8811 | GQA Waiting | 58
1684 | 1684 | VV2012 | CSW Running | 0
1684 | 1684 | VV2012 | CSW Waiting | 97
1698 | 1728 | VR9975 | NPRF Running | 215
1699 | 1925 | GX8719 | QUVC Running | 341
1708 | 1955 | SN9875 | QUVC Running | 469
1709 | 1709 | BZ4125 | SYL Running | 435
1711 | 1711 | ZS4171 | CNO Waiting | 149
1728 | 1758 | JH7378 | NPRF Running | 77
1729 | 1985 | DK8977 | QUVC Running | 99
1731 | 1731 | ZO8811 | GQA Running | 439
1758 | 1788 | VR9975 | NPRF Running | 185
1759 | 2015 | FT6424 | QUVC Running | 43
1775 | 1775 | BV5379 | QUVC Waiting | 257
1781 | 1781 | VV2012 | CSW Running | 96
1788 | 1818 | JH7378 | NPRF Running | 47
1791 | 1791 | SB6237 | AGK Waiting | 377
1805 | 2045 | YT4676 | QUVC Running | 37
1818 | 1848 | VR9975 | NPRF Running | 155
1835 | 2075 | UC2715 | QUVC Running | 335
1845 | 1845 | WB9472 | FSP Running | 349
1848 | 1878 | JH7378 | NPRF Running | 17
1860 | 2007 | ZS4171 | CNO Running | 293
1865 | 2105 | CO8265 | QUVC Running | 229
1877 | 1877 | VV2012 | CSW Waiting | 326
1878 | 1895 | VR9975 | NPRF Running | 125
1895 | 1895 | JH7378 | XSL Running | 440
1895 | 2135 | JI3242 | QUVC Running | 213
1925 | 1925 | VR9975 | NPRF Running | 95
1925 | 2165 | WI9492 | QUVC Running | 153
1951 | 1951 | JT9188 | GPE Waiting | 261
1955 | 2195 | GX8719 | QUVC Running | 311
1955 | 1955 | VR9975 | NPRF Running | 65
1985 | 2225 | SN9875 | QUVC Running | 439
1985 | 1985 | VR9975 | NPRF Running | 35
2007 | 2007 | PQ7150 | CNO Waiting | 474
2015 | 2255 | DK8977 | QUVC Running | 69
2015 | 2015 | VR9975 | NPRF Running | 5
2020 | 2020 | VR9975 | GPE Running | 176
2032 | 2285 | BV5379 | QUVC Running | 0
2045 | 2285 | FT6424 | QUVC Running | 13
2075 | 2298 | YT4676 | QUVC Running | 7
2105 | 2305 | UC2715 | QUVC Running | 305
2135 | 2335 | CO8265 | QUVC Running | 199
2144 | 2144 | BZ4125 | SYL Waiting | 375
2165 | 2365 | JI3242 | QUVC Running | 183
2168 | 2168 | SB6237 | AGK Running | 152
2170 | 2170 | ZO8811 | GQA Waiting | 132
2194 | 2194 | WB9472 | FSP Waiting | 368
2195 | 2395 | WI9492 | QUVC Running | 123
2196 | 2196 | VR9975 | GPE Waiting | 95
2203 | 2203 | VV2012 | CSW Running | 201
2212 | 2212 | JT9188 | GPE Running | 309
2225 | 2425 | GX8719 | QUVC Running | 281
2255 | 2455 | SN9875 | QUVC Running | 409
2285 | 2285 | BV5379 | LGU Running | 382
2285 | 2485 | DK8977 | QUVC Running | 39
2291 | 2521 | VR9975 | GPE Running | 336
2298 | 2298 | FT6424 | QUVC Waiting | 50
2300 | 2300 | ZS4171 | CNO Waiting | 268
2302 | 2302 | ZO8811 | GQA Running | 315
2305 | 2305 | YT4676 | QUVC Waiting | 38
2320 | 2320 | SB6237 | AGK Waiting | 167
2335 | 2335 | JH7378 | XSL Waiting | 43
2335 | 2515 | UC2715 | QUVC Running | 275
2343 | 2545 | YT4676 | QUVC Running | 305
2348 | 2575 | FT6424 | QUVC Running | 167
2365 | 2605 | CO8265 | QUVC Running | 169
2378 | 2378 | JH7378 | XSL Running | 68
2395 | 2635 | JI3242 | QUVC Running | 153
2404 | 2404 | VV2012 | GAOO Running | 280
2425 | 2665 | WI9492 | QUVC Running | 93
2434 | 2434 | VV2012 | GAOO Running | 250
2446 | 2446 | JH7378 | XSL Waiting | 404
2455 | 2695 | GX8719 | QUVC Running | 251
2464 | 2464 | VV2012 | GAOO Running | 220
2481 | 2481 | PQ7150 | CNO Running | 253
2485 | 2725 | SN9875 | QUVC Running | 379
2487 | 2487 | SB6237 | AGK Running | 285
2494 | 2494 | VV2012 | GAOO Running | 190
2515 | 2755 | DK8977 | QUVC Running | 9
2519 | 2519 | BZ4125 | SYL Running | 413
2521 | 2521 | JT9188 | GPE Waiting | 70
2524 | 2524 | VV2012 | GAOO Running | 160
2545 | 2764 | UC2715 | QUVC Running | 245
2554 | 2554 | VV2012 | GAOO Running | 130
2562 | 2562 | WB9472 | FSP Running | 47
2568 | 2734 | ZS4171 | CNO Running | 81
2575 | 2794 | YT4676 | QUVC Running | 275
2584 | 2584 | VV2012 | GAOO Running | 100
2591 | 2857 | JT9188 | GPE Running | 292
2605 | 2824 | FT6424 | QUVC Running | 137
2609 | 2609 | WB9472 | AUQI Running | 374
2614 | 2614 | VV2012 | GAOO Running | 70
2617 | 2617 | ZO8811 | GQA Waiting | 94
2635 | 2854 | CO8265 | QUVC Running | 139
2639 | 2639 | WB9472 | AUQI Running | 344
2644 | 2644 | VV2012 | GAOO Running | 40
2665 | 2884 | JI3242 | QUVC Running | 123
2667 | 2667 | BV5379 | LGU Waiting | 458
2669 | 2669 | WB9472 | AUQI Running | 314
2674 | 2674 | VV2012 | GAOO Running | 10
2684 | 2684 | VV2012 | GAOO Waiting | 79
2695 | 2914 | WI9492 | QUVC Running | 63
2699 | 2699 | WB9472 | AUQI Running | 284
2711 | 2711 | ZO8811 | GQA Running | 211
2725 | 2944 | GX8719 | QUVC Running | 221
2729 | 2729 | WB9472 | AUQI Running | 254
2734 | 2734 | PQ7150 | NPRF Running | 238
2755 | 2974 | SN9875 | QUVC Running | 349
2759 | 2759 | WB9472 | AUQI Running | 224
2763 | 2763 | VV2012 | GAOO Running | 456
2764 | 2764 | DK8977 | QUVC Waiting | 446
2764 | 2764 | PQ7150 | NPRF Running | 208
2772 | 2793 | SB6237 | GAOO Running | 335
2789 | 2789 | WB9472 | AUQI Running | 194
2793 | 2823 | VV2012 | GAOO Running | 426
2794 | 2794 | PQ7150 | NPRF Running | 178
2794 | 3004 | UC2715 | QUVC Running | 215
2815 | 2815 | ZS4171 | CNO Waiting | 65
2819 | 2819 | WB9472 | AUQI Running | 164
2823 | 2853 | SB6237 | GAOO Running | 305
2824 | 2824 | PQ7150 | NPRF Running | 148
2824 | 3034 | YT4676 | QUVC Running | 245
2849 | 2849 | WB9472 | AUQI Running | 134
2850 | 2850 | JH7378 | XSL Running | 97
2853 | 2883 | VV2012 | GAOO Running | 396
2854 | 3064 | FT6424 | QUVC Running | 107
2854 | 2854 | PQ7150 | NPRF Running | 118
2857 | 2857 | VR9975 | GPE Waiting | 308
2879 | 2879 | WB9472 | AUQI Running | 104
2880 | 2880 | ZS4171 | CNO Running | 488
2883 | 2913 | SB6237 | GAOO Running | 275
2884 | 3094 | CO8265 | QUVC Running | 109
2884 | 2884 | PQ7150 | NPRF Running | 88
2909 | 2909 | WB9472 | AUQI Running | 74
2913 | 2943 | VV2012 | GAOO Running | 366
2914 | 3124 | JI3242 | QUVC Running | 93
2914 | 2914 | PQ7150 | NPRF Running | 58
2922 | 2973 | ZO8811 | GAOO Running | 117
2932 | 2939 | BZ4125 | AUQI Running | 234
2939 | 2969 | WB9472 | AUQI Running | 44
2943 | 3003 | SB6237 | GAOO Running | 245
2944 | 2944 | PQ7150 | NPRF Running | 28
2944 | 3154 | WI9492 | QUVC Running | 33
2947 | 2947 | JH7378 | XSL Waiting | 277
2969 | 2999 | BZ4125 | AUQI Running | 204
2972 | 2972 | PQ7150 | NPRF Waiting | 304
2973 | 3033 | VV2012 | GAOO Running | 336
2974 | 3184 | GX8719 | QUVC Running | 191
2999 | 3029 | WB9472 | AUQI Running | 14
3003 | 3063 | ZO8811 | GAOO Running | 87
3004 | 3214 | SN9875 | QUVC Running | 319
3029 | 3043 | BZ4125 | AUQI Running | 174
3033 | 3093 | SB6237 | GAOO Running | 215
3034 | 3244 | UC2715 | QUVC Running | 185
3043 | 3043 | WB9472 | AUQI Waiting | 13
3056 | 3073 | WB9472 | AUQI Running | 180
3063 | 3123 | VV2012 | GAOO Running | 306
3064 | 3274 | YT4676 | QUVC Running | 215
3073 | 3103 | BZ4125 | AUQI Running | 144
3093 | 3153 | ZO8811 | GAOO Running | 57
3094 | 3304 | FT6424 | QUVC Running | 77
3103 | 3133 | WB9472 | AUQI Running | 150
3123 | 3183 | SB6237 | GAOO Running | 185
3124 | 3334 | CO8265 | QUVC Running | 79
3125 | 3125 | BV5379 | LGU Running | 326
3133 | 3163 | BZ4125 | AUQI Running | 114
3149 | 3149 | JT9188 | GPE Waiting | 357
3153 | 3213 | VV2012 | GAOO Running | 276
3154 | 3364 | JI3242 | QUVC Running | 63
3163 | 3193 | WB9472 | AUQI Running | 120
3165 | 3165 | VR9975 | GPE Running | 498
3183 | 3243 | ZO8811 | GAOO Running | 27
3184 | 3394 | WI9492 | QUVC Running | 3
3193 | 3223 | BZ4125 | AUQI Running | 84
3210 | 3397 | DK8977 | QUVC Running | 31
3213 | 3270 | SB6237 | GAOO Running | 155
3214 | 3427 | GX8719 | QUVC Running | 161
3223 | 3253 | WB9472 | AUQI Running | 90
3224 | 3224 | JH7378 | XSL Running | 154
3243 | 3300 | VV2012 | GAOO Running | 246
3244 | 3457 | SN9875 | QUVC Running | 289
3253 | 3283 | BZ4125 | AUQI Running | 54
3270 | 3270 | ZO8811 | GAOO Waiting | 493
3274 | 3487 | UC2715 | QUVC Running | 155
3276 | 3276 | PQ7150 | NPRF Running | 85
3283 | 3313 | WB9472 | AUQI Running | 60
3300 | 3330 | SB6237 | GAOO Running | 125
3304 | 3517 | YT4676 | QUVC Running | 185
3306 | 3306 | PQ7150 | NPRF Running | 55
3313 | 3343 | BZ4125 | AUQI Running | 24
3330 | 3360 | VV2012 | GAOO Running | 216
3334 | 3547 | FT6424 | QUVC Running | 47
3336 | 3336 | PQ7150 | NPRF Running | 25
3343 | 3367 | WB9472 | AUQI Running | 30
3360 | 3390 | SB6237 | GAOO Running | 95
3361 | 3361 | PQ7150 | EBF Running | 31
3364 | 3577 | CO8265 | QUVC Running | 49
3367 | 3367 | BZ4125 | AUQI Waiting | 234
3368 | 3368 | ZS4171 | NPRF Running | 29
3378 | 3397 | JH7378 | NPRF Running | 465
3390 | 3420 | VV2012 | GAOO Running | 186
3392 | 3392 | PQ7150 | EBF Waiting | 54
3394 | 3607 | JI3242 | QUVC Running | 33
3397 | 3397 | WB9472 | SYL Running | 277
3397 | 3397 | WI9492 | QUVC Waiting | 29
3397 | 3397 | ZS4171 | NPRF Waiting | 136
3420 | 3450 | SB6237 | GAOO Running | 65
3426 | 3637 | WI9492 | QUVC Running | 17
3427 | 3654 | DK8977 | QUVC Running | 1
3427 | 3427 | JH7378 | NPRF Running | 435
3446 | 3446 | PQ7150 | EBF Running | 369
3450 | 3480 | VV2012 | GAOO Running | 156
3451 | 3451 | BV5379 | LGU Waiting | 451
3457 | 3655 | GX8719 | QUVC Running | 131
3457 | 3457 | JH7378 | NPRF Running | 405
3480 | 3510 | SB6237 | GAOO Running | 35
3487 | 3487 | JH7378 | NPRF Running | 375
3487 | 3685 | SN9875 | QUVC Running | 259
3506 | 3663 | JT9188 | GPE Running | 301
3510 | 3540 | VV2012 | GAOO Running | 126
3517 | 3517 | JH7378 | NPRF Running | 345
3517 | 3715 | UC2715 | QUVC Running | 125
3533 | 3547 | ZS4171 | NPRF Running | 182
3540 | 3570 | SB6237 | GAOO Running | 5
3547 | 3577 | JH7378 | NPRF Running | 315
3547 | 3745 | YT4676 | QUVC Running | 155
3570 | 3575 | VV2012 | GAOO Running | 96
3575 | 3575 | SB6237 | GAOO Waiting | 448
3577 | 3775 | FT6424 | QUVC Running | 17
3577 | 3607 | ZS4171 | NPRF Running | 152
3601 | 3601 | BZ4125 | AUQI Running | 310
3605 | 3605 | VV2012 | GAOO Running | 66
3607 | 3792 | CO8265 | QUVC Running | 19
3607 | 3637 | JH7378 | NPRF Running | 285
3631 | 3631 | BZ4125 | AUQI Running | 280
3635 | 3635 | VV2012 | GAOO Running | 36
3637 | 3811 | JI3242 | QUVC Running | 3
3637 | 3667 | ZS4171 | NPRF Running | 122
3654 | 3654 | WI9492 | DXM Running | 217
3655 | 3655 | DK8977 | VYZ Running | 21
3661 | 3661 | BZ4125 | AUQI Running | 250
3663 | 3663 | VR9975 | GPE Waiting | 206
3665 | 3665 | VV2012 | GAOO Running | 6
3667 | 3697 | JH7378 | NPRF Running | 255
3671 | 3671 | VV2012 | AGK Running | 391
3674 | 3674 | WB9472 | SYL Waiting | 340
3676 | 3676 | DK8977 | VYZ Waiting | 379
3685 | 3814 | GX8719 | QUVC Running | 101
3691 | 3691 | BZ4125 | AUQI Running | 220
3697 | 3727 | ZS4171 | NPRF Running | 92
3715 | 3844 | SN9875 | QUVC Running | 229
3721 | 3721 | BZ4125 | AUQI Running | 190
3727 | 3757 | JH7378 | NPRF Running | 225
3745 | 3874 | UC2715 | QUVC Running | 95
3751 | 3751 | BZ4125 | AUQI Running | 160
3757 | 3787 | ZS4171 | NPRF Running | 62
3763 | 3763 | ZO8811 | GAOO Running | 414
3775 | 3904 | YT4676 | QUVC Running | 125
3781 | 3781 | BZ4125 | AUQI Running | 130
3787 | 3817 | JH7378 | NPRF Running | 195
3792 | 3792 | FT6424 | VYZ Running | 148
3793 | 3793 | ZO8811 | GAOO Running | 384
3811 | 3811 | CO8265 | QUVC Waiting | 455
3811 | 3811 | BZ4125 | AUQI Running | 100
3814 | 3871 | JI3242 | DXM Running | 27
3815 | 3815 | PQ7150 | EBF Waiting | 244
3817 | 3847 | ZS4171 | NPRF Running | 32
3823 | 3823 | ZO8811 | GAOO Running | 354
3841 | 3841 | BZ4125 | AUQI Running | 70
3844 | 3934 | GX8719 | QUVC Running | 71
3847 | 3877 | JH7378 | NPRF Running | 165
3853 | 3853 | ZO8811 | GAOO Running | 324
3869 | 3964 | VR9975 | GPE Running | 129
3871 | 3871 | WI9492 | DXM Waiting | 311
3871 | 3871 | BZ4125 | AUQI Running | 40
3874 | 3964 | SN9875 | QUVC Running | 199
3877 | 3907 | ZS4171 | NPRF Running | 2
3883 | 3883 | ZO8811 | GAOO Running | 294
3898 | 3898 | JI3242 | DXM Waiting | 325
3901 | 3901 | BZ4125 | AUQI Running | 10
3902 | 3902 | BV5379 | LGU Running | 293
3904 | 3994 | UC2715 | QUVC Running | 65
3907 | 3909 | JH7378 | NPRF Running | 135
3909 | 3909 | ZS4171 | DZX Running | 302
3911 | 3911 | BZ4125 | FSP Running | 234
3913 | 3913 | ZO8811 | GAOO Running | 264
3934 | 4024 | YT4676 | QUVC Running | 95
3939 | 3939 | JH7378 | NPRF Running | 105
3940 | 3940 | FT6424 | VYZ Waiting | 341
3943 | 3943 | ZO8811 | GAOO Running | 234
3964 | 3969 | JT9188 | NPRF Running | 186
3964 | 4054 | GX8719 | QUVC Running | 41
3969 | 3999 | JH7378 | NPRF Running | 75
3973 | 3973 | ZO8811 | GAOO Running | 204
3994 | 4084 | SN9875 | QUVC Running | 169
3999 | 4029 | JT9188 | NPRF Running | 156
4003 | 4003 | ZO8811 | GAOO Running | 174
4014 | 4014 | WB9472 | SYL Running | 159
4023 | 4033 | SB6237 | GAOO Running | 43
4024 | 4114 | UC2715 | QUVC Running | 35
4029 | 4059 | JH7378 | NPRF Running | 45
4033 | 4063 | ZO8811 | GAOO Running | 144
4054 | 4144 | YT4676 | QUVC Running | 65
4055 | 4055 | DK8977 | VYZ Running | 417
4059 | 4059 | PQ7150 | EBF Running | 465
4059 | 4089 | JT9188 | NPRF Running | 126
4062 | 4062 | VV2012 | AGK Waiting | 167
4063 | 4093 | SB6237 | GAOO Running | 13
4084 | 4174 | GX8719 | QUVC Running | 11
4089 | 4119 | JH7378 | NPRF Running | 15
4093 | 4134 | VR9975 | NPRF Running | 149
4093 | 4106 | ZO8811 | GAOO Running | 114
4106 | 4106 | SB6237 | CSW Running | 273
4114 | 4185 | SN9875 | QUVC Running | 139
4119 | 4164 | JT9188 | NPRF Running | 96
4134 | 4134 | JH7378 | NPRF Waiting | 457
4136 | 4136 | ZO8811 | GAOO Running | 84
4144 | 4215 | UC2715 | QUVC Running | 5
4145 | 4145 | BZ4125 | FSP Waiting | 405
4164 | 4194 | VR9975 | NPRF Running | 119
4166 | 4166 | ZO8811 | GAOO Running | 54
4173 | 4173 | WB9472 | SYL Waiting | 31
4174 | 4220 | YT4676 | QUVC Running | 35
4182 | 4182 | WI9492 | DXM Running | 249
4185 | 4472 | GX8719 | VYZ Running | 118
4194 | 4224 | JT9188 | NPRF Running | 66
4195 | 4195 | BV5379 | LGU Waiting | 405
4196 | 4196 | ZO8811 | GAOO Running | 24
4204 | 4204 | WB9472 | SYL Running | 39
4211 | 4211 | ZS4171 | DZX Waiting | 421
4215 | 4250 | SN9875 | QUVC Running | 109
4220 | 4220 | UC2715 | QUVC Waiting | 53
4220 | 4379 | ZO8811 | CSW Running | 446
4223 | 4431 | JI3242 | DXM Running | 239
4224 | 4254 | VR9975 | NPRF Running | 89
4229 | 4229 | VV2012 | AGK Running | 253
4243 | 4243 | WB9472 | SYL Waiting | 445
4250 | 4280 | YT4676 | QUVC Running | 5
4254 | 4284 | JT9188 | NPRF Running | 36
4266 | 4285 | CO8265 | QUVC Running | 482
4273 | 4315 | UC2715 | QUVC Running | 231
4280 | 4345 | SN9875 | QUVC Running | 79
4281 | 4590 | FT6424 | VYZ Running | 384
4284 | 4314 | VR9975 | NPRF Running | 59
4285 | 4974 | YT4676 | VYZ Running | 425
4314 | 4344 | JT9188 | NPRF Running | 6
4315 | 4375 | CO8265 | QUVC Running | 452
4344 | 4350 | VR9975 | NPRF Running | 29
4345 | 4405 | UC2715 | QUVC Running | 201
4350 | 4350 | JT9188 | NPRF Waiting | 470
4375 | 4435 | SN9875 | QUVC Running | 49
4379 | 4379 | SB6237 | CSW Waiting | 453
4379 | 4379 | VR9975 | NPRF Waiting | 283
4405 | 4465 | CO8265 | QUVC Running | 422
4431 | 4431 | WI9492 | DXM Waiting | 485
4435 | 4495 | UC2715 | QUVC Running | 171
4465 | 4525 | SN9875 | QUVC Running | 19
4472 | 4472 | DK8977 | VYZ Waiting | 263
4482 | 4482 | VV2012 | AGK Waiting | 24
4495 | 4544 | CO8265 | QUVC Running | 392
4506 | 4506 | VV2012 | AGK Running | 52
4524 | 4524 | PQ7150 | EBF Waiting | 266
4525 | 4574 | UC2715 | QUVC Running | 141
4544 | 4544 | SN9875 | LGU Running | 122
4550 | 4550 | BZ4125 | FSP Running | 168
4558 | 4558 | VV2012 | AGK Waiting | 398
4574 | 4604 | CO8265 | QUVC Running | 362
4590 | 4590 | GX8719 | VYZ Waiting | 155
4591 | 4591 | JH7378 | NPRF Running | 414
4600 | 4666 | BV5379 | LGU Running | 98
4604 | 4634 | UC2715 | QUVC Running | 111
4621 | 4621 | JH7378 | NPRF Running | 384
4632 | 4632 | ZS4171 | DZX Running | 311
4634 | 4664 | CO8265 | QUVC Running | 332
4651 | 4651 | JH7378 | NPRF Running | 354
4662 | 4681 | VR9975 | NPRF Running | 4
4664 | 4694 | UC2715 | QUVC Running | 81
4666 | 4666 | SN9875 | LGU Waiting | 280
4670 | 4670 | JI3242 | DXM Waiting | 230
4681 | 4685 | JH7378 | NPRF Running | 324
4685 | 4685 | VR9975 | WWD Running | 229
4688 | 4688 | WB9472 | SYL Running | 4
4692 | 4692 | WB9472 | AUQI Running | 105
4694 | 4724 | CO8265 | QUVC Running | 302
4715 | 4715 | JH7378 | NPRF Running | 294
4718 | 4718 | BZ4125 | FSP Waiting | 293
4722 | 4722 | WB9472 | AUQI Running | 75
4724 | 4754 | UC2715 | QUVC Running | 51
4735 | 5399 | DK8977 | VYZ Running | 186
4745 | 5585 | GX8719 | VYZ Running | 392
4745 | 4745 | JH7378 | NPRF Running | 264
4752 | 4752 | WB9472 | AUQI Running | 45
4754 | 4784 | CO8265 | QUVC Running | 272
4764 | 4814 | BV5379 | QUVC Running | 186
4775 | 4775 | JH7378 | NPRF Running | 234
4782 | 4782 | WB9472 | AUQI Running | 15
4784 | 4844 | UC2715 | QUVC Running | 21
4790 | 4790 | PQ7150 | EBF Running | 484
4797 | 4797 | WB9472 | Finished | 0
4805 | 4805 | JH7378 | NPRF Running | 204
4814 | 4865 | CO8265 | QUVC Running | 242
4820 | 4835 | JT9188 | NPRF Running | 314
4825 | 4825 | ZO8811 | CSW Waiting | 379
4832 | 4832 | SB6237 | CSW Running | 252
4835 | 4865 | JH7378 | NPRF Running | 174
4844 | 4895 | BV5379 | QUVC Running | 156
4865 | 5977 | UC2715 | VYZ Running | 314
4865 | 4895 | JT9188 | NPRF Running | 284
4895 | 4925 | CO8265 | QUVC Running | 212
4895 | 4925 | JH7378 | NPRF Running | 144
4900 | 4900 | JI3242 | DXM Running | 195
4914 | 4914 | VR9975 | WWD Waiting | 251
4916 | 5095 | WI9492 | DXM Running | 166
4925 | 4955 | BV5379 | QUVC Running | 126
4925 | 4955 | JT9188 | NPRF Running | 254
4943 | 4943 | ZS4171 | DZX Waiting | 318
4946 | 4946 | SN9875 | LGU Running | 391
4955 | 4985 | CO8265 | QUVC Running | 182
4955 | 4985 | JH7378 | NPRF Running | 114
4956 | 4956 | VV2012 | AGK Running | 434
4974 | 4974 | FT6424 | VYZ Waiting | 451
4985 | 5015 | BV5379 | QUVC Running | 96
4985 | 5015 | JT9188 | NPRF Running | 224
5011 | 5011 | BZ4125 | FSP Running | 124
5015 | 5045 | CO8265 | QUVC Running | 152
5015 | 5045 | JH7378 | NPRF Running | 84
5045 | 5075 | BV5379 | QUVC Running | 66
5045 | 5075 | JT9188 | NPRF Running | 194
5075 | 5105 | CO8265 | QUVC Running | 122
5075 | 5105 | JH7378 | NPRF Running | 54
5084 | 5084 | SB6237 | CSW Waiting | 343
5095 | 5095 | JI3242 | DXM Waiting | 478
5105 | 5135 | BV5379 | QUVC Running | 36
5105 | 5135 | JT9188 | NPRF Running | 164
5135 | 5135 | BZ4125 | FSP Waiting | 154
5135 | 5165 | CO8265 | QUVC Running | 92
5135 | 5165 | JH7378 | NPRF Running | 24
5165 | 5165 | VR9975 | WWD Running | 257
5165 | 5195 | BV5379 | QUVC Running | 6
5165 | 5189 | JT9188 | NPRF Running | 134
5189 | 5189 | JH7378 | CNO Running | 401
5195 | 5201 | CO8265 | QUVC Running | 62
5201 | 5201 | BV5379 | QUVC Waiting | 466
5204 | 5204 | ZO8811 | CSW Running | 451
5219 | 5219 | JT9188 | NPRF Running | 104
5231 | 5231 | CO8265 | QUVC Running | 32
5249 | 5249 | JT9188 | NPRF Running | 74
5261 | 5261 | WI9492 | DXM Waiting | 327
5261 | 5261 | ZS4171 | DZX Running | 9
5261 | 5261 | CO8265 | QUVC Running | 2
5263 | 5337 | CO8265 | LGU Running | 183
5270 | 5270 | ZS4171 | DZX Waiting | 31
5274 | 5279 | PQ7150 | NPRF Running | 364
5279 | 5309 | JT9188 | NPRF Running | 44
5289 | 5289 | BZ4125 | FSP Running | 285
5301 | 5301 | ZS4171 | DZX Running | 336
5309 | 5339 | PQ7150 | NPRF Running | 334
5337 | 5337 | SN9875 | LGU Waiting | 11
5339 | 5369 | JT9188 | NPRF Running | 14
5348 | 5520 | SN9875 | LGU Running | 416
5369 | 5383 | PQ7150 | NPRF Running | 304
5383 | 5383 | JT9188 | XSL Running | 225
5390 | 5390 | VV2012 | GAOO Running | 84
5399 | 5399 | YT4676 | VYZ Waiting | 418
5413 | 5413 | PQ7150 | NPRF Running | 274
5420 | 5420 | VV2012 | GAOO Running | 54
5422 | 5422 | VR9975 | WWD Waiting | 182
5425 | 6291 | FT6424 | VYZ Running | 389
5427 | 5655 | SB6237 | CSW Running | 305
5443 | 5443 | PQ7150 | NPRF Running | 244
5450 | 5450 | VV2012 | GAOO Running | 24
5473 | 5473 | PQ7150 | NPRF Running | 214
5474 | 5474 | VV2012 | Finished | 0
5503 | 5503 | PQ7150 | NPRF Running | 184
5520 | 5520 | CO8265 | LGU Waiting | 416
5533 | 5533 | PQ7150 | NPRF Running | 154
5563 | 5563 | PQ7150 | NPRF Running | 124
5573 | 5573 | JI3242 | DXM Running | 155
5574 | 5574 | BZ4125 | AUQI Running | 376
5585 | 5585 | DK8977 | VYZ Waiting | 293
5588 | 5728 | WI9492 | DXM Running | 165
5590 | 5590 | JH7378 | CNO Waiting | 322
5593 | 5593 | PQ7150 | NPRF Running | 94
5604 | 5604 | VR9975 | WWD Running | 118
5604 | 5604 | BZ4125 | AUQI Running | 346
5608 | 5608 | JT9188 | XSL Waiting | 127
5623 | 5623 | PQ7150 | NPRF Running | 64
5634 | 5634 | BZ4125 | AUQI Running | 316
5637 | 5653 | ZS4171 | NPRF Running | 432
5653 | 5683 | PQ7150 | NPRF Running | 34
5655 | 5655 | ZO8811 | CSW Waiting | 491
5664 | 5664 | BZ4125 | AUQI Running | 286
5667 | 5667 | BV5379 | QUVC Running | 134
5683 | 5713 | ZS4171 | NPRF Running | 402
5694 | 5694 | BZ4125 | AUQI Running | 256
5697 | 5697 | BV5379 | QUVC Running | 104
5713 | 5743 | PQ7150 | NPRF Running | 4
5722 | 5722 | VR9975 | WWD Waiting | 3
5724 | 5724 | BZ4125 | AUQI Running | 226
5725 | 5725 | VR9975 | WWD Running | 132
5727 | 5727 | BV5379 | QUVC Running | 74
5728 | 5757 | JI3242 | QUVC Running | 239
5735 | 5735 | JT9188 | XSL Running | 53
5743 | 5747 | ZS4171 | NPRF Running | 372
5747 | 5747 | PQ7150 | Finished | 0
5754 | 5754 | BZ4125 | AUQI Running | 196
5757 | 5787 | BV5379 | QUVC Running | 44
5777 | 5777 | ZS4171 | NPRF Running | 342
5784 | 5784 | BZ4125 | AUQI Running | 166
5787 | 5817 | JI3242 | QUVC Running | 209
5788 | 5788 | JT9188 | XSL Waiting | 289
5807 | 5807 | ZS4171 | NPRF Running | 312
5814 | 5814 | BZ4125 | AUQI Running | 136
5817 | 6680 | YT4676 | VYZ Running | 363
5817 | 5847 | BV5379 | QUVC Running | 14
5837 | 5837 | ZS4171 | NPRF Running | 282
5844 | 5844 | BZ4125 | AUQI Running | 106
5847 | 5861 | JI3242 | QUVC Running | 179
5857 | 5867 | VR9975 | NPRF Running | 226
5861 | 5893 | BV5379 | DXM Running | 127
5867 | 5897 | ZS4171 | NPRF Running | 252
5874 | 5874 | BZ4125 | AUQI Running | 76
5878 | 7043 | DK8977 | VYZ Running | 8
5891 | 5891 | JI3242 | QUVC Running | 149
5893 | 5921 | WI9492 | QUVC Running | 456
5897 | 5927 | VR9975 | NPRF Running | 196
5904 | 5904 | BZ4125 | AUQI Running | 46
5912 | 5912 | JH7378 | CNO Running | 211
5921 | 5951 | JI3242 | QUVC Running | 119
5927 | 5957 | ZS4171 | NPRF Running | 222
5934 | 5934 | BZ4125 | AUQI Running | 16
5936 | 5936 | CO8265 | LGU Running | 254
5936 | 5936 | SN9875 | LGU Waiting | 341
5950 | 5950 | BZ4125 | Finished | 0
5951 | 5981 | WI9492 | QUVC Running | 426
5957 | 5987 | VR9975 | NPRF Running | 166
5960 | 5960 | SB6237 | CSW Waiting | 334
5977 | 5977 | GX8719 | VYZ Waiting | 495
5981 | 6011 | JI3242 | QUVC Running | 89
5987 | 6017 | ZS4171 | NPRF Running | 192
6011 | 6041 | WI9492 | QUVC Running | 396
6017 | 6047 | VR9975 | NPRF Running | 136
6020 | 6020 | BV5379 | DXM Waiting | 263
6041 | 6071 | JI3242 | QUVC Running | 59
6047 | 6077 | ZS4171 | NPRF Running | 162
6071 | 6101 | WI9492 | QUVC Running | 366
6077 | 6077 | JT9188 | XSL Running | 43
6077 | 6107 | VR9975 | NPRF Running | 106
6101 | 6131 | JI3242 | QUVC Running | 29
6107 | 6137 | ZS4171 | NPRF Running | 132
6120 | 6120 | JT9188 | XSL Waiting | 481
6123 | 6123 | JH7378 | CNO Waiting | 129
6131 | 6160 | WI9492 | QUVC Running | 336
6137 | 6167 | VR9975 | NPRF Running | 76
6146 | 6146 | ZO8811 | CSW Running | 286
6160 | 6160 | JI3242 | QUVC Waiting | 157
6167 | 6197 | ZS4171 | NPRF Running | 102
6190 | 6190 | CO8265 | LGU Waiting | 257
6190 | 6190 | WI9492 | QUVC Running | 306
6197 | 6227 | VR9975 | NPRF Running | 46
6220 | 6220 | WI9492 | QUVC Running | 276
6227 | 6257 | ZS4171 | NPRF Running | 72
6250 | 6250 | WI9492 | QUVC Running | 246
6252 | 6252 | JH7378 | CNO Running | 87
6257 | 6287 | VR9975 | NPRF Running | 16
6277 | 6277 | SN9875 | LGU Running | 295
6280 | 6280 | WI9492 | QUVC Running | 216
6283 | 6283 | BV5379 | DXM Running | 299
6287 | 6303 | ZS4171 | NPRF Running | 42
6291 | 6291 | UC2715 | VYZ Waiting | 470
6294 | 6432 | SB6237 | CSW Running | 445
6303 | 6303 | VR9975 | Finished | 0
6310 | 6310 | WI9492 | QUVC Running | 186
6317 | 6340 | JI3242 | QUVC Running | 431
6333 | 6333 | ZS4171 | NPRF Running | 12
6339 | 6339 | JH7378 | CNO Waiting | 31
6340 | 6370 | WI9492 | QUVC Running | 156
6345 | 6345 | ZS4171 | Finished | 0
6370 | 6370 | JH7378 | CNO Running | 251
6370 | 6400 | JI3242 | QUVC Running | 401
6400 | 6430 | WI9492 | QUVC Running | 126
6430 | 6460 | JI3242 | QUVC Running | 371
6432 | 6432 | ZO8811 | CSW Waiting | 61
6447 | 6572 | CO8265 | LGU Running | 441
6460 | 6490 | WI9492 | QUVC Running | 96
6472 | 7051 | GX8719 | VYZ Running | 194
6490 | 6520 | JI3242 | QUVC Running | 341
6493 | 6877 | ZO8811 | CSW Running | 55
6520 | 6550 | WI9492 | QUVC Running | 66
6550 | 6580 | JI3242 | QUVC Running | 311
6572 | 6610 | SN9875 | QUVC Running | 452
6580 | 6640 | WI9492 | QUVC Running | 36
6582 | 6582 | BV5379 | DXM Waiting | 388
6601 | 6601 | JT9188 | XSL Running | 17
6610 | 6670 | JI3242 | QUVC Running | 281
6618 | 6618 | JT9188 | NPRF Running | 497
6621 | 6648 | JH7378 | NPRF Running | 420
6640 | 6700 | SN9875 | QUVC Running | 422
6648 | 6678 | JT9188 | NPRF Running | 467
6670 | 6730 | WI9492 | QUVC Running | 6
6678 | 6708 | JH7378 | NPRF Running | 390
6680 | 6680 | FT6424 | VYZ Waiting | 145
6700 | 6736 | JI3242 | QUVC Running | 251
6708 | 6738 | JT9188 | NPRF Running | 437
6730 | 6766 | SN9875 | QUVC Running | 392
6736 | 6736 | WI9492 | QUVC Waiting | 432
6738 | 6768 | JH7378 | NPRF Running | 360
6761 | 7245 | UC2715 | VYZ Running | 442
6766 | 6796 | JI3242 | QUVC Running | 221
6768 | 6798 | JT9188 | NPRF Running | 407
6796 | 6826 | SN9875 | QUVC Running | 362
6798 | 6828 | JH7378 | NPRF Running | 330
6825 | 7687 | FT6424 | VYZ Running | 249
6826 | 6856 | JI3242 | QUVC Running | 191
6828 | 6858 | JT9188 | NPRF Running | 377
6856 | 6886 | SN9875 | QUVC Running | 332
6858 | 6888 | JH7378 | NPRF Running | 300
6877 | 6877 | SB6237 | GAOO Running | 132
6886 | 6916 | JI3242 | QUVC Running | 161
6888 | 6918 | JT9188 | NPRF Running | 347
6907 | 6907 | SB6237 | GAOO Running | 102
6916 | 6946 | SN9875 | QUVC Running | 302
6918 | 6948 | JH7378 | NPRF Running | 270
6932 | 6937 | ZO8811 | GAOO Running | 424
6937 | 6967 | SB6237 | GAOO Running | 72
6946 | 6976 | JI3242 | QUVC Running | 131
6948 | 6978 | JT9188 | NPRF Running | 317
6967 | 6997 | ZO8811 | GAOO Running | 394
6970 | 6970 | BV5379 | DXM Running | 462
6976 | 7006 | SN9875 | QUVC Running | 272
6978 | 7008 | JH7378 | NPRF Running | 240
6997 | 7027 | SB6237 | GAOO Running | 42
7006 | 7036 | JI3242 | QUVC Running | 101
7008 | 7038 | JT9188 | NPRF Running | 287
7013 | 7013 | CO8265 | LGU Waiting | 204
7027 | 7057 | ZO8811 | GAOO Running | 364
7036 | 7066 | SN9875 | QUVC Running | 242
7038 | 7068 | JH7378 | NPRF Running | 210
7043 | 7043 | YT4676 | VYZ Waiting | 131
7051 | 7096 | DK8977 | QUVC Running | 121
7057 | 7087 | SB6237 | GAOO Running | 12
7066 | 7126 | JI3242 | QUVC Running | 71
7068 | 7098 | JT9188 | NPRF Running | 257
7087 | 7099 | ZO8811 | GAOO Running | 334
7096 | 7156 | SN9875 | QUVC Running | 212
7098 | 7128 | JH7378 | NPRF Running | 180
7099 | 7099 | SB6237 | Finished | 0
7126 | 7186 | DK8977 | QUVC Running | 91
7128 | 7158 | JT9188 | NPRF Running | 227
7129 | 7129 | ZO8811 | GAOO Running | 304
7156 | 7216 | JI3242 | QUVC Running | 41
7158 | 7188 | JH7378 | NPRF Running | 150
7159 | 7159 | ZO8811 | GAOO Running | 274
7168 | 7246 | WI9492 | QUVC Running | 376
7174 | 7936 | YT4676 | VYZ Running | 144
7186 | 7276 | SN9875 | QUVC Running | 182
7188 | 7218 | JT9188 | NPRF Running | 197
7189 | 7189 | ZO8811 | GAOO Running | 244
7216 | 7306 | DK8977 | QUVC Running | 61
7217 | 7217 | CO8265 | LGU Running | 494
7218 | 7248 | JH7378 | NPRF Running | 120
7219 | 7219 | ZO8811 | GAOO Running | 214
7245 | 7245 | GX8719 | VYZ Waiting | 77
7246 | 7336 | JI3242 | QUVC Running | 11
7248 | 7278 | JT9188 | NPRF Running | 167
7249 | 7249 | ZO8811 | GAOO Running | 184
7276 | 7347 | WI9492 | QUVC Running | 346
7278 | 7308 | JH7378 | NPRF Running | 90
7279 | 7279 | ZO8811 | GAOO Running | 154
7306 | 7377 | SN9875 | QUVC Running | 152
7308 | 7338 | JT9188 | NPRF Running | 137
7309 | 7309 | ZO8811 | GAOO Running | 124
7322 | 8080 | GX8719 | VYZ Running | 53
7336 | 7407 | DK8977 | QUVC Running | 31
7338 | 7368 | JH7378 | NPRF Running | 60
7339 | 7339 | ZO8811 | GAOO Running | 94
7347 | 7711 | JI3242 | LGU Running | 380
7368 | 7398 | JT9188 | NPRF Running | 107
7369 | 7369 | ZO8811 | GAOO Running | 64
7377 | 7437 | WI9492 | QUVC Running | 316
7398 | 7428 | JH7378 | NPRF Running | 30
7399 | 7399 | ZO8811 | GAOO Running | 34
7407 | 7467 | SN9875 | QUVC Running | 122
7428 | 7458 | JT9188 | NPRF Running | 77
7429 | 7429 | ZO8811 | GAOO Running | 4
7432 | 7432 | BV5379 | DXM Waiting | 407
7433 | 7433 | ZO8811 | Finished | 0
7437 | 7497 | DK8977 | QUVC Running | 1
7458 | 7458 | JH7378 | Finished | 0
7467 | 7498 | WI9492 | QUVC Running | 286
7488 | 7488 | JT9188 | NPRF Running | 47
7497 | 7528 | SN9875 | QUVC Running | 92
7498 | 7498 | DK8977 | QUVC Waiting | 218
7518 | 7518 | JT9188 | NPRF Running | 17
7528 | 7558 | WI9492 | QUVC Running | 256
7535 | 7535 | JT9188 | Finished | 0
7558 | 7588 | SN9875 | QUVC Running | 62
7588 | 7618 | WI9492 | QUVC Running | 226
7618 | 7648 | SN9875 | QUVC Running | 32
7648 | 7678 | WI9492 | QUVC Running | 196
7678 | 7708 | SN9875 | QUVC Running | 2
7687 | 7687 | UC2715 | VYZ Waiting | 228
7708 | 7710 | WI9492 | QUVC Running | 166
7710 | 7710 | SN9875 | QUVC Waiting | 129
7711 | 7740 | CO8265 | QUVC Running | 310
7716 | 7770 | DK8977 | QUVC Running | 310
7740 | 7800 | WI9492 | QUVC Running | 136
7770 | 7830 | CO8265 | QUVC Running | 280
7800 | 7860 | DK8977 | QUVC Running | 280
7830 | 7890 | WI9492 | QUVC Running | 106
7839 | 7839 | BV5379 | DXM Running | 145
7839 | 7920 | SN9875 | QUVC Running | 280
7860 | 7950 | CO8265 | QUVC Running | 250
7890 | 7980 | DK8977 | QUVC Running | 250
7915 | 8133 | UC2715 | VYZ Running | 493
7920 | 8010 | WI9492 | QUVC Running | 76
7936 | 8040 | FT6424 | QUVC Running | 66
7950 | 8070 | SN9875 | QUVC Running | 250
7980 | 8100 | CO8265 | QUVC Running | 220
7984 | 8130 | BV5379 | QUVC Running | 69
8010 | 8160 | DK8977 | QUVC Running | 220
8040 | 8190 | WI9492 | QUVC Running | 46
8070 | 8220 | FT6424 | QUVC Running | 36
8080 | 8080 | YT4676 | VYZ Waiting | 175
8091 | 8091 | JI3242 | LGU Waiting | 426
8100 | 8250 | SN9875 | QUVC Running | 220
8130 | 8280 | CO8265 | QUVC Running | 190
8133 | 8310 | GX8719 | QUVC Running | 255
8160 | 8340 | BV5379 | QUVC Running | 39
8190 | 8370 | DK8977 | QUVC Running | 190
8220 | 8400 | WI9492 | QUVC Running | 16
8250 | 8416 | FT6424 | QUVC Running | 6
8255 | 8626 | YT4676 | VYZ Running | 305
8280 | 8422 | SN9875 | QUVC Running | 190
8310 | 8452 | CO8265 | QUVC Running | 160
8340 | 8482 | GX8719 | QUVC Running | 225
8370 | 8512 | BV5379 | QUVC Running | 9
8400 | 8521 | DK8977 | QUVC Running | 160
8416 | 8931 | WI9492 | VYZ Running | 466
8422 | 8422 | FT6424 | QUVC Waiting | 350
8452 | 8551 | SN9875 | QUVC Running | 160
8482 | 8581 | CO8265 | QUVC Running | 130
8512 | 8611 | GX8719 | QUVC Running | 195
8517 | 8517 | JI3242 | LGU Running | 324
8521 | 8521 | BV5379 | Finished | 0
8551 | 8641 | DK8977 | QUVC Running | 130
8581 | 8671 | SN9875 | QUVC Running | 130
8611 | 8701 | CO8265 | QUVC Running | 100
8626 | 8626 | UC2715 | VYZ Waiting | 284
8641 | 8731 | GX8719 | QUVC Running | 165
8671 | 8761 | DK8977 | QUVC Running | 100
8701 | 8791 | SN9875 | QUVC Running | 100
8731 | 8821 | CO8265 | QUVC Running | 70
8761 | 8851 | GX8719 | QUVC Running | 135
8772 | 8881 | FT6424 | QUVC Running | 243
8791 | 8911 | DK8977 | QUVC Running | 70
8821 | 8941 | SN9875 | QUVC Running | 70
8841 | 8841 | JI3242 | LGU Waiting | 400
8851 | 8971 | CO8265 | QUVC Running | 40
8881 | 9001 | GX8719 | QUVC Running | 105
8910 | 9397 | UC2715 | VYZ Running | 439
8911 | 9031 | FT6424 | QUVC Running | 213
8931 | 9061 | YT4676 | QUVC Running | 299
8941 | 9091 | DK8977 | QUVC Running | 40
8971 | 9121 | SN9875 | QUVC Running | 40
9001 | 9151 | CO8265 | QUVC Running | 10
9031 | 9161 | GX8719 | QUVC Running | 75
9061 | 9191 | FT6424 | QUVC Running | 183
9091 | 9221 | YT4676 | QUVC Running | 269
9121 | 9251 | DK8977 | QUVC Running | 10
9151 | 9261 | SN9875 | QUVC Running | 10
9161 | 9161 | CO8265 | QUVC Waiting | 114
9191 | 9271 | GX8719 | QUVC Running | 45
9221 | 9301 | FT6424 | QUVC Running | 153
9241 | 9241 | JI3242 | LGU Running | 168
9251 | 9331 | YT4676 | QUVC Running | 239
9261 | 9409 | DK8977 | LGU Running | 419
9271 | 9836 | SN9875 | VYZ Running | 433
9275 | 9361 | CO8265 | QUVC Running | 140
9301 | 9391 | GX8719 | QUVC Running | 15
9331 | 9406 | FT6424 | QUVC Running | 123
9361 | 9436 | YT4676 | QUVC Running | 209
9391 | 9466 | CO8265 | QUVC Running | 110
9397 | 9397 | WI9492 | VYZ Waiting | 72
9406 | 9406 | GX8719 | QUVC Waiting | 60
9409 | 9409 | JI3242 | LGU Waiting | 22
9431 | 9828 | JI3242 | LGU Running | 324
9436 | 9496 | FT6424 | QUVC Running | 93
9466 | 9526 | GX8719 | QUVC Running | 286
9466 | 9556 | YT4676 | QUVC Running | 179
9469 | 10269 | WI9492 | VYZ Running | 254
9496 | 9586 | CO8265 | QUVC Running | 80
9526 | 9616 | FT6424 | QUVC Running | 63
9556 | 9646 | GX8719 | QUVC Running | 256
9586 | 9676 | YT4676 | QUVC Running | 149
9616 | 9706 | CO8265 | QUVC Running | 50
9646 | 9736 | FT6424 | QUVC Running | 33
9676 | 9766 | GX8719 | QUVC Running | 226
9706 | 9796 | YT4676 | QUVC Running | 119
9736 | 9826 | CO8265 | QUVC Running | 20
9766 | 9846 | FT6424 | QUVC Running | 3
9796 | 9849 | GX8719 | QUVC Running | 196
9826 | 9879 | YT4676 | QUVC Running | 89
9828 | 9828 | DK8977 | LGU Waiting | 393
9836 | 9909 | UC2715 | QUVC Running | 369
9846 | 9846 | CO8265 | DXM Running | 90
9849 | 10152 | FT6424 | LGU Running | 5
9879 | 9939 | GX8719 | QUVC Running | 166
9909 | 9969 | YT4676 | QUVC Running | 59
9936 | 9936 | CO8265 | DXM Waiting | 227
9939 | 9999 | UC2715 | QUVC Running | 339
9969 | 10029 | GX8719 | QUVC Running | 136
9999 | 10059 | YT4676 | QUVC Running | 29
10029 | 10088 | UC2715 | QUVC Running | 309
10059 | 10118 | GX8719 | QUVC Running | 106
10088 | 10088 | YT4676 | QUVC Waiting | 468
10118 | 10148 | UC2715 | QUVC Running | 279
10148 | 10178 | GX8719 | QUVC Running | 76
10152 | 10208 | JI3242 | QUVC Running | 409
10157 | 10157 | FT6424 | LGU Waiting | 449
10163 | 10163 | CO8265 | DXM Running | 454
10178 | 10238 | UC2715 | QUVC Running | 249
10208 | 10268 | GX8719 | QUVC Running | 46
10221 | 10221 | DK8977 | LGU Running | 329
10238 | 10298 | JI3242 | QUVC Running | 379
10268 | 10328 | UC2715 | QUVC Running | 219
10269 | 10269 | SN9875 | VYZ Waiting | 45
10298 | 10358 | GX8719 | QUVC Running | 16
10314 | 10523 | SN9875 | VYZ Running | 93
10328 | 10374 | JI3242 | QUVC Running | 349
10358 | 10404 | UC2715 | QUVC Running | 189
10374 | 10617 | GX8719 | DXM Running | 72
10404 | 10434 | JI3242 | QUVC Running | 319
10434 | 10464 | UC2715 | QUVC Running | 159
10464 | 10494 | JI3242 | QUVC Running | 289
10494 | 10524 | UC2715 | QUVC Running | 129
10523 | 10523 | WI9492 | VYZ Waiting | 361
10524 | 10554 | JI3242 | QUVC Running | 259
10550 | 10550 | DK8977 | LGU Waiting | 421
10554 | 10584 | UC2715 | QUVC Running | 99
10556 | 10614 | YT4676 | QUVC Running | 361
10584 | 10644 | JI3242 | QUVC Running | 229
10606 | 10606 | FT6424 | LGU Running | 437
10614 | 10674 | UC2715 | QUVC Running | 69
10616 | 10616 | SN9875 | VYZ Waiting | 61
10617 | 10617 | CO8265 | DXM Waiting | 157
10644 | 10704 | YT4676 | QUVC Running | 331
10674 | 10734 | JI3242 | QUVC Running | 199
10677 | 10677 | SN9875 | VYZ Running | 400
10689 | 10689 | GX8719 | DXM Waiting | 386
10704 | 10764 | UC2715 | QUVC Running | 39
10734 | 10794 | YT4676 | QUVC Running | 301
10764 | 10824 | JI3242 | QUVC Running | 169
10774 | 10774 | CO8265 | DXM Running | 62
10794 | 10854 | UC2715 | QUVC Running | 9
10824 | 10863 | YT4676 | QUVC Running | 271
10836 | 10836 | CO8265 | DXM Waiting | 204
10854 | 10893 | JI3242 | QUVC Running | 139
10863 | 10863 | UC2715 | QUVC Waiting | 164
10884 | 11077 | WI9492 | VYZ Running | 345
10893 | 10923 | YT4676 | QUVC Running | 241
10923 | 10953 | JI3242 | QUVC Running | 109
10953 | 10983 | YT4676 | QUVC Running | 211
10971 | 11043 | DK8977 | LGU Running | 244
10983 | 11013 | JI3242 | QUVC Running | 79
11013 | 11043 | YT4676 | QUVC Running | 181
11027 | 11073 | UC2715 | QUVC Running | 445
11040 | 11040 | CO8265 | DXM Running | 16
11043 | 11043 | FT6424 | LGU Waiting | 360
11043 | 11103 | JI3242 | QUVC Running | 49
11056 | 11133 | CO8265 | QUVC Running | 144
11073 | 11163 | YT4676 | QUVC Running | 151
11075 | 11075 | GX8719 | DXM Running | 170
11077 | 11077 | SN9875 | VYZ Waiting | 198
11103 | 11193 | UC2715 | QUVC Running | 415
11133 | 11223 | JI3242 | QUVC Running | 19
11163 | 11242 | CO8265 | QUVC Running | 114
11193 | 11272 | YT4676 | QUVC Running | 121
11223 | 11302 | UC2715 | QUVC Running | 385
11242 | 11242 | JI3242 | Finished | 0
11245 | 11245 | GX8719 | DXM Waiting | 253
11272 | 11332 | CO8265 | QUVC Running | 84
11275 | 11422 | SN9875 | VYZ Running | 282
11287 | 11287 | DK8977 | LGU Waiting | 239
11302 | 11362 | YT4676 | QUVC Running | 91
11332 | 11392 | UC2715 | QUVC Running | 355
11362 | 11422 | CO8265 | QUVC Running | 54
11392 | 11452 | YT4676 | QUVC Running | 61
11403 | 11403 | FT6424 | LGU Running | 15
11418 | 11418 | FT6424 | LGU Waiting | 90
11422 | 11422 | WI9492 | VYZ Waiting | 66
11422 | 11482 | UC2715 | QUVC Running | 325
11452 | 11512 | CO8265 | QUVC Running | 24
11482 | 11536 | YT4676 | QUVC Running | 31
11488 | 11704 | WI9492 | VYZ Running | 156
11498 | 11498 | GX8719 | DXM Running | 410
11508 | 11508 | FT6424 | LGU Running | 405
11512 | 11566 | UC2715 | QUVC Running | 295
11526 | 11913 | DK8977 | LGU Running | 453
11536 | 11536 | CO8265 | Finished | 0
11566 | 11596 | YT4676 | QUVC Running | 1
11596 | 11597 | UC2715 | QUVC Running | 265
11597 | 12366 | YT4676 | LGU Running | 427
11627 | 11627 | UC2715 | QUVC Running | 235
11657 | 11657 | UC2715 | QUVC Running | 205
11687 | 11687 | UC2715 | QUVC Running | 175
11704 | 11717 | SN9875 | QUVC Running | 444
11717 | 11747 | UC2715 | QUVC Running | 145
11747 | 11777 | SN9875 | QUVC Running | 414
11777 | 11807 | UC2715 | QUVC Running | 115
11807 | 11837 | SN9875 | QUVC Running | 384
11837 | 11867 | UC2715 | QUVC Running | 85
11860 | 11897 | WI9492 | QUVC Running | 471
11867 | 11927 | SN9875 | QUVC Running | 354
11897 | 11957 | UC2715 | QUVC Running | 55
11908 | 11908 | GX8719 | DXM Waiting | 326
11913 | 11987 | FT6424 | QUVC Running | 418
11927 | 12017 | WI9492 | QUVC Running | 441
11957 | 12047 | SN9875 | QUVC Running | 324
11987 | 12077 | UC2715 | QUVC Running | 25
12017 | 12102 | FT6424 | QUVC Running | 388
12047 | 12132 | WI9492 | QUVC Running | 411
12077 | 12162 | SN9875 | QUVC Running | 294
12102 | 12793 | UC2715 | LGU Running | 84
12132 | 12192 | FT6424 | QUVC Running | 358
12162 | 12222 | WI9492 | QUVC Running | 381
12192 | 12252 | SN9875 | QUVC Running | 264
12222 | 12282 | FT6424 | QUVC Running | 328
12234 | 12234 | GX8719 | DXM Running | 245
12252 | 12312 | WI9492 | QUVC Running | 351
12282 | 12342 | SN9875 | QUVC Running | 234
12312 | 12372 | FT6424 | QUVC Running | 298
12342 | 12402 | WI9492 | QUVC Running | 321
12366 | 12432 | DK8977 | QUVC Running | 64
12372 | 12462 | SN9875 | QUVC Running | 204
12402 | 12492 | FT6424 | QUVC Running | 268
12432 | 12522 | WI9492 | QUVC Running | 291
12462 | 12552 | DK8977 | QUVC Running | 34
12479 | 12582 | GX8719 | QUVC Running | 123
12492 | 12612 | SN9875 | QUVC Running | 174
12522 | 12642 | FT6424 | QUVC Running | 238
12552 | 12672 | WI9492 | QUVC Running | 261
12582 | 12702 | DK8977 | QUVC Running | 4
12612 | 12706 | GX8719 | QUVC Running | 93
12642 | 12736 | SN9875 | QUVC Running | 144
12672 | 12766 | FT6424 | QUVC Running | 208
12702 | 12796 | WI9492 | QUVC Running | 231
12706 | 12706 | DK8977 | Finished | 0
12736 | 12826 | GX8719 | QUVC Running | 63
12766 | 12856 | SN9875 | QUVC Running | 114
12793 | 12793 | YT4676 | LGU Waiting | 169
12796 | 12886 | FT6424 | QUVC Running | 178
12826 | 12916 | WI9492 | QUVC Running | 201
12856 | 12946 | GX8719 | QUVC Running | 33
12877 | 12877 | UC2715 | LGU Waiting | 157
12886 | 12976 | SN9875 | QUVC Running | 84
12916 | 13006 | FT6424 | QUVC Running | 148
12946 | 13036 | WI9492 | QUVC Running | 171
12962 | 12962 | YT4676 | LGU Running | 281
12976 | 13066 | GX8719 | QUVC Running | 3
13006 | 13069 | SN9875 | QUVC Running | 54
13034 | 13243 | UC2715 | LGU Running | 142
13036 | 13099 | FT6424 | QUVC Running | 118
13066 | 13129 | WI9492 | QUVC Running | 141
13069 | 13069 | GX8719 | Finished | 0
13099 | 13159 | SN9875 | QUVC Running | 24
13129 | 13183 | FT6424 | QUVC Running | 88
13159 | 13213 | WI9492 | QUVC Running | 111
13183 | 13183 | SN9875 | Finished | 0
13213 | 13243 | FT6424 | QUVC Running | 58
13243 | 13243 | YT4676 | LGU Waiting | 375
13243 | 13273 | WI9492 | QUVC Running | 81
13273 | 13303 | FT6424 | QUVC Running | 28
13303 | 13331 | WI9492 | QUVC Running | 51
13331 | 13331 | FT6424 | Finished | 0
13361 | 13361 | WI9492 | QUVC Running | 21
13382 | 13382 | WI9492 | Finished | 0
13385 | 13385 | UC2715 | LGU Waiting | 467
13618 | 13618 | YT4676 | LGU Running | 4
13622 | 13622 | YT4676 | LGU Waiting | 23
13645 | 13645 | YT4676 | LGU Running | 102
13747 | 13747 | YT4676 | QUVC Running | 398
13777 | 13777 | YT4676 | QUVC Running | 368
13807 | 13807 | YT4676 | QUVC Running | 338
13837 | 13837 | YT4676 | QUVC Running | 308
13852 | 13852 | UC2715 | LGU Running | 445
13867 | 13867 | YT4676 | QUVC Running | 278
13897 | 13897 | YT4676 | QUVC Running | 248
13927 | 13927 | YT4676 | QUVC Running | 218
13957 | 13957 | YT4676 | QUVC Running | 188
13987 | 13987 | YT4676 | QUVC Running | 158
14017 | 14017 | YT4676 | QUVC Running | 128
14047 | 14047 | YT4676 | QUVC Running | 98
14077 | 14077 | YT4676 | QUVC Running | 68
14107 | 14107 | YT4676 | QUVC Running | 38
14137 | 14137 | YT4676 | QUVC Running | 8
14145 | 14145 | YT4676 | Finished | 0
14297 | 14297 | UC2715 | LGU Waiting | 222
14519 | 14519 | UC2715 | LGU Running | 177
14696 | 14696 | UC2715 | QUVC Running | 349
14726 | 14726 | UC2715 | QUVC Running | 319
14756 | 14756 | UC2715 | QUVC Running | 289
14786 | 14786 | UC2715 | QUVC Running | 259
14816 | 14816 | UC2715 | QUVC Running | 229
14846 | 14846 | UC2715 | QUVC Running | 199
14876 | 14876 | UC2715 | QUVC Running | 169
14906 | 14906 | UC2715 | QUVC Running | 139
14936 | 14936 | UC2715 | QUVC Running | 109
14966 | 14966 | UC2715 | QUVC Running | 79
14996 | 14996 | UC2715 | QUVC Running | 49
15026 | 15026 | UC2715 | QUVC Running | 19
15045 | 15045 | UC2715 | Finished | 0
