21 | 21 | GU2322 | RQYP Running | 457
46 | 46 | SI5540 | IOOQ Running | 2
48 | 48 | SI5540 | IOOQ Waiting | 413
51 | 51 | GU2322 | RQYP Running | 427
60 | 60 | HH5200 | KCUE Running | 118
81 | 81 | GU2322 | RQYP Running | 397
90 | 90 | HH5200 | KCUE Running | 88
93 | 120 | MP5810 | KCUE Running | 179
106 | 150 | ZU5938 | KCUE Running | 327
111 | 111 | GU2322 | RQYP Running | 367
117 | 117 | WC5441 | IOOQ Running | 261
120 | 180 | HH5200 | KCUE Running | 58
141 | 141 | GU2322 | RQYP Running | 337
147 | 147 | WC5441 | IOOQ Running | 231
150 | 210 | MP5810 | KCUE Running | 149
171 | 171 | GU2322 | RQYP Running | 307
177 | 177 | CV9815 | IOOQ Running | 188
177 | 207 | WC5441 | IOOQ Running | 201
180 | 240 | ZU5938 | KCUE Running | 297
201 | 201 | GU2322 | RQYP Running | 277
203 | 270 | NL7343 | KCUE Running | 364
207 | 237 | CV9815 | IOOQ Running | 158
210 | 300 | XL2603 | KCUE Running | 285
210 | 330 | HH5200 | KCUE Running | 28
219 | 219 | XU7199 | ERKB Running | 223
222 | 267 | LR3134 | IOOQ Running | 346
231 | 231 | GU2322 | RQYP Running | 247
237 | 297 | WC5441 | IOOQ Running | 171
240 | 358 | MP5810 | KCUE Running | 119
249 | 249 | XU7199 | ERKB Running | 193
250 | 261 | CK2402 | RQYP Running | 33
261 | 291 | GU2322 | RQYP Running | 217
267 | 327 | CV9815 | IOOQ Running | 128
270 | 388 | ZU5938 | KCUE Running | 267
272 | 357 | AD3718 | IOOQ Running | 314
279 | 279 | XU7199 | ERKB Running | 163
284 | 387 | TJ3648 | IOOQ Running | 160
291 | 321 | CK2402 | RQYP Running | 3
297 | 417 | LR3134 | IOOQ Running | 316
300 | 418 | NL7343 | KCUE Running | 334
309 | 309 | XU7199 | ERKB Running | 133
321 | 324 | GU2322 | RQYP Running | 187
324 | 324 | CK2402 | RQYP Waiting | 241
327 | 447 | WC5441 | IOOQ Running | 141
330 | 448 | XL2603 | KCUE Running | 255
337 | 339 | XV8633 | ERKB Running | 280
339 | 369 | XU7199 | ERKB Running | 103
354 | 354 | GU2322 | RQYP Running | 157
357 | 477 | CV9815 | IOOQ Running | 98
358 | 358 | HH5200 | KCUE Waiting | 121
362 | 384 | TG5438 | RQYP Running | 264
369 | 399 | XV8633 | ERKB Running | 250
383 | 429 | RP7698 | ERKB Running | 117
384 | 414 | GU2322 | RQYP Running | 127
387 | 507 | AD3718 | IOOQ Running | 284
388 | 478 | MP5810 | KCUE Running | 89
390 | 508 | GB5475 | KCUE Running | 478
399 | 459 | XU7199 | ERKB Running | 73
414 | 444 | TG5438 | RQYP Running | 234
417 | 537 | TJ3648 | IOOQ Running | 130
418 | 538 | ZU5938 | KCUE Running | 237
429 | 489 | XV8633 | ERKB Running | 220
432 | 567 | XT6977 | IOOQ Running | 462
444 | 474 | GU2322 | RQYP Running | 97
447 | 597 | LR3134 | IOOQ Running | 286
448 | 568 | GJ1699 | KCUE Running | 175
448 | 598 | NL7343 | KCUE Running | 304
459 | 519 | RP7698 | ERKB Running | 87
461 | 627 | SI5540 | IOOQ Running | 269
474 | 504 | TG5438 | RQYP Running | 204
477 | 657 | WC5441 | IOOQ Running | 111
478 | 628 | XL2603 | KCUE Running | 225
479 | 658 | HH5200 | KCUE Running | 498
489 | 549 | XU7199 | ERKB Running | 43
504 | 534 | GU2322 | RQYP Running | 67
507 | 687 | CV9815 | IOOQ Running | 68
508 | 688 | MP5810 | KCUE Running | 59
519 | 579 | XV8633 | ERKB Running | 190
534 | 564 | TG5438 | RQYP Running | 174
537 | 717 | AD3718 | IOOQ Running | 254
538 | 718 | GB5475 | KCUE Running | 448
549 | 609 | RP7698 | ERKB Running | 57
564 | 594 | GU2322 | RQYP Running | 37
565 | 624 | CK2402 | RQYP Running | 92
567 | 747 | TJ3648 | IOOQ Running | 100
568 | 748 | ZU5938 | KCUE Running | 207
579 | 639 | XU7199 | ERKB Running | 13
594 | 654 | TG5438 | RQYP Running | 144
597 | 777 | XT6977 | IOOQ Running | 432
598 | 778 | GJ1699 | KCUE Running | 145
609 | 652 | XV8633 | ERKB Running | 160
624 | 684 | GU2322 | RQYP Running | 7
627 | 807 | LR3134 | IOOQ Running | 256
628 | 808 | NL7343 | KCUE Running | 274
639 | 682 | RP7698 | ERKB Running | 27
652 | 652 | XU7199 | ERKB Waiting | 339
654 | 691 | CK2402 | RQYP Running | 62
657 | 837 | SI5540 | IOOQ Running | 239
658 | 838 | XL2603 | KCUE Running | 195
682 | 709 | XV8633 | ERKB Running | 130
684 | 721 | TG5438 | RQYP Running | 114
687 | 867 | WC5441 | IOOQ Running | 81
688 | 868 | HH5200 | KCUE Running | 468
691 | 691 | GU2322 | RQYP Waiting | 448
709 | 709 | RP7698 | ERKB Waiting | 427
717 | 897 | CV9815 | IOOQ Running | 38
718 | 898 | MP5810 | KCUE Running | 29
721 | 751 | CK2402 | RQYP Running | 32
739 | 739 | XV8633 | ERKB Running | 100
747 | 927 | AD3718 | IOOQ Running | 224
748 | 927 | GB5475 | KCUE Running | 418
751 | 781 | TG5438 | RQYP Running | 84
769 | 769 | XV8633 | ERKB Running | 70
777 | 957 | TJ3648 | IOOQ Running | 70
778 | 957 | ZU5938 | KCUE Running | 177
781 | 811 | CK2402 | RQYP Running | 2
799 | 799 | XV8633 | ERKB Running | 40
807 | 987 | XT6977 | IOOQ Running | 402
808 | 987 | GJ1699 | KCUE Running | 115
811 | 813 | TG5438 | RQYP Running | 54
813 | 813 | CK2402 | QMS Running | 500
829 | 829 | XV8633 | ERKB Running | 10
837 | 1017 | LR3134 | IOOQ Running | 226
838 | 1017 | NL7343 | KCUE Running | 244
839 | 839 | XV8633 | ERKB Waiting | 229
843 | 843 | TG5438 | RQYP Running | 24
867 | 867 | TG5438 | RQYP Waiting | 422
867 | 1047 | SI5540 | IOOQ Running | 209
868 | 1047 | XL2603 | KCUE Running | 165
897 | 1077 | WC5441 | IOOQ Running | 51
898 | 1077 | HH5200 | KCUE Running | 438
927 | 927 | MP5810 | KCUE Waiting | 442
927 | 1107 | CV9815 | IOOQ Running | 8
957 | 1115 | AD3718 | IOOQ Running | 194
957 | 1107 | GB5475 | KCUE Running | 388
987 | 1145 | TJ3648 | IOOQ Running | 40
987 | 1137 | ZU5938 | KCUE Running | 147
991 | 991 | XU7199 | ERKB Running | 100
1017 | 1167 | GJ1699 | KCUE Running | 85
1017 | 1175 | XT6977 | IOOQ Running | 372
1021 | 1021 | XU7199 | ERKB Running | 70
1047 | 1205 | LR3134 | IOOQ Running | 196
1047 | 1197 | NL7343 | KCUE Running | 214
1051 | 1051 | XU7199 | ERKB Running | 40
1068 | 1081 | XV8633 | ERKB Running | 205
1077 | 1235 | SI5540 | IOOQ Running | 179
1077 | 1227 | XL2603 | KCUE Running | 135
1081 | 1111 | XU7199 | ERKB Running | 10
1107 | 1257 | HH5200 | KCUE Running | 408
1107 | 1265 | WC5441 | IOOQ Running | 21
1111 | 1121 | XV8633 | ERKB Running | 175
1115 | 1115 | CV9815 | IOOQ Waiting | 256
1121 | 1121 | XU7199 | BRO Running | 179
1136 | 1151 | RP7698 | ERKB Running | 36
1137 | 1287 | GB5475 | KCUE Running | 358
1139 | 1139 | GU2322 | RQYP Running | 452
1145 | 1286 | AD3718 | IOOQ Running | 164
1151 | 1181 | XV8633 | ERKB Running | 145
1167 | 1317 | ZU5938 | KCUE Running | 117
1169 | 1169 | GU2322 | RQYP Running | 422
1175 | 1316 | TJ3648 | IOOQ Running | 10
1181 | 1211 | RP7698 | ERKB Running | 6
1197 | 1347 | GJ1699 | KCUE Running | 55
1199 | 1199 | GU2322 | RQYP Running | 392
1205 | 1326 | XT6977 | IOOQ Running | 342
1211 | 1217 | XV8633 | ERKB Running | 115
1217 | 1217 | RP7698 | WZY Running | 29
1227 | 1377 | NL7343 | KCUE Running | 184
1229 | 1229 | GU2322 | RQYP Running | 362
1235 | 1356 | LR3134 | IOOQ Running | 166
1246 | 1246 | RP7698 | WZY Waiting | 41
1247 | 1247 | XV8633 | ERKB Running | 85
1257 | 1407 | XL2603 | KCUE Running | 105
1259 | 1259 | GU2322 | RQYP Running | 332
1265 | 1386 | SI5540 | IOOQ Running | 149
1277 | 1277 | XV8633 | ERKB Running | 55
1286 | 1286 | WC5441 | IOOQ Waiting | 78
1287 | 1287 | RP7698 | WZY Running | 80
1287 | 1437 | HH5200 | KCUE Running | 378
1289 | 1289 | TG5438 | RQYP Running | 125
1289 | 1319 | GU2322 | RQYP Running | 302
1300 | 1300 | XU7199 | BRO Waiting | 262
1307 | 1307 | XV8633 | ERKB Running | 25
1313 | 1313 | CK2402 | QMS Waiting | 447
1316 | 1416 | AD3718 | IOOQ Running | 134
1317 | 1467 | GB5475 | KCUE Running | 328
1319 | 1349 | TG5438 | RQYP Running | 95
1326 | 1326 | TJ3648 | IOOQ Waiting | 299
1332 | 1367 | XV8633 | WZY Running | 291
1347 | 1497 | ZU5938 | KCUE Running | 87
1349 | 1379 | GU2322 | RQYP Running | 272
1356 | 1446 | XT6977 | IOOQ Running | 312
1364 | 1476 | WC5441 | IOOQ Running | 99
1367 | 1367 | RP7698 | WZY Waiting | 87
1369 | 1527 | MP5810 | KCUE Running | 41
1371 | 1506 | CV9815 | IOOQ Running | 128
1377 | 1557 | GJ1699 | KCUE Running | 25
1379 | 1409 | TG5438 | RQYP Running | 65
1386 | 1536 | LR3134 | IOOQ Running | 136
1407 | 1582 | NL7343 | KCUE Running | 154
1409 | 1439 | GU2322 | RQYP Running | 242
1416 | 1566 | SI5540 | IOOQ Running | 119
1437 | 1612 | XL2603 | KCUE Running | 75
1439 | 1469 | TG5438 | RQYP Running | 35
1446 | 1596 | AD3718 | IOOQ Running | 104
1454 | 1658 | RP7698 | WZY Running | 438
1467 | 1642 | HH5200 | KCUE Running | 348
1469 | 1499 | GU2322 | RQYP Running | 212
1476 | 1626 | XT6977 | IOOQ Running | 282
1497 | 1672 | GB5475 | KCUE Running | 298
1499 | 1529 | TG5438 | RQYP Running | 5
1506 | 1656 | WC5441 | IOOQ Running | 69
1527 | 1702 | ZU5938 | KCUE Running | 57
1529 | 1534 | GU2322 | RQYP Running | 182
1534 | 1534 | TG5438 | ZIP Running | 434
1536 | 1686 | CV9815 | IOOQ Running | 98
1557 | 1732 | MP5810 | KCUE Running | 11
1562 | 1562 | XU7199 | BRO Running | 235
1564 | 1564 | GU2322 | RQYP Running | 152
1566 | 1716 | LR3134 | IOOQ Running | 106
1582 | 1582 | GJ1699 | KCUE Waiting | 409
1594 | 1594 | GU2322 | RQYP Running | 122
1596 | 1746 | SI5540 | IOOQ Running | 89
1612 | 1743 | NL7343 | KCUE Running | 124
1624 | 1624 | GU2322 | RQYP Running | 92
1625 | 1776 | TJ3648 | IOOQ Running | 112
1626 | 1806 | AD3718 | IOOQ Running | 74
1642 | 1773 | XL2603 | KCUE Running | 45
1654 | 1654 | GU2322 | RQYP Running | 62
1656 | 1836 | XT6977 | IOOQ Running | 252
1658 | 1658 | XV8633 | WZY Waiting | 170
1672 | 1803 | HH5200 | KCUE Running | 318
1684 | 1684 | GU2322 | RQYP Running | 32
1686 | 1866 | WC5441 | IOOQ Running | 39
1702 | 1833 | GB5475 | KCUE Running | 268
1714 | 1714 | GU2322 | RQYP Running | 2
1716 | 1716 | GU2322 | YYL Running | 188
1716 | 1896 | CV9815 | IOOQ Running | 68
1732 | 1863 | ZU5938 | KCUE Running | 27
1743 | 1743 | MP5810 | LHI Running | 163
1746 | 1926 | LR3134 | IOOQ Running | 76
1760 | 1760 | CK2402 | QMS Running | 320
1773 | 1890 | NL7343 | KCUE Running | 94
1776 | 1956 | SI5540 | IOOQ Running | 59
1797 | 1797 | XU7199 | BRO Waiting | 254
1803 | 1920 | XL2603 | KCUE Running | 15
1806 | 1986 | TJ3648 | IOOQ Running | 82
1828 | 2096 | XV8633 | WZY Running | 473
1833 | 1935 | HH5200 | KCUE Running | 288
1836 | 2016 | AD3718 | IOOQ Running | 44
1863 | 1965 | GB5475 | KCUE Running | 238
1866 | 2046 | XT6977 | IOOQ Running | 222
1890 | 1890 | ZU5938 | KCUE Waiting | 72
1896 | 2076 | WC5441 | IOOQ Running | 9
1904 | 1904 | GU2322 | YYL Waiting | 222
1906 | 1906 | MP5810 | LHI Waiting | 481
1920 | 1995 | NL7343 | KCUE Running | 64
1926 | 2085 | CV9815 | IOOQ Running | 38
1935 | 1935 | XL2603 | KCUE Waiting | 282
1956 | 2115 | LR3134 | IOOQ Running | 46
1962 | 2025 | ZU5938 | KCUE Running | 483
1965 | 2055 | HH5200 | KCUE Running | 258
1968 | 1968 | TG5438 | ZIP Waiting | 139
1986 | 2145 | SI5540 | IOOQ Running | 29
1991 | 2085 | GJ1699 | KCUE Running | 117
1995 | 2115 | GB5475 | KCUE Running | 208
2016 | 2174 | TJ3648 | IOOQ Running | 52
2025 | 2145 | NL7343 | KCUE Running | 34
2046 | 2204 | AD3718 | IOOQ Running | 14
2051 | 2051 | XU7199 | BRO Running | 267
2055 | 2175 | ZU5938 | KCUE Running | 453
2076 | 2218 | XT6977 | IOOQ Running | 192
2080 | 2080 | CK2402 | QMS Waiting | 141
2085 | 2085 | WC5441 | NVE Running | 428
2085 | 2205 | HH5200 | KCUE Running | 228
2096 | 2096 | RP7698 | WZY Waiting | 468
2107 | 2107 | TG5438 | ZIP Running | 199
2115 | 2248 | CV9815 | IOOQ Running | 8
2115 | 2235 | GJ1699 | KCUE Running | 87
2126 | 2126 | GU2322 | YYL Running | 409
2145 | 2265 | GB5475 | KCUE Running | 178
2145 | 2256 | LR3134 | IOOQ Running | 16
2174 | 2174 | SI5540 | KCG Running | 381
2175 | 2295 | NL7343 | KCUE Running | 4
2204 | 2272 | TJ3648 | IOOQ Running | 22
2205 | 2299 | ZU5938 | KCUE Running | 423
2217 | 2329 | XL2603 | KCUE Running | 11
2218 | 2218 | AD3718 | IOOQ Waiting | 431
2221 | 2221 | CK2402 | QMS Running | 397
2235 | 2340 | HH5200 | KCUE Running | 198
2248 | 2294 | XT6977 | IOOQ Running | 162
2256 | 2513 | CV9815 | NVE Running | 434
2265 | 2370 | GJ1699 | KCUE Running | 57
2272 | 2272 | LR3134 | IOOQ Waiting | 431
2294 | 2294 | TJ3648 | VWD Running | 306
2295 | 2400 | GB5475 | KCUE Running | 148
2299 | 2299 | NL7343 | KCUE Waiting | 223
2306 | 2306 | TG5438 | ZIP Waiting | 176
2318 | 2318 | XU7199 | BRO Waiting | 485
2324 | 2324 | XT6977 | IOOQ Running | 132
2329 | 2430 | ZU5938 | KCUE Running | 393
2340 | 2340 | XL2603 | UGK Running | 125
2354 | 2354 | XT6977 | IOOQ Running | 102
2370 | 2460 | HH5200 | KCUE Running | 168
2384 | 2384 | XT6977 | IOOQ Running | 72
2387 | 2387 | MP5810 | LHI Running | 108
2400 | 2490 | GJ1699 | KCUE Running | 27
2414 | 2414 | XT6977 | IOOQ Running | 42
2430 | 2517 | GB5475 | KCUE Running | 118
2444 | 2444 | XT6977 | IOOQ Running | 12
2456 | 2456 | XT6977 | IOOQ Waiting | 393
2460 | 2547 | ZU5938 | KCUE Running | 363
2465 | 2465 | XL2603 | UGK Waiting | 184
2482 | 2482 | TG5438 | ZIP Running | 193
2490 | 2577 | HH5200 | KCUE Running | 138
2495 | 2495 | MP5810 | LHI Waiting | 234
2513 | 2513 | WC5441 | NVE Waiting | 329
2517 | 2517 | GJ1699 | UGK Running | 392
2522 | 2607 | NL7343 | KCUE Running | 263
2535 | 2535 | GU2322 | YYL Waiting | 447
2547 | 2637 | GB5475 | KCUE Running | 88
2555 | 2555 | SI5540 | KCG Waiting | 348
2564 | 2569 | RP7698 | WZY Running | 243
2569 | 2569 | XV8633 | WZY Waiting | 344
2577 | 2667 | ZU5938 | KCUE Running | 333
2600 | 2600 | TJ3648 | VWD Waiting | 214
2607 | 2697 | HH5200 | KCUE Running | 108
2618 | 2618 | CK2402 | QMS Waiting | 260
2637 | 2727 | NL7343 | KCUE Running | 233
2649 | 2649 | AD3718 | IOOQ Running | 398
2649 | 2909 | XL2603 | UGK Running | 54
2667 | 2757 | GB5475 | KCUE Running | 58
2675 | 2675 | TG5438 | ZIP Waiting | 405
2679 | 2679 | AD3718 | IOOQ Running | 368
2697 | 2787 | ZU5938 | KCUE Running | 303
2703 | 2709 | LR3134 | IOOQ Running | 162
2709 | 2739 | AD3718 | IOOQ Running | 338
2727 | 2817 | HH5200 | KCUE Running | 78
2729 | 2729 | MP5810 | LHI Running | 328
2739 | 2769 | LR3134 | IOOQ Running | 132
2757 | 2847 | NL7343 | KCUE Running | 203
2769 | 2799 | AD3718 | IOOQ Running | 308
2787 | 2877 | GB5475 | KCUE Running | 28
2799 | 2829 | LR3134 | IOOQ Running | 102
2803 | 2803 | XU7199 | BRO Running | 23
2812 | 2812 | RP7698 | ERKB Running | 64
2814 | 2814 | TJ3648 | VWD Running | 419
2817 | 2905 | ZU5938 | KCUE Running | 273
2826 | 2842 | XU7199 | ERKB Running | 363
2829 | 2859 | AD3718 | IOOQ Running | 278
2842 | 2947 | WC5441 | NVE Running | 442
2842 | 2872 | RP7698 | ERKB Running | 34
2847 | 2935 | HH5200 | KCUE Running | 48
2849 | 2889 | XT6977 | IOOQ Running | 170
2859 | 2919 | LR3134 | IOOQ Running | 72
2872 | 2902 | XU7199 | ERKB Running | 333
2877 | 2965 | NL7343 | KCUE Running | 173
2878 | 2878 | CK2402 | QMS Running | 301
2889 | 2949 | AD3718 | IOOQ Running | 248
2902 | 2932 | RP7698 | ERKB Running | 4
2903 | 2903 | SI5540 | KCG Running | 306
2905 | 2905 | GB5475 | KCUE Waiting | 123
2909 | 2909 | GJ1699 | UGK Waiting | 166
2913 | 2913 | XV8633 | WZY Running | 468
2919 | 2979 | XT6977 | IOOQ Running | 140
2932 | 2936 | XU7199 | ERKB Running | 303
2935 | 2995 | ZU5938 | KCUE Running | 243
2936 | 2936 | RP7698 | ERKB Waiting | 95
2947 | 2947 | CV9815 | NVE Waiting | 199
2949 | 3009 | LR3134 | IOOQ Running | 42
2963 | 2963 | XL2603 | UGK Waiting | 255
2965 | 3025 | HH5200 | KCUE Running | 18
2966 | 2966 | XU7199 | ERKB Running | 273
2979 | 3039 | AD3718 | IOOQ Running | 218
2982 | 2982 | GU2322 | YYL Running | 476
2995 | 3043 | NL7343 | KCUE Running | 143
2996 | 2996 | XU7199 | ERKB Running | 243
3009 | 3069 | XT6977 | IOOQ Running | 110
3025 | 3073 | ZU5938 | KCUE Running | 213
3026 | 3026 | XU7199 | ERKB Running | 213
3028 | 3103 | GB5475 | KCUE Running | 364
3031 | 3056 | RP7698 | ERKB Running | 443
3039 | 3099 | LR3134 | IOOQ Running | 12
3043 | 3057 | HH5200 | LHI Running | 224
3056 | 3086 | XU7199 | ERKB Running | 183
3057 | 3057 | MP5810 | LHI Waiting | 196
3069 | 3111 | AD3718 | IOOQ Running | 188
3073 | 3133 | NL7343 | KCUE Running | 113
3075 | 3075 | GJ1699 | UGK Running | 422
3080 | 3080 | TG5438 | ZIP Running | 435
3086 | 3116 | RP7698 | ERKB Running | 413
3099 | 3141 | XT6977 | IOOQ Running | 80
3103 | 3163 | ZU5938 | KCUE Running | 183
3111 | 3209 | LR3134 | KCG Running | 12
3116 | 3146 | XU7199 | ERKB Running | 153
3133 | 3193 | GB5475 | KCUE Running | 334
3141 | 3171 | AD3718 | IOOQ Running | 158
3146 | 3389 | CV9815 | NVE Running | 72
3146 | 3176 | RP7698 | ERKB Running | 383
3163 | 3223 | NL7343 | KCUE Running | 83
3171 | 3201 | XT6977 | IOOQ Running | 50
3176 | 3206 | XU7199 | ERKB Running | 123
3179 | 3179 | CK2402 | RQYP Running | 34
3193 | 3253 | ZU5938 | KCUE Running | 153
3201 | 3231 | AD3718 | IOOQ Running | 128
3206 | 3236 | RP7698 | ERKB Running | 353
3209 | 3209 | SI5540 | KCG Waiting | 406
3209 | 3209 | CK2402 | RQYP Running | 4
3213 | 3213 | CK2402 | RQYP Waiting | 412
3218 | 3497 | XL2603 | UGK Running | 393
3221 | 3221 | LR3134 | KCG Waiting | 8
3223 | 3283 | GB5475 | KCUE Running | 304
3229 | 3229 | LR3134 | KCG Running | 145
3231 | 3261 | XT6977 | IOOQ Running | 20
3233 | 3233 | TJ3648 | VWD Waiting | 3
3236 | 3236 | TJ3648 | VWD Running | 427
3236 | 3266 | XU7199 | ERKB Running | 93
3253 | 3281 | MP5810 | LHI Running | 274
3253 | 3313 | NL7343 | KCUE Running | 53
3261 | 3281 | AD3718 | IOOQ Running | 98
3266 | 3296 | RP7698 | ERKB Running | 323
3281 | 3281 | HH5200 | LHI Waiting | 240
3281 | 3374 | XT6977 | KCG Running | 295
3283 | 3343 | ZU5938 | KCUE Running | 123
3296 | 3326 | XU7199 | ERKB Running | 63
3311 | 3311 | AD3718 | IOOQ Running | 68
3313 | 3373 | GB5475 | KCUE Running | 274
3326 | 3356 | RP7698 | ERKB Running | 293
3341 | 3341 | AD3718 | IOOQ Running | 38
3343 | 3403 | NL7343 | KCUE Running | 23
3356 | 3386 | XU7199 | ERKB Running | 33
3371 | 3371 | AD3718 | IOOQ Running | 8
3373 | 3426 | ZU5938 | KCUE Running | 93
3374 | 3374 | LR3134 | KCG Waiting | 221
3379 | 3663 | AD3718 | VWD Running | 231
3381 | 3381 | XV8633 | WZY Waiting | 221
3386 | 3416 | RP7698 | ERKB Running | 263
3389 | 3389 | WC5441 | NVE Waiting | 255
3403 | 3456 | GB5475 | KCUE Running | 244
3416 | 3446 | XU7199 | ERKB Running | 3
3426 | 3555 | NL7343 | LHI Running | 214
3446 | 3449 | RP7698 | ERKB Running | 233
3449 | 3449 | XU7199 | ERKB Waiting | 280
3456 | 3486 | ZU5938 | KCUE Running | 63
3458 | 3458 | GU2322 | YYL Waiting | 190
3461 | 3461 | CV9815 | NVE Waiting | 351
3479 | 3479 | RP7698 | ERKB Running | 203
3486 | 3516 | GB5475 | KCUE Running | 214
3497 | 3497 | GJ1699 | UGK Waiting | 475
3509 | 3509 | RP7698 | ERKB Running | 173
3515 | 3515 | TG5438 | RQYP Running | 317
3516 | 3546 | ZU5938 | KCUE Running | 33
3521 | 3769 | HH5200 | LHI Running | 25
3539 | 3539 | RP7698 | ERKB Running | 143
3545 | 3545 | TG5438 | RQYP Running | 287
3546 | 3576 | GB5475 | KCUE Running | 184
3555 | 3606 | MP5810 | KCUE Running | 270
3569 | 3569 | RP7698 | ERKB Running | 113
3575 | 3575 | TG5438 | RQYP Running | 257
3576 | 3636 | ZU5938 | KCUE Running | 3
3595 | 3669 | LR3134 | KCG Running | 35
3599 | 3599 | RP7698 | ERKB Running | 83
3602 | 3602 | XV8633 | WZY Running | 233
3605 | 3605 | TG5438 | RQYP Running | 227
3606 | 3639 | GB5475 | KCUE Running | 154
3615 | 3704 | SI5540 | KCG Running | 191
3625 | 3635 | CK2402 | RQYP Running | 47
3629 | 3629 | RP7698 | ERKB Running | 53
3635 | 3665 | TG5438 | RQYP Running | 197
3636 | 3669 | MP5810 | KCUE Running | 240
3639 | 3639 | ZU5938 | VSE Running | 144
3644 | 3644 | WC5441 | NVE Running | 90
3648 | 3648 | GU2322 | YYL Running | 309
3659 | 3659 | RP7698 | ERKB Running | 23
3663 | 3663 | TJ3648 | VWD Waiting | 117
3665 | 3695 | CK2402 | RQYP Running | 17
3669 | 3669 | XT6977 | KCG Waiting | 459
3669 | 3699 | GB5475 | KCUE Running | 124
3682 | 3682 | RP7698 | ULK Running | 137
3695 | 3712 | TG5438 | RQYP Running | 167
3699 | 3729 | MP5810 | KCUE Running | 210
3704 | 3704 | LR3134 | KCG Waiting | 194
3712 | 3712 | CK2402 | CKN Running | 40
3729 | 3729 | XU7199 | ERKB Running | 383
3729 | 3759 | GB5475 | KCUE Running | 94
3734 | 3734 | WC5441 | NVE Waiting | 370
3742 | 3742 | TG5438 | RQYP Running | 137
3752 | 3752 | CK2402 | CKN Waiting | 425
3759 | 3789 | MP5810 | KCUE Running | 180
3759 | 3759 | XU7199 | ERKB Running | 353
3769 | 3769 | NL7343 | LHI Waiting | 128
3772 | 3772 | TG5438 | RQYP Running | 107
3780 | 3894 | TJ3648 | VWD Running | 429
3783 | 3783 | ZU5938 | VSE Waiting | 54
3789 | 3819 | GB5475 | KCUE Running | 64
3789 | 3789 | XU7199 | ERKB Running | 323
3794 | 3794 | HH5200 | LHI Waiting | 26
3802 | 3802 | TG5438 | RQYP Running | 77
3812 | 3812 | CV9815 | NVE Running | 375
3819 | 3819 | RP7698 | ULK Waiting | 2
3819 | 3849 | MP5810 | KCUE Running | 150
3819 | 3819 | XU7199 | ERKB Running | 293
3820 | 3820 | HH5200 | LHI Running | 219
3821 | 3821 | RP7698 | ULK Running | 297
3832 | 3832 | TG5438 | RQYP Running | 47
3835 | 3849 | XV8633 | ERKB Running | 294
3837 | 3837 | ZU5938 | VSE Running | 40
3849 | 3879 | GB5475 | KCUE Running | 34
3849 | 3879 | XU7199 | ERKB Running | 263
3862 | 3862 | TG5438 | RQYP Running | 17
3877 | 3877 | ZU5938 | VSE Waiting | 373
3879 | 3879 | TG5438 | RQYP Waiting | 483
3879 | 3909 | MP5810 | KCUE Running | 120
3879 | 3909 | XV8633 | ERKB Running | 264
3890 | 3890 | XL2603 | UGK Waiting | 119
3894 | 3894 | AD3718 | VWD Waiting | 140
3895 | 3895 | SI5540 | KCG Waiting | 219
3897 | 4039 | NL7343 | LHI Running | 391
3898 | 3898 | LR3134 | KCG Running | 289
3909 | 3939 | GB5475 | KCUE Running | 4
3909 | 3939 | XU7199 | ERKB Running | 233
3939 | 3943 | MP5810 | KCUE Running | 90
3939 | 3969 | XV8633 | ERKB Running | 234
3943 | 4430 | GB5475 | LHI Running | 170
3957 | 3957 | GU2322 | RQYP Running | 283
3969 | 3999 | XU7199 | ERKB Running | 203
3972 | 3972 | GJ1699 | UGK Running | 103
3973 | 3973 | MP5810 | KCUE Running | 60
3987 | 3987 | GU2322 | RQYP Running | 253
3999 | 4029 | XV8633 | ERKB Running | 204
4003 | 4003 | MP5810 | KCUE Running | 30
4009 | 4075 | XL2603 | UGK Running | 188
4017 | 4017 | GU2322 | RQYP Running | 223
4029 | 4059 | XU7199 | ERKB Running | 173
4033 | 4033 | MP5810 | KCUE Waiting | 159
4034 | 4323 | AD3718 | VWD Running | 338
4039 | 4039 | HH5200 | LHI Waiting | 396
4047 | 4047 | GU2322 | RQYP Running | 193
4059 | 4089 | XV8633 | ERKB Running | 174
4075 | 4075 | GJ1699 | UGK Waiting | 192
4077 | 4077 | GU2322 | RQYP Running | 163
4089 | 4119 | XU7199 | ERKB Running | 143
4104 | 4187 | WC5441 | NVE Running | 261
4107 | 4107 | GU2322 | RQYP Running | 133
4114 | 4187 | SI5540 | KCG Running | 266
4118 | 4118 | RP7698 | ULK Waiting | 459
4119 | 4149 | XV8633 | ERKB Running | 144
4128 | 4453 | XT6977 | KCG Running | 52
4137 | 4137 | GU2322 | RQYP Running | 103
4149 | 4179 | XU7199 | ERKB Running | 113
4167 | 4167 | GU2322 | RQYP Running | 73
4177 | 4177 | CK2402 | CKN Running | 301
4179 | 4209 | XV8633 | ERKB Running | 114
4187 | 4187 | CV9815 | NVE Waiting | 471
4187 | 4187 | LR3134 | IOOQ Running | 153
4192 | 4192 | MP5810 | KCUE Running | 234
4197 | 4197 | GU2322 | RQYP Running | 43
4209 | 4239 | XU7199 | ERKB Running | 83
4217 | 4217 | LR3134 | IOOQ Running | 123
4222 | 4222 | MP5810 | KCUE Running | 204
4227 | 4227 | GU2322 | RQYP Running | 13
4239 | 4269 | XV8633 | ERKB Running | 84
4240 | 4240 | GU2322 | RQYP Waiting | 107
4247 | 4247 | LR3134 | IOOQ Running | 93
4250 | 4250 | ZU5938 | VSE Running | 460
4252 | 4252 | MP5810 | KCUE Running | 174
4263 | 4282 | XL2603 | KCUE Running | 216
4267 | 4267 | GJ1699 | UGK Running | 14
4269 | 4299 | XU7199 | ERKB Running | 53
4277 | 4277 | LR3134 | IOOQ Running | 63
4281 | 4312 | GJ1699 | KCUE Running | 172
4282 | 4342 | MP5810 | KCUE Running | 144
4299 | 4329 | XV8633 | ERKB Running | 54
4307 | 4307 | LR3134 | IOOQ Running | 33
4312 | 4372 | XL2603 | KCUE Running | 186
4323 | 4337 | TJ3648 | IOOQ Running | 40
4329 | 4359 | XU7199 | ERKB Running | 23
4337 | 4367 | LR3134 | IOOQ Running | 3
4342 | 4402 | GJ1699 | KCUE Running | 142
4347 | 4347 | GU2322 | RQYP Running | 161
4359 | 4382 | XV8633 | ERKB Running | 24
4362 | 4377 | TG5438 | RQYP Running | 190
4367 | 4370 | TJ3648 | IOOQ Running | 10
4370 | 4370 | LR3134 | IOOQ Waiting | 197
4372 | 4432 | MP5810 | KCUE Running | 114
4377 | 4407 | GU2322 | RQYP Running | 131
4380 | 4380 | TJ3648 | IOOQ Waiting | 220
4382 | 4382 | XU7199 | ULK Running | 24
4402 | 4462 | XL2603 | KCUE Running | 156
4406 | 4406 | XU7199 | ULK Waiting | 456
4406 | 4406 | XV8633 | ERKB Waiting | 332
4407 | 4437 | TG5438 | RQYP Running | 160
4430 | 4430 | NL7343 | LHI Waiting | 39
4432 | 4492 | GJ1699 | KCUE Running | 112
4435 | 4600 | HH5200 | LHI Running | 285
4437 | 4467 | GU2322 | RQYP Running | 101
4448 | 4448 | WC5441 | IOOQ Running | 487
4453 | 4478 | SI5540 | IOOQ Running | 471
4462 | 4522 | MP5810 | KCUE Running | 84
4467 | 4497 | TG5438 | RQYP Running | 130
4469 | 4885 | NL7343 | LHI Running | 448
4478 | 4478 | CK2402 | CKN Waiting | 232
4478 | 4508 | WC5441 | IOOQ Running | 457
4492 | 4552 | XL2603 | KCUE Running | 126
4497 | 4527 | GU2322 | RQYP Running | 71
4505 | 4505 | XT6977 | KCG Waiting | 29
4508 | 4538 | SI5540 | IOOQ Running | 441
4522 | 4582 | GJ1699 | KCUE Running | 82
4527 | 4557 | TG5438 | RQYP Running | 100
4534 | 4534 | XT6977 | KCG Running | 366
4538 | 4568 | WC5441 | IOOQ Running | 427
4552 | 4612 | MP5810 | KCUE Running | 54
4557 | 4587 | GU2322 | RQYP Running | 41
4567 | 4598 | LR3134 | IOOQ Running | 480
4568 | 4628 | SI5540 | IOOQ Running | 411
4577 | 4577 | RP7698 | ULK Running | 172
4582 | 4642 | XL2603 | KCUE Running | 96
4587 | 4617 | TG5438 | RQYP Running | 70
4598 | 4658 | WC5441 | IOOQ Running | 397
4600 | 4600 | GB5475 | LHI Waiting | 362
4600 | 4688 | TJ3648 | IOOQ Running | 460
4612 | 4672 | GJ1699 | KCUE Running | 52
4617 | 4647 | GU2322 | RQYP Running | 11
4628 | 4718 | LR3134 | IOOQ Running | 450
4642 | 4702 | MP5810 | KCUE Running | 24
4647 | 4658 | TG5438 | RQYP Running | 40
4658 | 4658 | CV9815 | NVE Running | 478
4658 | 4658 | GU2322 | CKN Running | 34
4658 | 4748 | SI5540 | IOOQ Running | 381
4661 | 4661 | AD3718 | VWD Waiting | 423
4672 | 4726 | XL2603 | KCUE Running | 66
4688 | 4688 | TG5438 | RQYP Running | 10
4688 | 4778 | WC5441 | IOOQ Running | 367
4692 | 4692 | GU2322 | CKN Waiting | 149
4698 | 4698 | TG5438 | QMS Running | 263
4702 | 4756 | GJ1699 | KCUE Running | 22
4710 | 4710 | CK2402 | CKN Running | 2
4710 | 4710 | ZU5938 | VSE Waiting | 454
4712 | 4712 | CK2402 | CKN Waiting | 411
4718 | 4808 | TJ3648 | IOOQ Running | 430
4726 | 4726 | MP5810 | UGK Running | 260
4738 | 4738 | XV8633 | ERKB Running | 446
4748 | 4838 | LR3134 | IOOQ Running | 420
4749 | 4749 | RP7698 | ULK Waiting | 441
4756 | 4778 | XL2603 | KCUE Running | 36
4768 | 4768 | XV8633 | ERKB Running | 416
4778 | 4778 | GJ1699 | KCUE Waiting | 275
4778 | 4868 | SI5540 | IOOQ Running | 351
4798 | 4798 | XV8633 | ERKB Running | 386
4808 | 4898 | WC5441 | IOOQ Running | 337
4808 | 4808 | XL2603 | KCUE Running | 6
4814 | 4814 | XL2603 | KCUE Waiting | 211
4828 | 4828 | XV8633 | ERKB Running | 356
4838 | 4928 | TJ3648 | IOOQ Running | 400
4841 | 4841 | GU2322 | CKN Running | 415
4858 | 4858 | XV8633 | ERKB Running | 326
4862 | 4862 | XU7199 | ULK Running | 479
4868 | 4958 | LR3134 | IOOQ Running | 390
4885 | 4885 | HH5200 | KCUE Running | 56
4888 | 4888 | XV8633 | ERKB Running | 296
4898 | 4988 | SI5540 | IOOQ Running | 321
4900 | 4900 | XT6977 | KCG Waiting | 329
4915 | 4915 | HH5200 | KCUE Running | 26
4918 | 4918 | XV8633 | ERKB Running | 266
4928 | 5018 | WC5441 | IOOQ Running | 307
4941 | 4941 | HH5200 | KCUE Waiting | 403
4948 | 4948 | XV8633 | ERKB Running | 236
4958 | 5048 | TJ3648 | IOOQ Running | 370
4961 | 4961 | TG5438 | QMS Waiting | 450
4962 | 5333 | GB5475 | LHI Running | 413
4978 | 4978 | XV8633 | ERKB Running | 206
4986 | 4986 | MP5810 | UGK Waiting | 2
4988 | 4988 | MP5810 | UGK Running | 456
4988 | 5078 | LR3134 | IOOQ Running | 360
5008 | 5008 | XV8633 | ERKB Running | 176
5018 | 5108 | SI5540 | IOOQ Running | 291
5025 | 5025 | XL2603 | KCUE Running | 38
5038 | 5038 | XV8633 | ERKB Running | 146
5048 | 5138 | WC5441 | IOOQ Running | 277
5053 | 5055 | GJ1699 | KCUE Running | 369
5055 | 5085 | XL2603 | KCUE Running | 8
5068 | 5068 | XV8633 | ERKB Running | 116
5078 | 5168 | TJ3648 | IOOQ Running | 340
5084 | 5084 | AD3718 | VWD Running | 434
5085 | 5093 | GJ1699 | KCUE Running | 339
5093 | 5093 | XL2603 | VSE Running | 312
5098 | 5098 | XV8633 | ERKB Running | 86
5108 | 5198 | LR3134 | IOOQ Running | 330
5123 | 5256 | CK2402 | CKN Running | 281
5123 | 5123 | GJ1699 | KCUE Running | 309
5128 | 5128 | XV8633 | ERKB Running | 56
5136 | 5228 | CV9815 | IOOQ Running | 306
5138 | 5258 | SI5540 | IOOQ Running | 261
5153 | 5153 | GJ1699 | KCUE Running | 279
5158 | 5158 | XV8633 | ERKB Running | 26
5164 | 5405 | ZU5938 | VSE Running | 13
5168 | 5288 | WC5441 | IOOQ Running | 247
5183 | 5183 | GJ1699 | KCUE Running | 249
5184 | 5341 | XV8633 | ULK Running | 170
5190 | 5511 | RP7698 | ULK Running | 499
5198 | 5318 | TJ3648 | IOOQ Running | 310
5213 | 5213 | GJ1699 | KCUE Running | 219
5228 | 5348 | LR3134 | IOOQ Running | 300
5229 | 5229 | XT6977 | KCG Running | 406
5243 | 5243 | GJ1699 | KCUE Running | 189
5256 | 5256 | GU2322 | CKN Waiting | 293
5258 | 5378 | CV9815 | IOOQ Running | 276
5273 | 5273 | GJ1699 | KCUE Running | 159
5288 | 5408 | SI5540 | IOOQ Running | 231
5303 | 5303 | GJ1699 | KCUE Running | 129
5318 | 5438 | WC5441 | IOOQ Running | 217
5333 | 5333 | NL7343 | LHI Waiting | 29
5333 | 5333 | GJ1699 | KCUE Running | 99
5341 | 5341 | XU7199 | ULK Waiting | 313
5344 | 5363 | HH5200 | KCUE Running | 126
5348 | 5468 | TJ3648 | IOOQ Running | 280
5362 | 5746 | NL7343 | LHI Running | 378
5363 | 5393 | GJ1699 | KCUE Running | 69
5378 | 5498 | LR3134 | IOOQ Running | 270
5393 | 5423 | HH5200 | KCUE Running | 96
5405 | 5405 | XL2603 | VSE Waiting | 184
5408 | 5528 | CV9815 | IOOQ Running | 246
5411 | 5411 | TG5438 | QMS Running | 173
5418 | 5453 | ZU5938 | KCUE Running | 18
5423 | 5471 | GJ1699 | KCUE Running | 39
5438 | 5558 | SI5540 | IOOQ Running | 201
5444 | 5444 | MP5810 | UGK Waiting | 179
5453 | 5501 | HH5200 | KCUE Running | 66
5468 | 5588 | WC5441 | IOOQ Running | 187
5471 | 5471 | ZU5938 | KCUE Waiting | 13
5484 | 5531 | ZU5938 | KCUE Running | 297
5498 | 5618 | TJ3648 | IOOQ Running | 250
5501 | 5561 | GJ1699 | KCUE Running | 9
5511 | 5511 | XV8633 | ULK Waiting | 136
5518 | 5518 | AD3718 | VWD Waiting | 250
5528 | 5648 | LR3134 | IOOQ Running | 240
5531 | 5570 | HH5200 | KCUE Running | 36
5537 | 5537 | CK2402 | RQYP Running | 302
5549 | 5549 | GU2322 | CKN Running | 255
5558 | 5678 | CV9815 | IOOQ Running | 216
5561 | 5600 | ZU5938 | KCUE Running | 267
5567 | 5567 | CK2402 | RQYP Running | 272
5570 | 5570 | GJ1699 | VSE Running | 471
5584 | 5584 | TG5438 | QMS Waiting | 378
5588 | 5708 | SI5540 | IOOQ Running | 171
5589 | 6041 | XL2603 | VSE Running | 335
5597 | 5597 | CK2402 | RQYP Running | 242
5600 | 5630 | HH5200 | KCUE Running | 6
5618 | 5738 | WC5441 | IOOQ Running | 157
5623 | 5623 | MP5810 | UGK Running | 373
5627 | 5627 | CK2402 | RQYP Running | 212
5630 | 5636 | ZU5938 | KCUE Running | 237
5635 | 5768 | XT6977 | IOOQ Running | 93
5636 | 6376 | HH5200 | VSE Running | 436
5647 | 6010 | XV8633 | ULK Running | 300
5648 | 5798 | TJ3648 | IOOQ Running | 220
5654 | 6310 | XU7199 | ULK Running | 213
5657 | 5657 | CK2402 | RQYP Running | 182
5666 | 5666 | ZU5938 | KCUE Running | 207
5678 | 5828 | LR3134 | IOOQ Running | 210
5687 | 5687 | CK2402 | RQYP Running | 152
5696 | 5696 | ZU5938 | KCUE Running | 177
5708 | 5858 | CV9815 | IOOQ Running | 186
5717 | 5717 | CK2402 | RQYP Running | 122
5726 | 5726 | ZU5938 | KCUE Running | 147
5738 | 5888 | SI5540 | IOOQ Running | 141
5746 | 5746 | GB5475 | LHI Waiting | 493
5747 | 5747 | CK2402 | RQYP Running | 92
5756 | 5756 | ZU5938 | KCUE Running | 117
5768 | 5768 | AD3718 | VWD Running | 21
5768 | 5918 | WC5441 | IOOQ Running | 127
5777 | 5777 | CK2402 | RQYP Running | 62
5786 | 5786 | ZU5938 | KCUE Running | 87
5789 | 5948 | AD3718 | IOOQ Running | 259
5798 | 5978 | XT6977 | IOOQ Running | 63
5804 | 5804 | GU2322 | CKN Waiting | 284
5807 | 5807 | CK2402 | RQYP Running | 32
5816 | 5816 | ZU5938 | KCUE Running | 57
5828 | 6008 | TJ3648 | IOOQ Running | 190
5837 | 5837 | CK2402 | RQYP Running | 2
5839 | 5839 | CK2402 | Finished | 0
5846 | 5846 | ZU5938 | KCUE Running | 27
5858 | 6038 | LR3134 | IOOQ Running | 180
5873 | 6124 | ZU5938 | LHI Running | 284
5888 | 6068 | CV9815 | IOOQ Running | 156
5918 | 6098 | SI5540 | IOOQ Running | 111
5948 | 6128 | WC5441 | IOOQ Running | 97
5962 | 5962 | TG5438 | QMS Running | 191
5978 | 6158 | AD3718 | IOOQ Running | 229
5996 | 5996 | MP5810 | UGK Waiting | 256
6008 | 6188 | XT6977 | IOOQ Running | 33
6010 | 6010 | RP7698 | ERKB Running | 276
6038 | 6218 | TJ3648 | IOOQ Running | 160
6040 | 6040 | RP7698 | ERKB Running | 246
6041 | 6041 | GJ1699 | VSE Waiting | 172
6068 | 6248 | LR3134 | IOOQ Running | 150
6070 | 6070 | RP7698 | ERKB Running | 216
6088 | 6088 | GU2322 | CKN Running | 497
6098 | 6278 | CV9815 | IOOQ Running | 126
6100 | 6100 | RP7698 | ERKB Running | 186
6124 | 6124 | NL7343 | KCUE Running | 486
6128 | 6308 | SI5540 | IOOQ Running | 81
6130 | 6130 | RP7698 | ERKB Running | 156
6153 | 6153 | TG5438 | QMS Waiting | 446
6154 | 6154 | NL7343 | KCUE Running | 456
6158 | 6338 | WC5441 | IOOQ Running | 67
6160 | 6160 | RP7698 | ERKB Running | 126
6184 | 6184 | NL7343 | KCUE Running | 426
6188 | 6368 | AD3718 | IOOQ Running | 199
6190 | 6190 | RP7698 | ERKB Running | 96
6213 | 6812 | GJ1699 | VSE Running | 475
6214 | 6214 | NL7343 | KCUE Running | 396
6218 | 6398 | XT6977 | IOOQ Running | 3
6220 | 6220 | RP7698 | ERKB Running | 66
6239 | 6408 | GB5475 | LHI Running | 131
6244 | 6244 | NL7343 | KCUE Running | 366
6248 | 6401 | TJ3648 | IOOQ Running | 130
6250 | 6250 | RP7698 | ERKB Running | 36
6252 | 6252 | MP5810 | UGK Running | 452
6274 | 6274 | NL7343 | KCUE Running | 336
6278 | 6431 | LR3134 | IOOQ Running | 120
6280 | 6280 | RP7698 | ERKB Running | 6
6286 | 6286 | RP7698 | Finished | 0
6304 | 6304 | NL7343 | KCUE Running | 306
6308 | 6461 | CV9815 | IOOQ Running | 96
6310 | 6310 | XV8633 | ULK Waiting | 92
6334 | 6334 | NL7343 | KCUE Running | 276
6338 | 6491 | SI5540 | IOOQ Running | 51
6364 | 6364 | NL7343 | KCUE Running | 246
6368 | 6521 | WC5441 | IOOQ Running | 37
6376 | 6376 | XL2603 | VSE Waiting | 471
6394 | 6394 | NL7343 | KCUE Running | 216
6398 | 6551 | AD3718 | IOOQ Running | 169
6401 | 6401 | XT6977 | IOOQ Waiting | 423
6402 | 6523 | XV8633 | ULK Running | 178
6408 | 6408 | ZU5938 | LHI Waiting | 361
6424 | 6424 | NL7343 | KCUE Running | 186
6431 | 6581 | TJ3648 | IOOQ Running | 100
6454 | 6454 | NL7343 | KCUE Running | 156
6461 | 6611 | LR3134 | IOOQ Running | 90
6484 | 6484 | NL7343 | KCUE Running | 126
6491 | 6641 | CV9815 | IOOQ Running | 66
6514 | 6514 | NL7343 | KCUE Running | 96
6521 | 6671 | SI5540 | IOOQ Running | 21
6523 | 6523 | XU7199 | ULK Waiting | 383
6539 | 6539 | GB5475 | LHI Waiting | 232
6544 | 6544 | NL7343 | KCUE Running | 66
6551 | 6692 | WC5441 | IOOQ Running | 7
6574 | 6574 | NL7343 | KCUE Running | 36
6581 | 6699 | AD3718 | IOOQ Running | 139
6585 | 6585 | GU2322 | RQYP Running | 236
6599 | 6599 | TG5438 | QMS Running | 285
6604 | 6604 | NL7343 | KCUE Running | 6
6610 | 6610 | NL7343 | KCUE Waiting | 131
6611 | 6729 | TJ3648 | IOOQ Running | 70
6615 | 6615 | GU2322 | RQYP Running | 206
6641 | 6759 | LR3134 | IOOQ Running | 60
6645 | 6645 | GU2322 | RQYP Running | 176
6671 | 6789 | CV9815 | IOOQ Running | 36
6675 | 6675 | GU2322 | RQYP Running | 146
6692 | 6692 | SI5540 | IOOQ Waiting | 144
6699 | 6699 | WC5441 | IOOQ Waiting | 204
6701 | 6701 | XV8633 | ULK Waiting | 286
6704 | 6704 | MP5810 | KCUE Running | 28
6705 | 6705 | GU2322 | RQYP Running | 116
6729 | 6819 | AD3718 | IOOQ Running | 109
6732 | 6732 | MP5810 | Finished | 0
6735 | 6735 | GU2322 | RQYP Running | 86
6741 | 6741 | NL7343 | KCUE Running | 419
6759 | 6849 | TJ3648 | IOOQ Running | 40
6765 | 6765 | GU2322 | RQYP Running | 56
6769 | 6769 | ZU5938 | LHI Running | 155
6771 | 6924 | GB5475 | LHI Running | 467
6771 | 6771 | NL7343 | KCUE Running | 389
6789 | 6879 | LR3134 | IOOQ Running | 30
6795 | 6795 | GU2322 | RQYP Running | 26
6801 | 6801 | NL7343 | KCUE Running | 359
6812 | 6812 | HH5200 | VSE Waiting | 71
6819 | 6909 | CV9815 | IOOQ Running | 6
6821 | 6821 | GU2322 | Finished | 0
6824 | 6915 | XT6977 | IOOQ Running | 62
6831 | 6831 | NL7343 | KCUE Running | 329
6836 | 6945 | SI5540 | IOOQ Running | 71
6847 | 7287 | XL2603 | VSE Running | 293
6849 | 6975 | AD3718 | IOOQ Running | 79
6861 | 6861 | NL7343 | KCUE Running | 299
6879 | 7005 | TJ3648 | IOOQ Running | 10
6883 | 7580 | HH5200 | VSE Running | 91
6884 | 6884 | TG5438 | RQYP Running | 132
6891 | 6891 | NL7343 | KCUE Running | 269
6903 | 7015 | WC5441 | IOOQ Running | 85
6906 | 6906 | XU7199 | ULK Running | 395
6909 | 6909 | LR3134 | VWD Running | 419
6914 | 6914 | TG5438 | RQYP Running | 102
6915 | 6915 | CV9815 | IOOQ Waiting | 125
6921 | 6921 | NL7343 | KCUE Running | 239
6924 | 6924 | ZU5938 | LHI Waiting | 149
6944 | 6944 | TG5438 | RQYP Running | 72
6945 | 7045 | XT6977 | IOOQ Running | 32
6951 | 6951 | NL7343 | KCUE Running | 209
6974 | 6974 | TG5438 | RQYP Running | 42
6975 | 7075 | SI5540 | IOOQ Running | 41
6981 | 6981 | NL7343 | KCUE Running | 179
6987 | 7301 | XV8633 | ULK Running | 300
7004 | 7004 | TG5438 | RQYP Running | 12
7005 | 7105 | AD3718 | IOOQ Running | 49
7011 | 7011 | NL7343 | KCUE Running | 149
7015 | 7015 | TJ3648 | YLL Running | 236
7016 | 7016 | TG5438 | Finished | 0
7040 | 7135 | CV9815 | IOOQ Running | 83
7041 | 7041 | NL7343 | KCUE Running | 119
7045 | 7165 | WC5441 | IOOQ Running | 55
7071 | 7071 | NL7343 | KCUE Running | 89
7073 | 7391 | ZU5938 | LHI Running | 269
7075 | 7195 | XT6977 | IOOQ Running | 2
7101 | 7101 | NL7343 | KCUE Running | 59
7105 | 7197 | SI5540 | IOOQ Running | 11
7131 | 7131 | NL7343 | KCUE Running | 29
7135 | 7208 | AD3718 | IOOQ Running | 19
7160 | 7160 | NL7343 | UGK Running | 26
7165 | 7227 | CV9815 | IOOQ Running | 53
7186 | 7186 | NL7343 | UGK Waiting | 27
7195 | 7257 | WC5441 | IOOQ Running | 25
7197 | 7197 | XT6977 | NVE Running | 389
7208 | 7328 | SI5540 | VWD Running | 270
7213 | 7213 | NL7343 | UGK Running | 432
7227 | 7227 | AD3718 | IOOQ Waiting | 448
7251 | 7251 | TJ3648 | YLL Waiting | 409
7257 | 7282 | CV9815 | IOOQ Running | 23
7282 | 7598 | WC5441 | VWD Running | 427
7287 | 7287 | GJ1699 | VSE Waiting | 9
7296 | 7671 | GJ1699 | VSE Running | 371
7301 | 7301 | XU7199 | ERKB Running | 72
7305 | 7305 | CV9815 | YLL Running | 275
7328 | 7328 | LR3134 | VWD Waiting | 79
7331 | 7331 | XU7199 | ERKB Running | 42
7361 | 7361 | XU7199 | ERKB Running | 12
7373 | 7373 | XU7199 | Finished | 0
7391 | 7391 | GB5475 | KCUE Running | 242
7407 | 8025 | LR3134 | VWD Running | 446
7421 | 7421 | GB5475 | KCUE Running | 212
7451 | 7451 | GB5475 | KCUE Running | 182
7481 | 7481 | GB5475 | KCUE Running | 152
7511 | 7511 | GB5475 | KCUE Running | 122
7541 | 7541 | GB5475 | KCUE Running | 92
7571 | 7571 | GB5475 | KCUE Running | 62
7580 | 7580 | CV9815 | YLL Waiting | 57
7580 | 7580 | XL2603 | VSE Waiting | 363
7586 | 7586 | XT6977 | NVE Waiting | 44
7598 | 7598 | SI5540 | VWD Waiting | 94
7601 | 7601 | XV8633 | ERKB Running | 147
7601 | 7601 | GB5475 | KCUE Running | 32
7630 | 7630 | XT6977 | NVE Running | 449
7631 | 7631 | GB5475 | KCUE Running | 2
7631 | 7631 | XV8633 | ERKB Running | 117
7633 | 7633 | GB5475 | KCUE Waiting | 450
7637 | 7637 | CV9815 | YLL Running | 130
7645 | 7645 | NL7343 | UGK Waiting | 377
7660 | 7767 | TJ3648 | YLL Running | 486
7660 | 7660 | ZU5938 | LHI Waiting | 16
7661 | 7661 | XV8633 | ERKB Running | 87
7671 | 7671 | HH5200 | VSE Waiting | 94
7675 | 7675 | AD3718 | IOOQ Running | 327
7676 | 7676 | ZU5938 | LHI Running | 156
7691 | 7691 | XV8633 | ERKB Running | 57
7692 | 8471 | SI5540 | VWD Running | 415
7705 | 7705 | AD3718 | IOOQ Running | 297
7721 | 7721 | XV8633 | ERKB Running | 27
7735 | 7735 | AD3718 | IOOQ Running | 267
7748 | 7748 | XV8633 | Finished | 0
7765 | 8042 | HH5200 | VSE Running | 142
7765 | 7765 | AD3718 | IOOQ Running | 237
7767 | 7767 | CV9815 | YLL Waiting | 18
7785 | 8253 | CV9815 | YLL Running | 102
7795 | 7795 | AD3718 | IOOQ Running | 207
7825 | 7825 | AD3718 | IOOQ Running | 177
7832 | 7832 | ZU5938 | KCUE Running | 148
7855 | 7855 | AD3718 | IOOQ Running | 147
7862 | 7862 | ZU5938 | KCUE Running | 118
7885 | 7885 | AD3718 | IOOQ Running | 117
7892 | 7892 | ZU5938 | KCUE Running | 88
7915 | 7915 | AD3718 | IOOQ Running | 87
7922 | 7922 | ZU5938 | KCUE Running | 58
7943 | 8184 | XL2603 | VSE Running | 497
7945 | 7945 | AD3718 | IOOQ Running | 57
7952 | 7952 | ZU5938 | KCUE Running | 28
7975 | 7975 | AD3718 | IOOQ Running | 27
7980 | 7980 | ZU5938 | Finished | 0
8002 | 8079 | AD3718 | NVE Running | 125
8022 | 8022 | NL7343 | UGK Running | 48
8025 | 8025 | WC5441 | VWD Waiting | 262
8042 | 8042 | GJ1699 | VSE Waiting | 320
8070 | 8070 | NL7343 | UGK Waiting | 349
8079 | 8079 | XT6977 | NVE Waiting | 396
8083 | 8083 | GB5475 | KCUE Running | 379
8113 | 8113 | GB5475 | KCUE Running | 349
8143 | 8143 | GB5475 | KCUE Running | 319
8173 | 8173 | GB5475 | KCUE Running | 289
8184 | 8184 | HH5200 | VSE Waiting | 170
8203 | 8203 | GB5475 | KCUE Running | 259
8204 | 8204 | AD3718 | NVE Waiting | 444
8233 | 8233 | GB5475 | KCUE Running | 229
8253 | 8253 | TJ3648 | YLL Waiting | 361
8263 | 8263 | GB5475 | KCUE Running | 199
8287 | 8886 | WC5441 | VWD Running | 103
8293 | 8293 | GB5475 | KCUE Running | 169
8323 | 8323 | GB5475 | KCUE Running | 139
8353 | 8353 | GB5475 | KCUE Running | 109
8354 | 8681 | HH5200 | VSE Running | 381
8355 | 8355 | CV9815 | YLL Waiting | 438
8362 | 9062 | GJ1699 | VSE Running | 326
8383 | 8383 | GB5475 | KCUE Running | 79
8413 | 8413 | GB5475 | KCUE Running | 49
8419 | 8419 | NL7343 | UGK Running | 13
8432 | 8443 | NL7343 | KCUE Running | 22
8443 | 8465 | GB5475 | KCUE Running | 19
8465 | 8465 | NL7343 | Finished | 0
8471 | 8471 | LR3134 | VWD Waiting | 146
8475 | 8475 | XT6977 | NVE Running | 328
8484 | 9388 | GB5475 | VSE Running | 409
8614 | 8614 | TJ3648 | YLL Running | 131
8617 | 8989 | LR3134 | VWD Running | 36
8648 | 8803 | AD3718 | NVE Running | 78
8681 | 8681 | XL2603 | KCUE Running | 465
8711 | 8711 | XL2603 | KCUE Running | 435
8741 | 8741 | XL2603 | KCUE Running | 405
8745 | 8745 | TJ3648 | YLL Waiting | 288
8771 | 8771 | XL2603 | KCUE Running | 375
8793 | 8793 | CV9815 | YLL Running | 244
8801 | 8801 | XL2603 | KCUE Running | 345
8803 | 8803 | XT6977 | NVE Waiting | 237
8831 | 8831 | XL2603 | KCUE Running | 315
8861 | 8861 | XL2603 | KCUE Running | 285
8881 | 8881 | AD3718 | NVE Waiting | 182
8886 | 8886 | SI5540 | VWD Waiting | 119
8891 | 8891 | XL2603 | KCUE Running | 255
8921 | 8921 | XL2603 | KCUE Running | 225
8951 | 8951 | XL2603 | KCUE Running | 195
8981 | 8981 | XL2603 | KCUE Running | 165
8989 | 8989 | WC5441 | VWD Waiting | 257
9005 | 9025 | SI5540 | VWD Running | 102
9011 | 9011 | XL2603 | KCUE Running | 135
9025 | 9025 | LR3134 | VWD Waiting | 408
9033 | 9037 | TJ3648 | YLL Running | 363
9037 | 9037 | CV9815 | IOOQ Running | 365
9040 | 9040 | XT6977 | NVE Running | 154
9041 | 9041 | XL2603 | KCUE Running | 105
9062 | 9071 | HH5200 | KCUE Running | 123
9063 | 9194 | AD3718 | NVE Running | 312
9067 | 9067 | CV9815 | IOOQ Running | 335
9071 | 9101 | XL2603 | KCUE Running | 75
9097 | 9097 | CV9815 | IOOQ Running | 305
9101 | 9131 | HH5200 | KCUE Running | 93
9127 | 9127 | SI5540 | VWD Waiting | 175
9127 | 9127 | CV9815 | IOOQ Running | 275
9131 | 9161 | XL2603 | KCUE Running | 45
9157 | 9157 | CV9815 | IOOQ Running | 245
9161 | 9191 | HH5200 | KCUE Running | 63
9187 | 9187 | CV9815 | IOOQ Running | 215
9191 | 9221 | XL2603 | KCUE Running | 15
9194 | 9217 | XT6977 | IOOQ Running | 275
9217 | 9247 | CV9815 | IOOQ Running | 185
9221 | 9236 | HH5200 | KCUE Running | 33
9236 | 9236 | XL2603 | Finished | 0
9246 | 9246 | WC5441 | VWD Running | 366
9247 | 9277 | XT6977 | IOOQ Running | 245
9266 | 9266 | HH5200 | KCUE Running | 3
9269 | 9269 | HH5200 | Finished | 0
9277 | 9307 | CV9815 | IOOQ Running | 155
9302 | 9612 | SI5540 | VWD Running | 464
9307 | 9337 | XT6977 | IOOQ Running | 215
9337 | 9367 | CV9815 | IOOQ Running | 125
9367 | 9397 | XT6977 | IOOQ Running | 185
9388 | 9388 | GJ1699 | KCUE Running | 434
9397 | 9427 | CV9815 | IOOQ Running | 95
9400 | 9457 | TJ3648 | IOOQ Running | 498
9418 | 9418 | GJ1699 | KCUE Running | 404
9427 | 9487 | XT6977 | IOOQ Running | 155
9433 | 10076 | LR3134 | VWD Running | 485
9448 | 9448 | GJ1699 | KCUE Running | 374
9457 | 9517 | CV9815 | IOOQ Running | 65
9478 | 9478 | GJ1699 | KCUE Running | 344
9487 | 9547 | TJ3648 | IOOQ Running | 468
9506 | 9506 | AD3718 | NVE Waiting | 56
9508 | 9508 | GJ1699 | KCUE Running | 314
9517 | 9577 | XT6977 | IOOQ Running | 125
9538 | 9538 | GJ1699 | KCUE Running | 284
9547 | 9607 | CV9815 | IOOQ Running | 35
9562 | 9562 | AD3718 | NVE Running | 118
9568 | 9568 | GJ1699 | KCUE Running | 254
9577 | 9637 | TJ3648 | IOOQ Running | 438
9598 | 9598 | GJ1699 | KCUE Running | 224
9607 | 9667 | XT6977 | IOOQ Running | 95
9612 | 9612 | WC5441 | VWD Waiting | 443
9628 | 9628 | GJ1699 | KCUE Running | 194
9637 | 9697 | CV9815 | IOOQ Running | 5
9658 | 9658 | GJ1699 | KCUE Running | 164
9667 | 9702 | TJ3648 | IOOQ Running | 408
9680 | 9732 | AD3718 | IOOQ Running | 349
9688 | 9688 | GJ1699 | KCUE Running | 134
9697 | 9762 | XT6977 | IOOQ Running | 65
9702 | 9702 | CV9815 | Finished | 0
9718 | 9718 | GJ1699 | KCUE Running | 104
9732 | 9792 | TJ3648 | IOOQ Running | 378
9748 | 9748 | GJ1699 | KCUE Running | 74
9762 | 9822 | AD3718 | IOOQ Running | 319
9778 | 9778 | GJ1699 | KCUE Running | 44
9792 | 9852 | XT6977 | IOOQ Running | 35
9797 | 9797 | GB5475 | VSE Waiting | 260
9808 | 9808 | GJ1699 | KCUE Running | 14
9822 | 9822 | GJ1699 | Finished | 0
9822 | 9882 | TJ3648 | IOOQ Running | 348
9852 | 9912 | AD3718 | IOOQ Running | 289
9882 | 9942 | XT6977 | IOOQ Running | 5
9912 | 9947 | TJ3648 | IOOQ Running | 318
9942 | 9977 | AD3718 | IOOQ Running | 259
9947 | 9947 | XT6977 | Finished | 0
9977 | 10007 | TJ3648 | IOOQ Running | 288
10007 | 10037 | AD3718 | IOOQ Running | 229
10037 | 10067 | TJ3648 | IOOQ Running | 258
10055 | 10561 | WC5441 | VWD Running | 382
10057 | 10057 | GB5475 | VSE Running | 72
10067 | 10097 | AD3718 | IOOQ Running | 199
10076 | 10127 | SI5540 | IOOQ Running | 138
10097 | 10157 | TJ3648 | IOOQ Running | 228
10127 | 10187 | AD3718 | IOOQ Running | 169
10129 | 10129 | GB5475 | VSE Waiting | 357
10157 | 10217 | SI5540 | IOOQ Running | 108
10187 | 10247 | TJ3648 | IOOQ Running | 198
10217 | 10277 | AD3718 | IOOQ Running | 139
10247 | 10307 | SI5540 | IOOQ Running | 78
10277 | 10337 | TJ3648 | IOOQ Running | 168
10307 | 10367 | AD3718 | IOOQ Running | 109
10337 | 10397 | SI5540 | IOOQ Running | 48
10367 | 10427 | TJ3648 | IOOQ Running | 138
10397 | 10457 | AD3718 | IOOQ Running | 79
10427 | 10487 | SI5540 | IOOQ Running | 18
10457 | 10505 | TJ3648 | IOOQ Running | 108
10486 | 10486 | GB5475 | VSE Running | 454
10487 | 10535 | AD3718 | IOOQ Running | 49
10505 | 10505 | SI5540 | Finished | 0
10535 | 10565 | TJ3648 | IOOQ Running | 78
10561 | 10595 | LR3134 | IOOQ Running | 360
10565 | 10625 | AD3718 | IOOQ Running | 19
10595 | 10644 | TJ3648 | IOOQ Running | 48
10625 | 10674 | LR3134 | IOOQ Running | 330
10644 | 10644 | AD3718 | Finished | 0
10674 | 10704 | TJ3648 | IOOQ Running | 18
10704 | 10722 | LR3134 | IOOQ Running | 300
10722 | 10722 | TJ3648 | Finished | 0
10752 | 10752 | LR3134 | IOOQ Running | 270
10782 | 10782 | LR3134 | IOOQ Running | 240
10812 | 10812 | LR3134 | IOOQ Running | 210
10842 | 10842 | LR3134 | IOOQ Running | 180
10872 | 10872 | LR3134 | IOOQ Running | 150
10902 | 10902 | LR3134 | IOOQ Running | 120
10932 | 10932 | LR3134 | IOOQ Running | 90
10940 | 10940 | GB5475 | VSE Waiting | 143
10943 | 10962 | WC5441 | IOOQ Running | 114
10962 | 10992 | LR3134 | IOOQ Running | 60
10992 | 11022 | WC5441 | IOOQ Running | 84
11022 | 11052 | LR3134 | IOOQ Running | 30
11052 | 11082 | WC5441 | IOOQ Running | 54
11082 | 11082 | LR3134 | Finished | 0
11083 | 11083 | GB5475 | VSE Running | 273
11112 | 11112 | WC5441 | IOOQ Running | 24
11136 | 11136 | WC5441 | Finished | 0
11356 | 11356 | GB5475 | KCUE Running | 477
11386 | 11386 | GB5475 | KCUE Running | 447
11416 | 11416 | GB5475 | KCUE Running | 417
11446 | 11446 | GB5475 | KCUE Running | 387
11476 | 11476 | GB5475 | KCUE Running | 357
11506 | 11506 | GB5475 | KCUE Running | 327
11536 | 11536 | GB5475 | KCUE Running | 297
11566 | 11566 | GB5475 | KCUE Running | 267
11596 | 11596 | GB5475 | KCUE Running | 237
11626 | 11626 | GB5475 | KCUE Running | 207
11656 | 11656 | GB5475 | KCUE Running | 177
11686 | 11686 | GB5475 | KCUE Running | 147
11716 | 11716 | GB5475 | KCUE Running | 117
11746 | 11746 | GB5475 | KCUE Running | 87
11776 | 11776 | GB5475 | KCUE Running | 57
11806 | 11806 | GB5475 | KCUE Running | 27
11833 | 11833 | GB5475 | Finished | 0
