4 | 4 | WR2564 | PVUW Running | 96
34 | 34 | WR2564 | PVUW Running | 66
64 | 64 | WR2564 | PVUW Running | 36
73 | 94 | SB8199 | PVUW Running | 111
74 | 74 | MZ3942 | FHTG Running | 455
94 | 124 | WR2564 | PVUW Running | 6
104 | 104 | MZ3942 | FHTG Running | 425
118 | 134 | RC8827 | FHTG Running | 143
124 | 130 | SB8199 | PVUW Running | 81
130 | 130 | WR2564 | PVUW Waiting | 62
134 | 164 | MZ3942 | FHTG Running | 395
160 | 160 | SB8199 | PVUW Running | 51
164 | 194 | RC8827 | FHTG Running | 113
190 | 190 | SB8199 | PVUW Running | 21
192 | 211 | WR2564 | PVUW Running | 127
194 | 224 | MZ3942 | FHTG Running | 365
211 | 211 | SB8199 | PVUW Waiting | 166
224 | 254 | RC8827 | FHTG Running | 83
241 | 241 | WR2564 | PVUW Running | 97
254 | 284 | MZ3942 | FHTG Running | 335
271 | 271 | WR2564 | PVUW Running | 67
284 | 314 | RC8827 | FHTG Running | 53
301 | 301 | WR2564 | PVUW Running | 37
314 | 344 | MZ3942 | FHTG Running | 305
331 | 331 | WR2564 | PVUW Running | 7
338 | 338 | WR2564 | QBC Running | 236
344 | 374 | RC8827 | FHTG Running | 23
374 | 397 | MZ3942 | FHTG Running | 275
377 | 377 | SB8199 | PVUW Running | 494
397 | 397 | RC8827 | FHTG Waiting | 77
407 | 407 | SB8199 | PVUW Running | 464
427 | 427 | MZ3942 | FHTG Running | 245
437 | 437 | SB8199 | PVUW Running | 434
457 | 457 | MZ3942 | FHTG Running | 215
467 | 467 | SB8199 | PVUW Running | 404
474 | 487 | RC8827 | FHTG Running | 447
487 | 517 | MZ3942 | FHTG Running | 185
497 | 497 | SB8199 | PVUW Running | 374
517 | 547 | RC8827 | FHTG Running | 417
527 | 527 | SB8199 | PVUW Running | 344
547 | 577 | MZ3942 | FHTG Running | 155
557 | 557 | SB8199 | PVUW Running | 314
574 | 574 | WR2564 | QBC Waiting | 471
577 | 607 | RC8827 | FHTG Running | 387
587 | 587 | SB8199 | PVUW Running | 284
607 | 637 | MZ3942 | FHTG Running | 125
617 | 617 | SB8199 | PVUW Running | 254
637 | 667 | RC8827 | FHTG Running | 357
647 | 647 | SB8199 | PVUW Running | 224
667 | 697 | MZ3942 | FHTG Running | 95
677 | 677 | SB8199 | PVUW Running | 194
697 | 727 | RC8827 | FHTG Running | 327
707 | 707 | SB8199 | PVUW Running | 164
727 | 757 | MZ3942 | FHTG Running | 65
737 | 737 | SB8199 | PVUW Running | 134
757 | 787 | RC8827 | FHTG Running | 297
767 | 767 | SB8199 | PVUW Running | 104
787 | 817 | MZ3942 | FHTG Running | 35
797 | 797 | SB8199 | PVUW Running | 74
817 | 847 | RC8827 | FHTG Running | 267
827 | 827 | SB8199 | PVUW Running | 44
847 | 877 | MZ3942 | FHTG Running | 5
857 | 857 | SB8199 | PVUW Running | 14
871 | 871 | SB8199 | QCL Running | 294
877 | 882 | RC8827 | FHTG Running | 237
882 | 882 | MZ3942 | FHTG Waiting | 109
912 | 912 | RC8827 | FHTG Running | 207
942 | 942 | RC8827 | FHTG Running | 177
972 | 972 | RC8827 | FHTG Running | 147
991 | 1002 | MZ3942 | FHTG Running | 427
1002 | 1032 | RC8827 | FHTG Running | 117
1032 | 1062 | MZ3942 | FHTG Running | 397
1045 | 1045 | WR2564 | QBC Running | 65
1062 | 1092 | RC8827 | FHTG Running | 87
1092 | 1122 | MZ3942 | FHTG Running | 367
1110 | 1110 | WR2564 | QBC Waiting | 20
1122 | 1152 | RC8827 | FHTG Running | 57
1130 | 1130 | WR2564 | QBC Running | 344
1152 | 1182 | MZ3942 | FHTG Running | 337
1165 | 1165 | SB8199 | QCL Waiting | 469
1182 | 1212 | RC8827 | FHTG Running | 27
1212 | 1239 | MZ3942 | FHTG Running | 307
1239 | 1239 | RC8827 | JXQ Running | 316
1269 | 1269 | MZ3942 | FHTG Running | 277
1299 | 1299 | MZ3942 | FHTG Running | 247
1329 | 1329 | MZ3942 | FHTG Running | 217
1359 | 1359 | MZ3942 | FHTG Running | 187
1389 | 1389 | MZ3942 | FHTG Running | 157
1419 | 1419 | MZ3942 | FHTG Running | 127
1449 | 1449 | MZ3942 | FHTG Running | 97
1474 | 1474 | WR2564 | QBC Waiting | 391
1479 | 1479 | MZ3942 | FHTG Running | 67
1509 | 1509 | MZ3942 | FHTG Running | 37
1539 | 1539 | MZ3942 | FHTG Running | 7
1546 | 1546 | MZ3942 | DRT Running | 453
1555 | 1555 | RC8827 | JXQ Waiting | 249
1634 | 1634 | SB8199 | QCL Running | 159
1793 | 1793 | SB8199 | QCL Waiting | 306
1804 | 1804 | RC8827 | JXQ Running | 6
1810 | 1810 | RC8827 | JXQ Waiting | 53
1863 | 1863 | RC8827 | JXQ Running | 36
1865 | 1865 | WR2564 | QBC Running | 271
1899 | 1899 | RC8827 | JXQ Waiting | 75
1974 | 1974 | RC8827 | JXQ Running | 162
1999 | 1999 | MZ3942 | DRT Waiting | 153
2099 | 2099 | SB8199 | QCL Running | 255
2136 | 2136 | RC8827 | FHTG Running | 131
2136 | 2136 | WR2564 | PVUW Running | 67
2152 | 2152 | MZ3942 | DRT Running | 172
2166 | 2166 | RC8827 | FHTG Running | 101
2166 | 2166 | WR2564 | PVUW Running | 37
2196 | 2196 | RC8827 | FHTG Running | 71
2196 | 2196 | WR2564 | PVUW Running | 7
2203 | 2203 | WR2564 | PVUW Waiting | 342
2226 | 2226 | RC8827 | FHTG Running | 41
2256 | 2256 | RC8827 | FHTG Running | 11
2267 | 2267 | RC8827 | FHTG Waiting | 88
2324 | 2324 | MZ3942 | DRT Waiting | 425
2354 | 2354 | SB8199 | QCL Waiting | 203
2355 | 2355 | RC8827 | FHTG Running | 89
2385 | 2385 | RC8827 | FHTG Running | 59
2415 | 2415 | RC8827 | FHTG Running | 29
2444 | 2444 | RC8827 | TGV Running | 430
2545 | 2545 | WR2564 | PVUW Running | 482
2557 | 2557 | SB8199 | QCL Running | 449
2575 | 2575 | WR2564 | PVUW Running | 452
2605 | 2605 | WR2564 | PVUW Running | 422
2635 | 2635 | WR2564 | PVUW Running | 392
2665 | 2665 | WR2564 | PVUW Running | 362
2695 | 2695 | WR2564 | PVUW Running | 332
2725 | 2725 | WR2564 | PVUW Running | 302
2749 | 2749 | MZ3942 | DRT Running | 477
2755 | 2755 | WR2564 | PVUW Running | 272
2785 | 2785 | WR2564 | PVUW Running | 242
2815 | 2815 | WR2564 | PVUW Running | 212
2845 | 2845 | WR2564 | PVUW Running | 182
2874 | 2874 | RC8827 | TGV Waiting | 107
2875 | 2875 | WR2564 | PVUW Running | 152
2905 | 2905 | WR2564 | PVUW Running | 122
2935 | 2935 | WR2564 | PVUW Running | 92
2965 | 2965 | WR2564 | PVUW Running | 62
2981 | 2981 | RC8827 | TGV Running | 247
2995 | 2995 | WR2564 | PVUW Running | 32
3006 | 3025 | SB8199 | PVUW Running | 336
3025 | 3055 | WR2564 | PVUW Running | 2
3055 | 3057 | SB8199 | PVUW Running | 306
3057 | 3057 | WR2564 | CQT Running | 289
3087 | 3087 | SB8199 | PVUW Running | 276
3117 | 3117 | SB8199 | PVUW Running | 246
3147 | 3147 | SB8199 | PVUW Running | 216
3177 | 3177 | SB8199 | PVUW Running | 186
3207 | 3207 | SB8199 | PVUW Running | 156
3226 | 3226 | MZ3942 | DRT Waiting | 328
3228 | 3228 | RC8827 | TGV Waiting | 312
3237 | 3237 | SB8199 | PVUW Running | 126
3267 | 3267 | SB8199 | PVUW Running | 96
3297 | 3297 | SB8199 | PVUW Running | 66
3327 | 3327 | SB8199 | PVUW Running | 36
3346 | 3346 | WR2564 | CQT Waiting | 235
3357 | 3357 | SB8199 | PVUW Running | 6
3363 | 3363 | SB8199 | PVUW Waiting | 425
3540 | 3540 | RC8827 | TGV Running | 156
3554 | 3554 | MZ3942 | DRT Running | 138
3581 | 3581 | WR2564 | CQT Running | 53
3634 | 3634 | WR2564 | CQT Waiting | 228
3692 | 3692 | MZ3942 | FHTG Running | 322
3696 | 3696 | RC8827 | TGV Waiting | 345
3722 | 3722 | MZ3942 | FHTG Running | 292
3752 | 3752 | MZ3942 | FHTG Running | 262
3782 | 3782 | MZ3942 | FHTG Running | 232
3788 | 3788 | SB8199 | PVUW Running | 469
3812 | 3812 | MZ3942 | FHTG Running | 202
3818 | 3818 | SB8199 | PVUW Running | 439
3842 | 3842 | MZ3942 | FHTG Running | 172
3848 | 3848 | SB8199 | PVUW Running | 409
3862 | 3862 | WR2564 | CQT Running | 207
3872 | 3872 | MZ3942 | FHTG Running | 142
3878 | 3878 | SB8199 | PVUW Running | 379
3902 | 3902 | MZ3942 | FHTG Running | 112
3908 | 3908 | SB8199 | PVUW Running | 349
3932 | 3932 | MZ3942 | FHTG Running | 82
3938 | 3938 | SB8199 | PVUW Running | 319
3962 | 3962 | MZ3942 | FHTG Running | 52
3968 | 3968 | SB8199 | PVUW Running | 289
3992 | 3992 | MZ3942 | FHTG Running | 22
3998 | 3998 | SB8199 | PVUW Running | 259
4014 | 4014 | MZ3942 | FHTG Waiting | 32
4028 | 4028 | SB8199 | PVUW Running | 229
4041 | 4041 | RC8827 | TGV Running | 9
4046 | 4046 | MZ3942 | FHTG Running | 432
4050 | 4076 | RC8827 | FHTG Running | 411
4058 | 4058 | SB8199 | PVUW Running | 199
4069 | 4069 | WR2564 | CQT Waiting | 491
4076 | 4106 | MZ3942 | FHTG Running | 402
4088 | 4088 | SB8199 | PVUW Running | 169
4106 | 4136 | RC8827 | FHTG Running | 381
4118 | 4118 | SB8199 | PVUW Running | 139
4136 | 4166 | MZ3942 | FHTG Running | 372
4148 | 4148 | SB8199 | PVUW Running | 109
4166 | 4196 | RC8827 | FHTG Running | 351
4178 | 4178 | SB8199 | PVUW Running | 79
4196 | 4226 | MZ3942 | FHTG Running | 342
4208 | 4208 | SB8199 | PVUW Running | 49
4226 | 4256 | RC8827 | FHTG Running | 321
4238 | 4238 | SB8199 | PVUW Running | 19
4256 | 4286 | MZ3942 | FHTG Running | 312
4257 | 4257 | SB8199 | CQT Running | 376
4286 | 4316 | RC8827 | FHTG Running | 291
4316 | 4346 | MZ3942 | FHTG Running | 282
4346 | 4376 | RC8827 | FHTG Running | 261
4376 | 4406 | MZ3942 | FHTG Running | 252
4406 | 4436 | RC8827 | FHTG Running | 231
4436 | 4466 | MZ3942 | FHTG Running | 222
4466 | 4496 | RC8827 | FHTG Running | 201
4496 | 4526 | MZ3942 | FHTG Running | 192
4526 | 4556 | RC8827 | FHTG Running | 171
4556 | 4586 | MZ3942 | FHTG Running | 162
4560 | 4633 | WR2564 | CQT Running | 132
4586 | 4616 | RC8827 | FHTG Running | 141
4616 | 4646 | MZ3942 | FHTG Running | 132
4633 | 4633 | SB8199 | CQT Waiting | 104
4646 | 4676 | RC8827 | FHTG Running | 111
4676 | 4706 | MZ3942 | FHTG Running | 102
4706 | 4736 | RC8827 | FHTG Running | 81
4736 | 4766 | MZ3942 | FHTG Running | 72
4737 | 4765 | SB8199 | CQT Running | 106
4765 | 4765 | WR2564 | PVUW Running | 55
4766 | 4796 | RC8827 | FHTG Running | 51
4795 | 4795 | WR2564 | PVUW Running | 25
4796 | 4826 | MZ3942 | FHTG Running | 42
4820 | 4820 | WR2564 | Finished | 0
4826 | 4856 | RC8827 | FHTG Running | 21
4856 | 4877 | MZ3942 | FHTG Running | 12
4871 | 4871 | SB8199 | CQT Waiting | 415
4877 | 4877 | RC8827 | Finished | 0
4889 | 4889 | MZ3942 | LJM Running | 316
5205 | 5205 | MZ3942 | LJM Waiting | 306
5286 | 5286 | SB8199 | CQT Running | 24
5310 | 5310 | SB8199 | CQT Waiting | 76
5386 | 5386 | SB8199 | CQT Running | 498
5511 | 5511 | MZ3942 | LJM Running | 493
5884 | 5884 | SB8199 | PVUW Running | 432
5914 | 5914 | SB8199 | PVUW Running | 402
5944 | 5944 | SB8199 | PVUW Running | 372
5974 | 5974 | SB8199 | PVUW Running | 342
6004 | 6004 | MZ3942 | LJM Waiting | 342
6004 | 6004 | SB8199 | PVUW Running | 312
6034 | 6034 | SB8199 | PVUW Running | 282
6064 | 6064 | SB8199 | PVUW Running | 252
6094 | 6094 | SB8199 | PVUW Running | 222
6124 | 6124 | SB8199 | PVUW Running | 192
6154 | 6154 | SB8199 | PVUW Running | 162
6184 | 6184 | SB8199 | PVUW Running | 132
6214 | 6214 | SB8199 | PVUW Running | 102
6244 | 6244 | SB8199 | PVUW Running | 72
6274 | 6274 | SB8199 | PVUW Running | 42
6304 | 6304 | SB8199 | PVUW Running | 12
6316 | 6316 | SB8199 | Finished | 0
6346 | 6346 | MZ3942 | LJM Running | 247
6593 | 6593 | MZ3942 | LJM Waiting | 108
6701 | 6701 | MZ3942 | LJM Running | 95
6796 | 6796 | MZ3942 | FHTG Running | 434
6826 | 6826 | MZ3942 | FHTG Running | 404
6856 | 6856 | MZ3942 | FHTG Running | 374
6886 | 6886 | MZ3942 | FHTG Running | 344
6916 | 6916 | MZ3942 | FHTG Running | 314
6946 | 6946 | MZ3942 | FHTG Running | 284
6976 | 6976 | MZ3942 | FHTG Running | 254
7006 | 7006 | MZ3942 | FHTG Running | 224
7036 | 7036 | MZ3942 | FHTG Running | 194
7066 | 7066 | MZ3942 | FHTG Running | 164
7096 | 7096 | MZ3942 | FHTG Running | 134
7126 | 7126 | MZ3942 | FHTG Running | 104
7156 | 7156 | MZ3942 | FHTG Running | 74
7186 | 7186 | MZ3942 | FHTG Running | 44
7216 | 7216 | MZ3942 | FHTG Running | 14
7230 | 7230 | MZ3942 | Finished | 0
