26 | 26 | XZ3312 | TIDV Running | 387
42 | 56 | AQ4705 | TIDV Running | 308
48 | 48 | UV6984 | JVVK Running | 90
56 | 86 | XZ3312 | TIDV Running | 357
78 | 78 | UV6984 | JVVK Running | 60
86 | 116 | AQ4705 | TIDV Running | 278
108 | 108 | UV6984 | JVVK Running | 30
116 | 146 | XZ3312 | TIDV Running | 327
117 | 117 | DV4581 | VDRA Running | 484
138 | 138 | UV6984 | JVVK Waiting | 483
146 | 176 | AQ4705 | TIDV Running | 248
147 | 147 | DV4581 | VDRA Running | 454
176 | 206 | XZ3312 | TIDV Running | 297
177 | 177 | DV4581 | VDRA Running | 424
202 | 202 | RR3020 | BRKX Running | 342
206 | 236 | AQ4705 | TIDV Running | 218
207 | 207 | DV4581 | VDRA Running | 394
216 | 266 | XY6882 | TIDV Running | 288
232 | 232 | RR3020 | BRKX Running | 312
235 | 296 | XC5345 | TIDV Running | 263
236 | 262 | PL7648 | BRKX Running | 47
236 | 326 | XZ3312 | TIDV Running | 267
237 | 237 | DV4581 | VDRA Running | 364
262 | 292 | RR3020 | BRKX Running | 282
264 | 267 | VZ8618 | VDRA Running | 255
266 | 356 | AQ4705 | TIDV Running | 188
267 | 297 | DV4581 | VDRA Running | 334
272 | 272 | TN1344 | JVVK Running | 74
292 | 322 | PL7648 | BRKX Running | 17
296 | 386 | XY6882 | TIDV Running | 258
297 | 327 | VZ8618 | VDRA Running | 225
299 | 339 | UK1061 | BRKX Running | 47
302 | 302 | TN1344 | JVVK Running | 44
322 | 369 | RR3020 | BRKX Running | 252
326 | 416 | XC5345 | TIDV Running | 233
327 | 357 | DV4581 | VDRA Running | 304
332 | 332 | TN1344 | JVVK Running | 14
339 | 339 | PL7648 | BRKX Waiting | 322
346 | 346 | TN1344 | JVVK Waiting | 216
356 | 446 | XZ3312 | TIDV Running | 237
357 | 387 | VZ8618 | VDRA Running | 195
369 | 399 | UK1061 | BRKX Running | 17
374 | 476 | XV3175 | TIDV Running | 464
386 | 506 | AQ4705 | TIDV Running | 158
387 | 417 | DV4581 | VDRA Running | 274
399 | 416 | RR3020 | BRKX Running | 222
416 | 416 | UK1061 | BRKX Waiting | 99
416 | 536 | XY6882 | TIDV Running | 228
417 | 447 | VZ8618 | VDRA Running | 165
446 | 446 | RR3020 | BRKX Running | 192
446 | 566 | XC5345 | TIDV Running | 203
447 | 447 | IQ7031 | JVVK Running | 136
447 | 477 | DV4581 | VDRA Running | 244
453 | 476 | MX2096 | BRKX Running | 127
460 | 507 | GI7962 | VDRA Running | 280
476 | 506 | RR3020 | BRKX Running | 162
476 | 596 | XZ3312 | TIDV Running | 207
477 | 477 | IQ7031 | JVVK Running | 106
477 | 537 | VZ8618 | VDRA Running | 135
501 | 536 | FQ3188 | BRKX Running | 241
504 | 626 | WM2834 | TIDV Running | 390
506 | 566 | MX2096 | BRKX Running | 97
506 | 656 | XV3175 | TIDV Running | 434
507 | 567 | DV4581 | VDRA Running | 214
507 | 507 | IQ7031 | JVVK Running | 76
515 | 596 | UK1061 | BRKX Running | 389
531 | 597 | HM9636 | VDRA Running | 427
536 | 686 | AQ4705 | TIDV Running | 128
536 | 626 | RR3020 | BRKX Running | 132
537 | 627 | GI7962 | VDRA Running | 250
537 | 537 | IQ7031 | JVVK Running | 46
545 | 567 | EB6673 | JVVK Running | 437
557 | 657 | GJ2282 | VDRA Running | 346
562 | 597 | TN1344 | JVVK Running | 42
566 | 656 | FQ3188 | BRKX Running | 211
566 | 716 | XY6882 | TIDV Running | 198
567 | 627 | IQ7031 | JVVK Running | 16
567 | 687 | VZ8618 | VDRA Running | 105
596 | 686 | MX2096 | BRKX Running | 67
596 | 746 | XC5345 | TIDV Running | 173
597 | 717 | DV4581 | VDRA Running | 184
597 | 643 | EB6673 | JVVK Running | 407
621 | 673 | UV6984 | JVVK Running | 81
626 | 716 | UK1061 | BRKX Running | 359
626 | 776 | XZ3312 | TIDV Running | 177
627 | 747 | HM9636 | VDRA Running | 397
627 | 703 | TN1344 | JVVK Running | 12
643 | 643 | IQ7031 | JVVK Waiting | 155
656 | 746 | RR3020 | BRKX Running | 102
656 | 806 | WM2834 | TIDV Running | 360
657 | 777 | GI7962 | VDRA Running | 220
661 | 776 | PL7648 | BRKX Running | 176
673 | 715 | EB6673 | JVVK Running | 377
686 | 806 | FQ3188 | BRKX Running | 181
686 | 836 | XV3175 | TIDV Running | 404
687 | 807 | GJ2282 | VDRA Running | 316
703 | 745 | UV6984 | JVVK Running | 51
715 | 715 | TN1344 | OTM Running | 389
716 | 866 | AQ4705 | TIDV Running | 98
716 | 836 | MX2096 | BRKX Running | 37
717 | 837 | VZ8618 | VDRA Running | 75
745 | 775 | EB6673 | JVVK Running | 347
746 | 866 | UK1061 | BRKX Running | 329
746 | 896 | XY6882 | TIDV Running | 168
747 | 867 | DV4581 | VDRA Running | 154
775 | 805 | UV6984 | JVVK Running | 21
776 | 896 | RR3020 | BRKX Running | 72
776 | 926 | XC5345 | TIDV Running | 143
777 | 897 | HM9636 | VDRA Running | 367
798 | 826 | IQ7031 | JVVK Running | 32
805 | 856 | EB6673 | JVVK Running | 317
806 | 926 | PL7648 | BRKX Running | 146
806 | 956 | XZ3312 | TIDV Running | 147
807 | 927 | GI7962 | VDRA Running | 190
826 | 1104 | UV6984 | OTM Running | 429
836 | 956 | FQ3188 | BRKX Running | 151
836 | 986 | WM2834 | TIDV Running | 330
837 | 957 | GJ2282 | VDRA Running | 286
856 | 886 | IQ7031 | JVVK Running | 2
866 | 986 | MX2096 | BRKX Running | 7
866 | 1016 | XV3175 | TIDV Running | 374
867 | 987 | VZ8618 | VDRA Running | 45
886 | 888 | EB6673 | JVVK Running | 287
888 | 888 | IQ7031 | SCA Running | 254
896 | 1046 | AQ4705 | TIDV Running | 68
896 | 993 | UK1061 | BRKX Running | 299
897 | 1017 | DV4581 | VDRA Running | 124
918 | 918 | EB6673 | JVVK Running | 257
926 | 1023 | RR3020 | BRKX Running | 42
926 | 1076 | XY6882 | TIDV Running | 138
927 | 1047 | HM9636 | VDRA Running | 337
948 | 948 | EB6673 | JVVK Running | 227
956 | 1053 | PL7648 | BRKX Running | 116
956 | 1106 | XC5345 | TIDV Running | 113
957 | 1077 | GI7962 | VDRA Running | 160
978 | 978 | EB6673 | JVVK Running | 197
986 | 1083 | FQ3188 | BRKX Running | 121
986 | 1136 | XZ3312 | TIDV Running | 117
987 | 1107 | GJ2282 | VDRA Running | 256
993 | 993 | MX2096 | BRKX Waiting | 385
1008 | 1008 | EB6673 | JVVK Running | 167
1016 | 1166 | WM2834 | TIDV Running | 300
1017 | 1137 | VZ8618 | VDRA Running | 15
1023 | 1113 | UK1061 | BRKX Running | 269
1038 | 1038 | EB6673 | JVVK Running | 137
1046 | 1196 | XV3175 | TIDV Running | 344
1047 | 1152 | DV4581 | VDRA Running | 94
1053 | 1143 | RR3020 | BRKX Running | 12
1068 | 1068 | EB6673 | JVVK Running | 107
1076 | 1226 | AQ4705 | TIDV Running | 38
1077 | 1182 | HM9636 | VDRA Running | 307
1083 | 1155 | PL7648 | BRKX Running | 86
1098 | 1098 | EB6673 | JVVK Running | 77
1104 | 1104 | TN1344 | OTM Waiting | 216
1106 | 1256 | XY6882 | TIDV Running | 108
1107 | 1212 | GI7962 | VDRA Running | 130
1113 | 1185 | FQ3188 | BRKX Running | 91
1128 | 1128 | EB6673 | JVVK Running | 47
1136 | 1286 | XC5345 | TIDV Running | 83
1137 | 1242 | GJ2282 | VDRA Running | 226
1142 | 1142 | IQ7031 | SCA Waiting | 419
1143 | 1215 | UK1061 | BRKX Running | 239
1152 | 1152 | VZ8618 | VDRA Waiting | 275
1155 | 1155 | RR3020 | BRKX Waiting | 312
1158 | 1158 | EB6673 | JVVK Running | 17
1166 | 1316 | XZ3312 | TIDV Running | 87
1175 | 1175 | EB6673 | JVVK Waiting | 183
1182 | 1272 | DV4581 | VDRA Running | 64
1185 | 1245 | PL7648 | BRKX Running | 56
1196 | 1346 | WM2834 | TIDV Running | 270
1212 | 1302 | HM9636 | VDRA Running | 277
1215 | 1275 | FQ3188 | BRKX Running | 61
1226 | 1376 | XV3175 | TIDV Running | 314
1242 | 1332 | GI7962 | VDRA Running | 100
1245 | 1305 | UK1061 | BRKX Running | 209
1256 | 1406 | AQ4705 | TIDV Running | 8
1272 | 1362 | GJ2282 | VDRA Running | 196
1275 | 1335 | PL7648 | BRKX Running | 26
1286 | 1414 | XY6882 | TIDV Running | 78
1302 | 1392 | DV4581 | VDRA Running | 34
1305 | 1361 | FQ3188 | BRKX Running | 31
1316 | 1444 | XC5345 | TIDV Running | 53
1320 | 1533 | TN1344 | OTM Running | 319
1332 | 1422 | HM9636 | VDRA Running | 247
1335 | 1391 | UK1061 | BRKX Running | 179
1346 | 1474 | XZ3312 | TIDV Running | 57
1358 | 1358 | EB6673 | JVVK Running | 326
1361 | 1361 | PL7648 | PBE Running | 320
1362 | 1452 | GI7962 | VDRA Running | 70
1376 | 1504 | WM2834 | TIDV Running | 240
1378 | 1421 | MX2096 | BRKX Running | 322
1388 | 1388 | EB6673 | JVVK Running | 296
1391 | 1451 | FQ3188 | BRKX Running | 1
1392 | 1482 | GJ2282 | VDRA Running | 166
1406 | 1534 | XV3175 | TIDV Running | 284
1414 | 1414 | AQ4705 | TIDV Waiting | 320
1418 | 1418 | EB6673 | JVVK Running | 266
1421 | 1452 | UK1061 | BRKX Running | 149
1422 | 1512 | DV4581 | VDRA Running | 4
1427 | 1516 | VZ8618 | VDRA Running | 83
1444 | 1564 | XY6882 | TIDV Running | 48
1448 | 1448 | EB6673 | JVVK Running | 236
1451 | 1482 | MX2096 | BRKX Running | 292
1452 | 1452 | FQ3188 | BRKX Waiting | 442
1452 | 1546 | HM9636 | VDRA Running | 217
1467 | 1512 | RR3020 | BRKX Running | 174
1474 | 1594 | XC5345 | TIDV Running | 23
1478 | 1478 | EB6673 | JVVK Running | 206
1482 | 1576 | GI7962 | VDRA Running | 40
1482 | 1542 | UK1061 | BRKX Running | 119
1504 | 1617 | XZ3312 | TIDV Running | 27
1508 | 1508 | EB6673 | JVVK Running | 176
1512 | 1606 | GJ2282 | VDRA Running | 136
1512 | 1572 | MX2096 | BRKX Running | 262
1516 | 1516 | DV4581 | VDRA Waiting | 318
1533 | 1533 | UV6984 | OTM Waiting | 315
1534 | 1644 | WM2834 | TIDV Running | 210
1538 | 1538 | EB6673 | JVVK Running | 146
1542 | 1602 | RR3020 | BRKX Running | 144
1546 | 1636 | VZ8618 | VDRA Running | 53
1561 | 1561 | IQ7031 | SCA Running | 312
1564 | 1674 | XV3175 | TIDV Running | 254
1568 | 1568 | EB6673 | JVVK Running | 116
1572 | 1632 | UK1061 | BRKX Running | 89
1576 | 1666 | HM9636 | VDRA Running | 187
1594 | 1704 | XY6882 | TIDV Running | 18
1598 | 1598 | EB6673 | JVVK Running | 86
1602 | 1662 | MX2096 | BRKX Running | 232
1606 | 1696 | GI7962 | VDRA Running | 10
1617 | 1617 | XC5345 | TIDV Waiting | 255
1628 | 1628 | EB6673 | JVVK Running | 56
1632 | 1692 | RR3020 | BRKX Running | 114
1636 | 1706 | GJ2282 | VDRA Running | 106
1644 | 1644 | XZ3312 | TIDV Waiting | 343
1658 | 1658 | EB6673 | JVVK Running | 26
1662 | 1722 | UK1061 | BRKX Running | 59
1666 | 1736 | VZ8618 | VDRA Running | 23
1674 | 1722 | WM2834 | TIDV Running | 180
1681 | 1681 | PL7648 | PBE Waiting | 274
1684 | 1852 | EB6673 | OTM Running | 236
1692 | 1752 | MX2096 | BRKX Running | 202
1696 | 1759 | HM9636 | VDRA Running | 157
1704 | 1752 | XV3175 | TIDV Running | 224
1706 | 1706 | GI7962 | VDRA Waiting | 230
1722 | 1722 | XY6882 | TIDV Waiting | 316
1722 | 1782 | RR3020 | BRKX Running | 84
1734 | 1782 | AQ4705 | TIDV Running | 385
1736 | 1789 | GJ2282 | VDRA Running | 76
1752 | 1812 | UK1061 | BRKX Running | 29
1752 | 1812 | WM2834 | TIDV Running | 150
1759 | 1759 | VZ8618 | FKJ Running | 331
1782 | 1841 | MX2096 | BRKX Running | 172
1782 | 1842 | XV3175 | TIDV Running | 194
1789 | 1819 | HM9636 | VDRA Running | 127
1812 | 1872 | AQ4705 | TIDV Running | 355
1812 | 1871 | RR3020 | BRKX Running | 54
1819 | 1849 | GJ2282 | VDRA Running | 46
1834 | 1879 | DV4581 | VDRA Running | 356
1841 | 1841 | UK1061 | WCR Running | 133
1842 | 1902 | WM2834 | TIDV Running | 120
1848 | 2088 | UV6984 | OTM Running | 130
1849 | 1909 | HM9636 | VDRA Running | 97
1852 | 1852 | TN1344 | OTM Waiting | 135
1871 | 1901 | MX2096 | BRKX Running | 142
1872 | 1932 | XC5345 | TIDV Running | 4
1872 | 1936 | XV3175 | TIDV Running | 164
1873 | 1873 | IQ7031 | SCA Waiting | 360
1879 | 1939 | GJ2282 | VDRA Running | 16
1894 | 1931 | FQ3188 | BRKX Running | 220
1901 | 1961 | RR3020 | BRKX Running | 24
1902 | 1966 | AQ4705 | TIDV Running | 325
1909 | 1955 | DV4581 | VDRA Running | 326
1931 | 1985 | MX2096 | BRKX Running | 112
1932 | 1996 | WM2834 | TIDV Running | 90
1936 | 1985 | GI7962 | VDRA Running | 375
1936 | 1936 | XC5345 | YAU Running | 187
1939 | 2015 | HM9636 | VDRA Running | 67
1955 | 1955 | GJ2282 | VDRA Waiting | 446
1955 | 1955 | PL7648 | PBE Running | 94
1961 | 2015 | FQ3188 | BRKX Running | 190
1966 | 2026 | XV3175 | TIDV Running | 134
1974 | 1974 | UK1061 | WCR Waiting | 463
1985 | 1985 | RR3020 | ILF Running | 234
1985 | 2045 | DV4581 | VDRA Running | 296
1987 | 2218 | TN1344 | OTM Running | 38
1987 | 2056 | XZ3312 | TIDV Running | 158
1996 | 2086 | AQ4705 | TIDV Running | 295
2015 | 2075 | GI7962 | VDRA Running | 345
2015 | 2045 | MX2096 | BRKX Running | 82
2026 | 2116 | WM2834 | TIDV Running | 60
2038 | 2146 | XY6882 | TIDV Running | 375
2045 | 2075 | FQ3188 | BRKX Running | 160
2045 | 2105 | HM9636 | VDRA Running | 37
2049 | 2049 | PL7648 | PBE Waiting | 299
2056 | 2176 | XV3175 | TIDV Running | 104
2075 | 2135 | DV4581 | VDRA Running | 266
2075 | 2105 | MX2096 | BRKX Running | 52
2086 | 2206 | XZ3312 | TIDV Running | 128
2088 | 2088 | EB6673 | OTM Waiting | 302
2090 | 2090 | VZ8618 | FKJ Waiting | 218
2105 | 2135 | FQ3188 | BRKX Running | 130
2105 | 2165 | GI7962 | VDRA Running | 315
2116 | 2236 | AQ4705 | TIDV Running | 265
2123 | 2123 | XC5345 | YAU Waiting | 241
2135 | 2195 | HM9636 | VDRA Running | 7
2135 | 2165 | MX2096 | BRKX Running | 22
2146 | 2266 | WM2834 | TIDV Running | 30
2165 | 2202 | DV4581 | VDRA Running | 236
2165 | 2187 | FQ3188 | BRKX Running | 100
2176 | 2296 | XY6882 | TIDV Running | 345
2187 | 2187 | MX2096 | MHS Running | 33
2195 | 2232 | GI7962 | VDRA Running | 285
2202 | 2202 | HM9636 | VDRA Waiting | 187
2206 | 2326 | XV3175 | TIDV Running | 74
2217 | 2217 | FQ3188 | BRKX Running | 70
2218 | 2218 | UV6984 | OTM Waiting | 144
2219 | 2219 | RR3020 | ILF Waiting | 229
2220 | 2220 | MX2096 | MHS Waiting | 367
2232 | 2262 | DV4581 | VDRA Running | 206
2233 | 2233 | IQ7031 | SCA Running | 437
2236 | 2356 | XZ3312 | TIDV Running | 98
2247 | 2247 | FQ3188 | BRKX Running | 40
2256 | 2256 | TN1344 | OTM Waiting | 73
2262 | 2292 | GI7962 | VDRA Running | 255
2266 | 2386 | AQ4705 | TIDV Running | 235
2277 | 2277 | FQ3188 | BRKX Running | 10
2287 | 2287 | FQ3188 | WQK Running | 186
2292 | 2322 | DV4581 | VDRA Running | 176
2296 | 2296 | WM2834 | TIDV Waiting | 433
2308 | 2308 | VZ8618 | FKJ Running | 245
2322 | 2352 | GI7962 | VDRA Running | 225
2326 | 2416 | XY6882 | TIDV Running | 315
2329 | 2329 | TN1344 | OTM Running | 250
2348 | 2348 | PL7648 | PBE Running | 143
2352 | 2382 | DV4581 | VDRA Running | 146
2356 | 2446 | XV3175 | TIDV Running | 44
2362 | 2579 | UV6984 | OTM Running | 387
2364 | 2364 | XC5345 | YAU Running | 52
2382 | 2412 | GI7962 | VDRA Running | 195
2386 | 2476 | XZ3312 | TIDV Running | 68
2389 | 2442 | HM9636 | VDRA Running | 12
2390 | 2966 | EB6673 | OTM Running | 296
2401 | 2454 | GJ2282 | VDRA Running | 171
2412 | 2484 | DV4581 | VDRA Running | 116
2416 | 2416 | XC5345 | YAU Waiting | 288
2416 | 2506 | AQ4705 | TIDV Running | 205
2437 | 2437 | UK1061 | WCR Running | 427
2442 | 2514 | GI7962 | VDRA Running | 165
2446 | 2536 | XY6882 | TIDV Running | 285
2448 | 2448 | RR3020 | ILF Running | 333
2454 | 2454 | HM9636 | ZVM Running | 252
2473 | 2473 | FQ3188 | WQK Waiting | 406
2476 | 2566 | XV3175 | TIDV Running | 14
2484 | 2544 | GJ2282 | VDRA Running | 141
2491 | 2491 | PL7648 | PBE Waiting | 140
2506 | 2580 | XZ3312 | TIDV Running | 38
2514 | 2574 | DV4581 | VDRA Running | 86
2536 | 2610 | AQ4705 | TIDV Running | 175
2544 | 2604 | GI7962 | VDRA Running | 135
2553 | 2553 | VZ8618 | FKJ Waiting | 80
2566 | 2640 | XY6882 | TIDV Running | 255
2574 | 2634 | GJ2282 | VDRA Running | 111
2579 | 2579 | TN1344 | JVVK Running | 451
2580 | 2580 | XV3175 | TIDV Waiting | 307
2587 | 2587 | MX2096 | MHS Running | 431
2604 | 2664 | DV4581 | VDRA Running | 56
2609 | 2609 | TN1344 | JVVK Running | 421
2610 | 2670 | XZ3312 | TIDV Running | 8
2631 | 2631 | PL7648 | PBE Running | 356
2633 | 2633 | VZ8618 | FKJ Running | 443
2634 | 2694 | GI7962 | VDRA Running | 105
2639 | 2639 | TN1344 | JVVK Running | 391
2640 | 2678 | AQ4705 | TIDV Running | 145
2664 | 2724 | GJ2282 | VDRA Running | 81
2669 | 2669 | TN1344 | JVVK Running | 361
2670 | 2670 | IQ7031 | SCA Waiting | 177
2670 | 2708 | XY6882 | TIDV Running | 225
2678 | 2678 | XZ3312 | CGH Running | 54
2694 | 2754 | DV4581 | VDRA Running | 26
2699 | 2699 | TN1344 | JVVK Running | 331
2704 | 2704 | XC5345 | YAU Running | 382
2706 | 2706 | HM9636 | ZVM Waiting | 445
2708 | 2738 | AQ4705 | TIDV Running | 115
2724 | 2780 | GI7962 | VDRA Running | 75
2729 | 2768 | WM2834 | TIDV Running | 114
2729 | 2729 | TN1344 | JVVK Running | 301
2732 | 2732 | XZ3312 | CGH Waiting | 173
2738 | 2798 | XY6882 | TIDV Running | 195
2754 | 2810 | GJ2282 | VDRA Running | 51
2759 | 2759 | TN1344 | JVVK Running | 271
2768 | 2828 | AQ4705 | TIDV Running | 85
2780 | 2780 | DV4581 | KQK Running | 419
2781 | 2781 | RR3020 | ILF Waiting | 230
2789 | 2789 | TN1344 | JVVK Running | 241
2798 | 2858 | WM2834 | TIDV Running | 84
2810 | 2840 | GI7962 | VDRA Running | 45
2819 | 2819 | TN1344 | JVVK Running | 211
2828 | 2888 | XY6882 | TIDV Running | 165
2840 | 2870 | GJ2282 | VDRA Running | 21
2847 | 2847 | IQ7031 | SCA Running | 53
2849 | 2849 | TN1344 | JVVK Running | 181
2858 | 2918 | AQ4705 | TIDV Running | 55
2864 | 2864 | UK1061 | WCR Waiting | 363
2870 | 2891 | GI7962 | VDRA Running | 15
2879 | 2879 | FQ3188 | WQK Running | 442
2879 | 2879 | TN1344 | JVVK Running | 151
2887 | 2948 | XV3175 | TIDV Running | 403
2888 | 2978 | WM2834 | TIDV Running | 54
2891 | 2891 | GJ2282 | ZVM Running | 409
2900 | 2909 | IQ7031 | JVVK Running | 18
2905 | 2905 | XZ3312 | CGH Running | 491
2906 | 2906 | GI7962 | TQW Running | 246
2909 | 2927 | TN1344 | JVVK Running | 121
2918 | 3008 | XY6882 | TIDV Running | 135
2927 | 2927 | IQ7031 | JVVK Waiting | 225
2948 | 3038 | AQ4705 | TIDV Running | 25
2957 | 2957 | TN1344 | JVVK Running | 91
2966 | 2966 | UV6984 | OTM Waiting | 392
2978 | 3063 | XV3175 | TIDV Running | 373
2987 | 2987 | PL7648 | BRKX Running | 282
2987 | 2987 | TN1344 | JVVK Running | 61
3008 | 3093 | WM2834 | TIDV Running | 24
3011 | 3011 | RR3020 | ILF Running | 414
3017 | 3017 | PL7648 | BRKX Running | 252
3017 | 3017 | TN1344 | JVVK Running | 31
3018 | 3018 | MX2096 | MHS Waiting | 405
3038 | 3117 | XY6882 | TIDV Running | 105
3047 | 3047 | PL7648 | BRKX Running | 222
3047 | 3047 | TN1344 | JVVK Running | 1
3048 | 3048 | TN1344 | JVVK Waiting | 340
3063 | 3063 | AQ4705 | ZRV Running | 303
3076 | 3076 | VZ8618 | FKJ Waiting | 192
3077 | 3077 | PL7648 | BRKX Running | 192
3086 | 3086 | XC5345 | YAU Waiting | 127
3093 | 3147 | XV3175 | TIDV Running | 343
3107 | 3107 | PL7648 | BRKX Running | 162
3117 | 3117 | WM2834 | YAU Running | 437
3137 | 3137 | PL7648 | BRKX Running | 132
3147 | 3177 | XY6882 | TIDV Running | 75
3151 | 3300 | HM9636 | ZVM Running | 419
3152 | 3152 | GI7962 | TQW Waiting | 422
3152 | 3152 | IQ7031 | JVVK Running | 368
3167 | 3167 | PL7648 | BRKX Running | 102
3177 | 3207 | XV3175 | TIDV Running | 313
3182 | 3182 | IQ7031 | JVVK Running | 338
3197 | 3197 | PL7648 | BRKX Running | 72
3199 | 3199 | DV4581 | KQK Waiting | 136
3207 | 3237 | XY6882 | TIDV Running | 45
3212 | 3212 | IQ7031 | JVVK Running | 308
3213 | 3554 | XC5345 | YAU Running | 406
3227 | 3227 | UK1061 | WCR Running | 183
3227 | 3227 | PL7648 | BRKX Running | 42
3237 | 3267 | XV3175 | TIDV Running | 283
3242 | 3242 | IQ7031 | JVVK Running | 278
3257 | 3257 | PL7648 | BRKX Running | 12
3262 | 3262 | EB6673 | OTM Waiting | 386
3267 | 3297 | XY6882 | TIDV Running | 15
3268 | 3268 | VZ8618 | FKJ Running | 89
3269 | 3269 | PL7648 | BRKX Waiting | 316
3272 | 3272 | IQ7031 | JVVK Running | 248
3297 | 3312 | XV3175 | TIDV Running | 253
3300 | 3300 | GJ2282 | ZVM Waiting | 352
3302 | 3302 | IQ7031 | JVVK Running | 218
3312 | 3312 | XY6882 | OKX Running | 166
3321 | 3321 | FQ3188 | WQK Waiting | 397
3332 | 3332 | IQ7031 | JVVK Running | 188
3335 | 3335 | DV4581 | KQK Running | 417
3342 | 3342 | XV3175 | TIDV Running | 223
3357 | 3357 | VZ8618 | VDRA Running | 284
3358 | 3358 | UV6984 | OTM Running | 152
3362 | 3362 | IQ7031 | JVVK Running | 158
3366 | 3366 | AQ4705 | ZRV Waiting | 90
3372 | 3372 | XV3175 | TIDV Running | 193
3387 | 3387 | VZ8618 | VDRA Running | 254
3388 | 3392 | TN1344 | JVVK Running | 219
3392 | 3422 | IQ7031 | JVVK Running | 128
3396 | 3396 | XZ3312 | CGH Waiting | 56
3402 | 3402 | XV3175 | TIDV Running | 163
3410 | 3410 | UK1061 | WCR Waiting | 61
3417 | 3417 | VZ8618 | VDRA Running | 224
3422 | 3452 | TN1344 | JVVK Running | 189
3423 | 3423 | MX2096 | MHS Running | 23
3425 | 3425 | RR3020 | ILF Waiting | 312
3432 | 3432 | XV3175 | TIDV Running | 133
3446 | 3446 | MX2096 | MHS Waiting | 249
3447 | 3447 | VZ8618 | VDRA Running | 194
3452 | 3452 | XZ3312 | CGH Running | 415
3452 | 3482 | IQ7031 | JVVK Running | 98
3456 | 3456 | AQ4705 | ZRV Running | 15
3462 | 3462 | XV3175 | TIDV Running | 103
3471 | 3471 | AQ4705 | ZRV Waiting | 110
3471 | 3471 | UK1061 | WCR Running | 316
3477 | 3477 | VZ8618 | VDRA Running | 164
3478 | 3478 | XY6882 | OKX Waiting | 491
3482 | 3512 | TN1344 | JVVK Running | 159
3492 | 3492 | XV3175 | TIDV Running | 73
3507 | 3507 | VZ8618 | VDRA Running | 134
3510 | 3542 | UV6984 | JVVK Running | 54
3512 | 3572 | IQ7031 | JVVK Running | 68
3522 | 3522 | XV3175 | TIDV Running | 43
3537 | 3537 | VZ8618 | VDRA Running | 104
3542 | 3602 | TN1344 | JVVK Running | 129
3552 | 3552 | XV3175 | TIDV Running | 13
3554 | 3554 | WM2834 | YAU Waiting | 340
3565 | 3960 | XV3175 | YAU Running | 5
3567 | 3567 | VZ8618 | VDRA Running | 74
3572 | 3632 | UV6984 | JVVK Running | 24
3574 | 3574 | GI7962 | TQW Running | 52
3581 | 3581 | AQ4705 | ZRV Running | 339
3585 | 3585 | PL7648 | BRKX Running | 340
3597 | 3597 | VZ8618 | VDRA Running | 44
3602 | 3656 | IQ7031 | JVVK Running | 38
3615 | 3615 | PL7648 | BRKX Running | 310
3626 | 3626 | GI7962 | TQW Waiting | 172
3627 | 3627 | VZ8618 | VDRA Running | 14
3632 | 3686 | TN1344 | JVVK Running | 99
3641 | 3641 | VZ8618 | VDRA Waiting | 346
3645 | 3645 | PL7648 | BRKX Running | 280
3648 | 3648 | EB6673 | OTM Running | 393
3652 | 3719 | GJ2282 | ZVM Running | 360
3656 | 3656 | UV6984 | JVVK Waiting | 63
3675 | 3675 | PL7648 | BRKX Running | 250
3686 | 3716 | IQ7031 | JVVK Running | 8
3695 | 3695 | MX2096 | MHS Running | 129
3705 | 3705 | PL7648 | BRKX Running | 220
3716 | 3724 | TN1344 | JVVK Running | 69
3718 | 3718 | FQ3188 | WQK Running | 216
3719 | 3719 | HM9636 | ZVM Waiting | 54
3719 | 3754 | UV6984 | JVVK Running | 141
3724 | 3724 | IQ7031 | ZMX Running | 256
3735 | 3735 | PL7648 | BRKX Running | 190
3737 | 3737 | RR3020 | ILF Running | 213
3752 | 3752 | DV4581 | KQK Waiting | 352
3754 | 3784 | TN1344 | JVVK Running | 39
3765 | 3765 | PL7648 | BRKX Running | 160
3773 | 4079 | HM9636 | ZVM Running | 494
3784 | 3814 | UV6984 | JVVK Running | 111
3787 | 3795 | UK1061 | BRKX Running | 28
3795 | 3823 | PL7648 | BRKX Running | 130
3798 | 3798 | GI7962 | TQW Running | 103
3814 | 3844 | TN1344 | JVVK Running | 9
3823 | 3823 | UK1061 | BRKX Waiting | 292
3824 | 3853 | MX2096 | BRKX Running | 22
3844 | 3853 | UV6984 | JVVK Running | 81
3853 | 3853 | TN1344 | SCA Running | 212
3853 | 3875 | PL7648 | BRKX Running | 100
3867 | 3867 | XZ3312 | CGH Waiting | 445
3875 | 3875 | MX2096 | BRKX Waiting | 138
3883 | 3883 | UV6984 | JVVK Running | 51
3894 | 3965 | WM2834 | YAU Running | 462
3901 | 3901 | GI7962 | TQW Waiting | 167
3905 | 3905 | PL7648 | BRKX Running | 70
3913 | 3913 | UV6984 | JVVK Running | 21
3920 | 3920 | AQ4705 | ZRV Waiting | 340
3934 | 3934 | FQ3188 | WQK Waiting | 477
3934 | 3934 | UV6984 | RGD Running | 52
3935 | 3935 | PL7648 | BRKX Running | 40
3950 | 3965 | RR3020 | BRKX Running | 388
3960 | 3960 | XC5345 | TIDV Running | 371
3965 | 3965 | XV3175 | YAU Waiting | 11
3965 | 3995 | PL7648 | BRKX Running | 10
3969 | 3969 | XY6882 | OKX Running | 392
3976 | 4427 | XV3175 | YAU Running | 188
3980 | 3980 | IQ7031 | ZMX Waiting | 493
3986 | 3986 | UV6984 | RGD Waiting | 499
3987 | 3987 | VZ8618 | VDRA Running | 106
3990 | 3990 | XC5345 | TIDV Running | 341
3995 | 4005 | RR3020 | BRKX Running | 358
4005 | 4005 | PL7648 | MHS Running | 375
4013 | 4035 | MX2096 | BRKX Running | 33
4017 | 4017 | VZ8618 | VDRA Running | 76
4020 | 4020 | XC5345 | TIDV Running | 311
4035 | 4065 | RR3020 | BRKX Running | 328
4041 | 4041 | EB6673 | OTM Waiting | 90
4047 | 4047 | VZ8618 | VDRA Running | 46
4050 | 4050 | XC5345 | TIDV Running | 281
4065 | 4065 | TN1344 | SCA Waiting | 478
4065 | 4095 | MX2096 | BRKX Running | 3
4068 | 4068 | GI7962 | TQW Running | 126
4077 | 4077 | VZ8618 | VDRA Running | 16
4079 | 4079 | GJ2282 | ZVM Waiting | 284
4080 | 4080 | XC5345 | TIDV Running | 251
4093 | 4093 | VZ8618 | RXH Running | 352
4095 | 4098 | RR3020 | BRKX Running | 298
4098 | 4098 | MX2096 | WQK Running | 347
4104 | 4104 | DV4581 | KQK Running | 82
4110 | 4110 | XC5345 | TIDV Running | 221
4115 | 4128 | UK1061 | BRKX Running | 92
4128 | 4158 | RR3020 | BRKX Running | 268
4131 | 4131 | EB6673 | OTM Running | 461
4140 | 4140 | XC5345 | TIDV Running | 191
4158 | 4188 | UK1061 | BRKX Running | 62
4170 | 4170 | XC5345 | TIDV Running | 161
4186 | 4186 | DV4581 | KQK Waiting | 497
4188 | 4218 | RR3020 | BRKX Running | 238
4194 | 4194 | GI7962 | VDRA Running | 73
4200 | 4200 | XC5345 | TIDV Running | 131
4218 | 4248 | UK1061 | BRKX Running | 32
4224 | 4224 | GI7962 | VDRA Running | 43
4230 | 4230 | XC5345 | TIDV Running | 101
4248 | 4278 | RR3020 | BRKX Running | 208
4254 | 4254 | GI7962 | VDRA Running | 13
4260 | 4260 | AQ4705 | ZRV Running | 55
4260 | 4260 | XC5345 | TIDV Running | 71
4267 | 4267 | GI7962 | VDRA Waiting | 315
4278 | 4308 | UK1061 | BRKX Running | 2
4290 | 4290 | XC5345 | TIDV Running | 41
4308 | 4310 | RR3020 | BRKX Running | 178
4310 | 4445 | UK1061 | WQK Running | 139
4312 | 4312 | XZ3312 | CGH Running | 318
4315 | 4320 | AQ4705 | TIDV Running | 289
4320 | 4350 | XC5345 | TIDV Running | 11
4340 | 4340 | RR3020 | BRKX Running | 148
4350 | 4361 | AQ4705 | TIDV Running | 259
4361 | 4361 | XC5345 | TIDV Waiting | 366
4361 | 4361 | XY6882 | OKX Waiting | 85
4363 | 4573 | GJ2282 | ZVM Running | 497
4370 | 4370 | RR3020 | BRKX Running | 118
4380 | 4380 | PL7648 | MHS Waiting | 364
4391 | 4391 | AQ4705 | TIDV Running | 229
4400 | 4400 | RR3020 | BRKX Running | 88
4411 | 4584 | FQ3188 | WQK Running | 92
4421 | 4421 | AQ4705 | TIDV Running | 199
4427 | 4427 | WM2834 | YAU Waiting | 378
4430 | 4430 | RR3020 | BRKX Running | 58
4445 | 4445 | MX2096 | WQK Waiting | 215
4445 | 4445 | VZ8618 | RXH Waiting | 452
4446 | 4446 | XY6882 | OKX Running | 176
4451 | 4451 | AQ4705 | TIDV Running | 169
4460 | 4460 | RR3020 | BRKX Running | 28
4473 | 4473 | IQ7031 | ZMX Running | 211
4481 | 4481 | AQ4705 | TIDV Running | 139
4485 | 4485 | UV6984 | RGD Running | 84
4488 | 4488 | RR3020 | BRKX Waiting | 133
4511 | 4511 | AQ4705 | TIDV Running | 109
4541 | 4541 | AQ4705 | TIDV Running | 79
4543 | 4543 | TN1344 | SCA Running | 39
4569 | 4569 | UV6984 | RGD Waiting | 164
4571 | 4571 | AQ4705 | TIDV Running | 49
4573 | 4573 | HM9636 | ZVM Waiting | 161
4582 | 4582 | GI7962 | VDRA Running | 243
4582 | 4582 | TN1344 | SCA Waiting | 30
4584 | 4584 | UK1061 | WQK Waiting | 241
4592 | 4592 | EB6673 | JVVK Running | 453
4601 | 4601 | AQ4705 | TIDV Running | 19
4612 | 4612 | TN1344 | SCA Running | 150
4612 | 4612 | GI7962 | VDRA Running | 213
4615 | 4615 | XV3175 | YAU Waiting | 59
4620 | 4620 | AQ4705 | TIDV Waiting | 235
4621 | 4621 | RR3020 | BRKX Running | 144
4622 | 4622 | XY6882 | OKX Waiting | 93
4622 | 4622 | EB6673 | JVVK Running | 423
4630 | 4630 | XZ3312 | TIDV Running | 390
4642 | 4642 | GI7962 | VDRA Running | 183
4651 | 4651 | RR3020 | BRKX Running | 114
4652 | 4652 | EB6673 | JVVK Running | 393
4660 | 4676 | MX2096 | WQK Running | 48
4660 | 4660 | XZ3312 | TIDV Running | 360
4672 | 4672 | GI7962 | VDRA Running | 153
4674 | 4674 | XV3175 | YAU Running | 227
4676 | 4681 | FQ3188 | BRKX Running | 201
4681 | 4711 | RR3020 | BRKX Running | 84
4682 | 4682 | EB6673 | JVVK Running | 363
4683 | 4683 | DV4581 | KQK Running | 304
4684 | 4684 | IQ7031 | ZMX Waiting | 450
4690 | 4690 | XZ3312 | TIDV Running | 330
4702 | 4702 | GI7962 | VDRA Running | 123
4711 | 4741 | FQ3188 | BRKX Running | 171
4712 | 4712 | EB6673 | JVVK Running | 333
4715 | 4715 | XY6882 | OKX Running | 95
4720 | 4720 | XZ3312 | TIDV Running | 300
4724 | 4724 | MX2096 | WQK Waiting | 250
4727 | 4750 | XC5345 | TIDV Running | 314
4732 | 4732 | GI7962 | VDRA Running | 93
4733 | 4733 | UV6984 | RGD Running | 128
4734 | 5070 | HM9636 | ZVM Running | 428
4741 | 4771 | RR3020 | BRKX Running | 54
4742 | 4742 | EB6673 | JVVK Running | 303
4744 | 4744 | PL7648 | MHS Running | 405
4750 | 4780 | XZ3312 | TIDV Running | 270
4762 | 4762 | TN1344 | SCA Waiting | 279
4762 | 4762 | GI7962 | VDRA Running | 63
4771 | 4801 | FQ3188 | BRKX Running | 141
4772 | 4772 | EB6673 | JVVK Running | 273
4780 | 4810 | XC5345 | TIDV Running | 284
4792 | 4792 | GI7962 | VDRA Running | 33
4801 | 4831 | RR3020 | BRKX Running | 24
4802 | 4802 | EB6673 | JVVK Running | 243
4805 | 4901 | WM2834 | YAU Running | 387
4810 | 4840 | XY6882 | TIDV Running | 254
4810 | 4870 | XZ3312 | TIDV Running | 240
4822 | 4822 | GI7962 | VDRA Running | 3
4825 | 4825 | GI7962 | RXH Running | 292
4825 | 4825 | UK1061 | WQK Running | 365
4831 | 4855 | FQ3188 | BRKX Running | 111
4832 | 4832 | EB6673 | JVVK Running | 213
4840 | 4900 | XC5345 | TIDV Running | 254
4855 | 4930 | AQ4705 | TIDV Running | 397
4855 | 5149 | RR3020 | MHS Running | 475
4861 | 4861 | UV6984 | RGD Waiting | 76
4862 | 4862 | EB6673 | JVVK Running | 183
4870 | 4960 | XY6882 | TIDV Running | 224
4885 | 4885 | FQ3188 | BRKX Running | 81
4892 | 4892 | EB6673 | JVVK Running | 153
4897 | 5117 | VZ8618 | RXH Running | 197
4900 | 4990 | XZ3312 | TIDV Running | 210
4901 | 4901 | XV3175 | YAU Waiting | 195
4915 | 4915 | FQ3188 | BRKX Running | 51
4922 | 4922 | EB6673 | JVVK Running | 123
4930 | 5020 | XC5345 | TIDV Running | 224
4937 | 4937 | UV6984 | RGD Running | 359
4945 | 4945 | FQ3188 | BRKX Running | 21
4952 | 4952 | EB6673 | JVVK Running | 93
4960 | 5050 | AQ4705 | TIDV Running | 367
4966 | 4966 | FQ3188 | BRKX Waiting | 264
4974 | 5190 | MX2096 | WQK Running | 179
4982 | 4982 | EB6673 | JVVK Running | 63
4987 | 4987 | DV4581 | VDRA Running | 0
4987 | 4987 | DV4581 | VDRA Waiting | 16
4990 | 5080 | XY6882 | TIDV Running | 194
5003 | 5003 | DV4581 | VDRA Running | 18
5012 | 5012 | EB6673 | JVVK Running | 33
5020 | 5110 | XZ3312 | TIDV Running | 180
5021 | 5021 | DV4581 | XZA Running | 89
5041 | 5041 | TN1344 | SCA Running | 27
5042 | 5042 | EB6673 | JVVK Running | 3
5045 | 5045 | EB6673 | JVVK Waiting | 495
5050 | 5140 | XC5345 | TIDV Running | 194
5068 | 5068 | TN1344 | JVVK Running | 438
5070 | 5070 | GJ2282 | ZVM Waiting | 14
5080 | 5170 | AQ4705 | TIDV Running | 337
5084 | 5498 | GJ2282 | ZVM Running | 263
5096 | 5288 | XV3175 | YAU Running | 143
5098 | 5098 | TN1344 | JVVK Running | 408
5110 | 5110 | DV4581 | XZA Waiting | 400
5110 | 5200 | XY6882 | TIDV Running | 164
5117 | 5117 | GI7962 | RXH Waiting | 438
5128 | 5128 | TN1344 | JVVK Running | 378
5134 | 5134 | IQ7031 | ZMX Running | 421
5140 | 5230 | XZ3312 | TIDV Running | 150
5149 | 5149 | PL7648 | MHS Waiting | 291
5158 | 5158 | TN1344 | JVVK Running | 348
5170 | 5260 | XC5345 | TIDV Running | 164
5188 | 5188 | TN1344 | JVVK Running | 318
5190 | 5190 | UK1061 | WQK Waiting | 59
5200 | 5290 | AQ4705 | TIDV Running | 307
5218 | 5218 | TN1344 | JVVK Running | 288
5230 | 5230 | FQ3188 | BRKX Running | 298
5230 | 5320 | XY6882 | TIDV Running | 134
5248 | 5248 | TN1344 | JVVK Running | 258
5249 | 5369 | UK1061 | WQK Running | 388
5260 | 5260 | FQ3188 | BRKX Running | 268
5260 | 5350 | XZ3312 | TIDV Running | 120
5278 | 5278 | TN1344 | JVVK Running | 228
5288 | 5288 | WM2834 | YAU Waiting | 244
5290 | 5290 | FQ3188 | BRKX Running | 238
5290 | 5380 | XC5345 | TIDV Running | 134
5296 | 5308 | UV6984 | JVVK Running | 426
5308 | 5338 | TN1344 | JVVK Running | 198
5314 | 5314 | VZ8618 | RXH Waiting | 292
5320 | 5410 | AQ4705 | TIDV Running | 277
5320 | 5320 | FQ3188 | BRKX Running | 208
5338 | 5368 | UV6984 | JVVK Running | 396
5350 | 5350 | FQ3188 | BRKX Running | 178
5350 | 5440 | XY6882 | TIDV Running | 104
5368 | 5398 | TN1344 | JVVK Running | 168
5369 | 5369 | MX2096 | WQK Waiting | 459
5380 | 5380 | FQ3188 | BRKX Running | 148
5380 | 5470 | XZ3312 | TIDV Running | 90
5398 | 5428 | UV6984 | JVVK Running | 366
5410 | 5410 | FQ3188 | BRKX Running | 118
5410 | 5500 | XC5345 | TIDV Running | 104
5428 | 5458 | TN1344 | JVVK Running | 138
5431 | 5530 | XV3175 | TIDV Running | 299
5440 | 5624 | PL7648 | MHS Running | 361
5440 | 5560 | AQ4705 | TIDV Running | 247
5440 | 5440 | FQ3188 | BRKX Running | 88
5458 | 5488 | UV6984 | JVVK Running | 336
5470 | 5470 | FQ3188 | BRKX Running | 58
5470 | 5590 | XY6882 | TIDV Running | 74
5488 | 5518 | TN1344 | JVVK Running | 108
5498 | 5498 | HM9636 | VDRA Running | 443
5500 | 5500 | FQ3188 | BRKX Running | 28
5500 | 5620 | XZ3312 | TIDV Running | 60
5510 | 5510 | DV4581 | XZA Running | 63
5518 | 5548 | UV6984 | JVVK Running | 306
5528 | 5528 | FQ3188 | HKL Running | 84
5528 | 5528 | HM9636 | VDRA Running | 413
5530 | 5650 | XC5345 | TIDV Running | 74
5532 | 5532 | WM2834 | YAU Running | 47
5540 | 5578 | EB6673 | JVVK Running | 261
5548 | 5608 | TN1344 | JVVK Running | 78
5555 | 5555 | GI7962 | RXH Running | 475
5555 | 5555 | IQ7031 | ZMX Waiting | 211
5558 | 5558 | HM9636 | VDRA Running | 383
5560 | 5680 | XV3175 | TIDV Running | 269
5573 | 5573 | DV4581 | XZA Waiting | 43
5578 | 5638 | UV6984 | JVVK Running | 276
5579 | 5710 | WM2834 | TIDV Running | 352
5588 | 5588 | HM9636 | VDRA Running | 353
5590 | 5740 | AQ4705 | TIDV Running | 217
5606 | 6030 | VZ8618 | RXH Running | 179
5608 | 5668 | EB6673 | JVVK Running | 231
5612 | 5612 | FQ3188 | HKL Waiting | 400
5616 | 5616 | DV4581 | XZA Running | 472
5618 | 5618 | HM9636 | VDRA Running | 323
5620 | 5770 | XY6882 | TIDV Running | 44
5624 | 5624 | RR3020 | MHS Waiting | 117
5638 | 5698 | TN1344 | JVVK Running | 48
5648 | 5648 | HM9636 | VDRA Running | 293
5650 | 5800 | XZ3312 | TIDV Running | 30
5668 | 5728 | UV6984 | JVVK Running | 246
5678 | 5678 | HM9636 | VDRA Running | 263
5680 | 5830 | XC5345 | TIDV Running | 44
5698 | 5758 | EB6673 | JVVK Running | 201
5708 | 5708 | HM9636 | VDRA Running | 233
5710 | 5860 | XV3175 | TIDV Running | 239
5728 | 5788 | TN1344 | JVVK Running | 18
5738 | 5738 | HM9636 | VDRA Running | 203
5740 | 5890 | WM2834 | TIDV Running | 322
5741 | 5985 | RR3020 | MHS Running | 323
5757 | 5757 | UK1061 | WQK Waiting | 270
5758 | 5806 | UV6984 | JVVK Running | 216
5761 | 5768 | GJ2282 | VDRA Running | 87
5766 | 5766 | IQ7031 | ZMX Running | 364
5768 | 5798 | HM9636 | VDRA Running | 173
5770 | 5920 | AQ4705 | TIDV Running | 187
5788 | 5836 | EB6673 | JVVK Running | 171
5798 | 5828 | GJ2282 | VDRA Running | 57
5800 | 5950 | XY6882 | TIDV Running | 14
5806 | 5806 | TN1344 | Finished | 0
5828 | 5828 | MX2096 | WQK Running | 425
5828 | 5858 | HM9636 | VDRA Running | 143
5830 | 5830 | XZ3312 | TIDV Waiting | 444
5836 | 5866 | UV6984 | JVVK Running | 186
5858 | 5888 | GJ2282 | VDRA Running | 27
5860 | 5964 | XC5345 | TIDV Running | 14
5866 | 5896 | EB6673 | JVVK Running | 141
5888 | 5915 | HM9636 | VDRA Running | 113
5890 | 5978 | XV3175 | TIDV Running | 209
5896 | 5926 | UV6984 | JVVK Running | 156
5915 | 5915 | GJ2282 | VDRA Waiting | 496
5920 | 6008 | WM2834 | TIDV Running | 292
5926 | 5956 | EB6673 | JVVK Running | 111
5945 | 5945 | HM9636 | VDRA Running | 83
5950 | 6038 | AQ4705 | TIDV Running | 157
5956 | 5986 | UV6984 | JVVK Running | 126
5964 | 5964 | XY6882 | TIDV Waiting | 257
5975 | 5975 | HM9636 | VDRA Running | 53
5978 | 5978 | XC5345 | SUC Running | 377
5985 | 5985 | PL7648 | MHS Waiting | 495
5986 | 6016 | EB6673 | JVVK Running | 81
6005 | 6005 | HM9636 | VDRA Running | 23
6008 | 6068 | XV3175 | TIDV Running | 179
6012 | 6012 | FQ3188 | HKL Running | 190
6016 | 6046 | UV6984 | JVVK Running | 96
6027 | 6253 | UK1061 | WQK Running | 451
6028 | 6028 | HM9636 | VDRA Waiting | 257
6030 | 6030 | GI7962 | RXH Waiting | 370
6038 | 6098 | WM2834 | TIDV Running | 262
6046 | 6076 | EB6673 | JVVK Running | 51
6068 | 6128 | AQ4705 | TIDV Running | 127
6076 | 6106 | UV6984 | JVVK Running | 66
6088 | 6088 | DV4581 | XZA Waiting | 268
6098 | 6158 | XV3175 | TIDV Running | 149
6106 | 6136 | EB6673 | JVVK Running | 21
6128 | 6188 | WM2834 | TIDV Running | 232
6130 | 6157 | IQ7031 | JVVK Running | 195
6136 | 6187 | UV6984 | JVVK Running | 36
6157 | 6157 | EB6673 | RGD Running | 52
6158 | 6218 | AQ4705 | TIDV Running | 97
6187 | 6217 | IQ7031 | JVVK Running | 165
6188 | 6248 | XV3175 | TIDV Running | 119
6202 | 6202 | FQ3188 | HKL Waiting | 492
6209 | 6209 | EB6673 | RGD Waiting | 177
6209 | 6209 | VZ8618 | RXH Waiting | 475
6217 | 6247 | UV6984 | JVVK Running | 6
6218 | 6278 | WM2834 | TIDV Running | 202
6221 | 6308 | XY6882 | TIDV Running | 254
6247 | 6253 | IQ7031 | JVVK Running | 135
6248 | 6338 | AQ4705 | TIDV Running | 67
6253 | 6253 | MX2096 | BRKX Running | 280
6253 | 6253 | UV6984 | Finished | 0
6274 | 6368 | XZ3312 | TIDV Running | 37
6278 | 6398 | XV3175 | TIDV Running | 89
6283 | 6283 | IQ7031 | JVVK Running | 105
6283 | 6283 | MX2096 | BRKX Running | 250
6285 | 6285 | HM9636 | VDRA Running | 123
6308 | 6308 | RR3020 | MHS Waiting | 419
6308 | 6428 | WM2834 | TIDV Running | 172
6313 | 6313 | IQ7031 | JVVK Running | 75
6313 | 6313 | MX2096 | BRKX Running | 220
6315 | 6315 | HM9636 | VDRA Running | 93
6338 | 6458 | XY6882 | TIDV Running | 224
6343 | 6343 | IQ7031 | JVVK Running | 45
6343 | 6343 | MX2096 | BRKX Running | 190
6345 | 6345 | HM9636 | VDRA Running | 63
6355 | 6355 | XC5345 | SUC Waiting | 216
6356 | 6356 | DV4581 | XZA Running | 347
6368 | 6488 | AQ4705 | TIDV Running | 37
6373 | 6373 | IQ7031 | JVVK Running | 15
6373 | 6373 | MX2096 | BRKX Running | 160
6375 | 6375 | HM9636 | VDRA Running | 33
6386 | 6386 | EB6673 | RGD Running | 107
6388 | 6388 | IQ7031 | Finished | 0
6398 | 6518 | XZ3312 | TIDV Running | 7
6400 | 6400 | GI7962 | RXH Running | 204
6403 | 6403 | MX2096 | BRKX Running | 130
6405 | 6405 | HM9636 | VDRA Running | 3
6408 | 6703 | HM9636 | XZA Running | 208
6411 | 6411 | GJ2282 | VDRA Running | 77
6428 | 6525 | XV3175 | TIDV Running | 59
6433 | 6433 | MX2096 | BRKX Running | 100
6441 | 6441 | GJ2282 | VDRA Running | 47
6458 | 6555 | WM2834 | TIDV Running | 142
6463 | 6463 | MX2096 | BRKX Running | 70
6471 | 6471 | GJ2282 | VDRA Running | 17
6480 | 6480 | PL7648 | MHS Running | 264
6488 | 6488 | GJ2282 | KQK Running | 141
6488 | 6585 | XY6882 | TIDV Running | 194
6493 | 6493 | EB6673 | RGD Waiting | 54
6493 | 6493 | MX2096 | BRKX Running | 40
6518 | 6615 | AQ4705 | TIDV Running | 7
6523 | 6523 | MX2096 | BRKX Running | 10
6525 | 6525 | XZ3312 | YAU Running | 400
6533 | 6533 | MX2096 | Finished | 0
6547 | 6547 | EB6673 | RGD Running | 392
6555 | 6622 | XV3175 | TIDV Running | 29
6571 | 6571 | XC5345 | SUC Running | 25
6585 | 6651 | WM2834 | TIDV Running | 112
6596 | 6596 | XC5345 | SUC Waiting | 15
6604 | 6604 | GI7962 | RXH Waiting | 4
6608 | 6608 | GI7962 | RXH Running | 270
6611 | 6611 | XC5345 | SUC Running | 21
6615 | 6681 | XY6882 | TIDV Running | 164
6622 | 6925 | AQ4705 | YAU Running | 105
6629 | 6629 | GJ2282 | KQK Waiting | 68
6632 | 6632 | XC5345 | SUC Waiting | 31
6651 | 6651 | XV3175 | TIDV Waiting | 496
6663 | 6663 | XC5345 | SUC Running | 67
6681 | 6711 | WM2834 | TIDV Running | 82
6684 | 6878 | VZ8618 | RXH Running | 405
6694 | 6694 | FQ3188 | HKL Running | 57
6697 | 6697 | GJ2282 | KQK Running | 132
6703 | 6703 | DV4581 | VDRA Running | 191
6704 | 6704 | UK1061 | BRKX Running | 316
6711 | 6741 | XY6882 | TIDV Running | 134
6727 | 6744 | RR3020 | MHS Running | 104
6730 | 6771 | XC5345 | TIDV Running | 94
6733 | 6733 | DV4581 | VDRA Running | 161
6734 | 6734 | UK1061 | BRKX Running | 286
6741 | 6801 | WM2834 | TIDV Running | 52
6744 | 6764 | PL7648 | BRKX Running | 432
6751 | 6751 | FQ3188 | HKL Waiting | 408
6763 | 6763 | DV4581 | VDRA Running | 131
6764 | 6794 | UK1061 | BRKX Running | 256
6771 | 6831 | XY6882 | TIDV Running | 104
6793 | 6793 | DV4581 | VDRA Running | 101
6794 | 6824 | PL7648 | BRKX Running | 402
6801 | 6861 | XC5345 | TIDV Running | 64
6823 | 6823 | DV4581 | VDRA Running | 71
6824 | 6854 | UK1061 | BRKX Running | 226
6829 | 6829 | GJ2282 | KQK Waiting | 378
6831 | 6891 | WM2834 | TIDV Running | 22
6848 | 6848 | RR3020 | MHS Waiting | 161
6853 | 6853 | DV4581 | VDRA Running | 41
6854 | 6884 | PL7648 | BRKX Running | 372
6861 | 6913 | XY6882 | TIDV Running | 74
6878 | 6883 | GI7962 | VDRA Running | 476
6883 | 6913 | DV4581 | VDRA Running | 11
6884 | 6914 | UK1061 | BRKX Running | 196
6891 | 6943 | XC5345 | TIDV Running | 34
6911 | 6911 | HM9636 | XZA Waiting | 314
6913 | 6913 | WM2834 | TIDV Waiting | 390
6913 | 6924 | GI7962 | VDRA Running | 446
6914 | 6944 | PL7648 | BRKX Running | 342
6924 | 6924 | DV4581 | Finished | 0
6925 | 6925 | XZ3312 | YAU Waiting | 246
6939 | 6939 | EB6673 | RGD Waiting | 466
6943 | 6973 | XY6882 | TIDV Running | 44
6944 | 6974 | UK1061 | BRKX Running | 166
6954 | 6954 | GI7962 | VDRA Running | 416
6973 | 7003 | XC5345 | TIDV Running | 4
6974 | 7004 | PL7648 | BRKX Running | 312
6984 | 6984 | GI7962 | VDRA Running | 386
7003 | 7007 | XY6882 | TIDV Running | 14
7004 | 7034 | UK1061 | BRKX Running | 136
7007 | 7007 | XC5345 | Finished | 0
7009 | 7009 | RR3020 | MHS Running | 299
7014 | 7014 | GI7962 | VDRA Running | 356
7021 | 7021 | XY6882 | ZRV Running | 405
7030 | 7030 | AQ4705 | YAU Waiting | 62
7034 | 7064 | PL7648 | BRKX Running | 282
7044 | 7044 | GI7962 | VDRA Running | 326
7064 | 7094 | UK1061 | BRKX Running | 106
7074 | 7074 | GI7962 | VDRA Running | 296
7092 | 7092 | AQ4705 | YAU Running | 237
7094 | 7124 | PL7648 | BRKX Running | 252
7104 | 7104 | GI7962 | VDRA Running | 266
7124 | 7154 | UK1061 | BRKX Running | 76
7134 | 7134 | GI7962 | VDRA Running | 236
7147 | 7147 | XV3175 | TIDV Running | 397
7154 | 7184 | PL7648 | BRKX Running | 222
7159 | 7159 | FQ3188 | HKL Running | 366
7164 | 7164 | GI7962 | VDRA Running | 206
7171 | 7329 | XZ3312 | YAU Running | 189
7177 | 7177 | XV3175 | TIDV Running | 367
7184 | 7214 | UK1061 | BRKX Running | 46
7194 | 7194 | GI7962 | VDRA Running | 176
7207 | 7207 | GJ2282 | KQK Running | 442
7207 | 7207 | XV3175 | TIDV Running | 337
7214 | 7244 | PL7648 | BRKX Running | 192
7224 | 7224 | GI7962 | VDRA Running | 146
7225 | 7225 | HM9636 | XZA Running | 49
7237 | 7237 | XV3175 | TIDV Running | 307
7244 | 7274 | UK1061 | BRKX Running | 16
7254 | 7254 | GI7962 | VDRA Running | 116
7267 | 7267 | XV3175 | TIDV Running | 277
7274 | 7274 | HM9636 | XZA Waiting | 169
7274 | 7290 | PL7648 | BRKX Running | 162
7283 | 7284 | VZ8618 | VDRA Running | 216
7284 | 7314 | GI7962 | VDRA Running | 86
7290 | 7290 | UK1061 | Finished | 0
7297 | 7297 | XV3175 | TIDV Running | 247
7303 | 7327 | WM2834 | TIDV Running | 122
7308 | 7320 | RR3020 | BRKX Running | 394
7314 | 7344 | VZ8618 | VDRA Running | 186
7320 | 7350 | PL7648 | BRKX Running | 132
7327 | 7357 | XV3175 | TIDV Running | 217
7329 | 7329 | AQ4705 | YAU Waiting | 490
7344 | 7374 | GI7962 | VDRA Running | 56
7350 | 7380 | RR3020 | BRKX Running | 364
7357 | 7387 | WM2834 | TIDV Running | 92
7374 | 7404 | VZ8618 | VDRA Running | 156
7380 | 7410 | PL7648 | BRKX Running | 102
7387 | 7417 | XV3175 | TIDV Running | 187
7404 | 7434 | GI7962 | VDRA Running | 26
7405 | 7405 | EB6673 | RGD Running | 482
7410 | 7440 | RR3020 | BRKX Running | 334
7417 | 7447 | WM2834 | TIDV Running | 62
7426 | 7426 | XY6882 | ZRV Waiting | 360
7434 | 7460 | VZ8618 | VDRA Running | 126
7440 | 7470 | PL7648 | BRKX Running | 72
7443 | 7443 | HM9636 | XZA Running | 469
7447 | 7477 | XV3175 | TIDV Running | 157
7460 | 7460 | GI7962 | Finished | 0
7470 | 7500 | RR3020 | BRKX Running | 304
7477 | 7507 | WM2834 | TIDV Running | 32
7490 | 7490 | VZ8618 | VDRA Running | 96
7500 | 7530 | PL7648 | BRKX Running | 42
7507 | 7537 | XV3175 | TIDV Running | 127
7518 | 7518 | XZ3312 | YAU Waiting | 474
7520 | 7520 | VZ8618 | VDRA Running | 66
7525 | 7560 | FQ3188 | BRKX Running | 241
7530 | 7590 | RR3020 | BRKX Running | 274
7537 | 7567 | WM2834 | TIDV Running | 2
7550 | 7550 | VZ8618 | VDRA Running | 36
7560 | 7620 | PL7648 | BRKX Running | 12
7567 | 7569 | XV3175 | TIDV Running | 97
7569 | 7569 | WM2834 | SUC Running | 412
7580 | 7580 | VZ8618 | VDRA Running | 6
7586 | 7586 | VZ8618 | Finished | 0
7590 | 7632 | FQ3188 | BRKX Running | 211
7599 | 7599 | XV3175 | TIDV Running | 67
7620 | 7662 | RR3020 | BRKX Running | 244
7629 | 7629 | XV3175 | TIDV Running | 37
7632 | 7632 | PL7648 | Finished | 0
7649 | 7649 | GJ2282 | KQK Waiting | 293
7659 | 7659 | XV3175 | TIDV Running | 7
7662 | 7692 | FQ3188 | BRKX Running | 181
7666 | 7666 | XV3175 | OKX Running | 28
7692 | 7722 | RR3020 | BRKX Running | 214
7694 | 7694 | XV3175 | OKX Waiting | 106
7722 | 7752 | FQ3188 | BRKX Running | 151
7752 | 7782 | RR3020 | BRKX Running | 184
7782 | 7812 | FQ3188 | BRKX Running | 121
7786 | 7786 | XY6882 | ZRV Running | 392
7800 | 7800 | XV3175 | OKX Running | 200
7812 | 7842 | RR3020 | BRKX Running | 154
7819 | 7819 | AQ4705 | YAU Running | 107
7842 | 7872 | FQ3188 | BRKX Running | 91
7872 | 7902 | RR3020 | BRKX Running | 124
7887 | 7887 | EB6673 | JVVK Running | 389
7902 | 7932 | FQ3188 | BRKX Running | 61
7912 | 7912 | HM9636 | XZA Waiting | 163
7917 | 7917 | EB6673 | JVVK Running | 359
7926 | 7926 | AQ4705 | YAU Waiting | 250
7932 | 7962 | RR3020 | BRKX Running | 94
7942 | 7942 | GJ2282 | KQK Running | 73
7947 | 7947 | EB6673 | JVVK Running | 329
7962 | 7992 | FQ3188 | BRKX Running | 31
7977 | 7977 | EB6673 | JVVK Running | 299
7981 | 7981 | WM2834 | SUC Waiting | 435
7992 | 7992 | XZ3312 | YAU Running | 278
7992 | 8022 | RR3020 | BRKX Running | 64
8000 | 8000 | XV3175 | OKX Waiting | 429
8007 | 8007 | EB6673 | JVVK Running | 269
8015 | 8015 | GJ2282 | VDRA Running | 163
8022 | 8052 | FQ3188 | BRKX Running | 1
8037 | 8037 | EB6673 | JVVK Running | 239
8045 | 8045 | GJ2282 | VDRA Running | 133
8052 | 8053 | RR3020 | BRKX Running | 34
8053 | 8053 | FQ3188 | Finished | 0
8067 | 8067 | EB6673 | JVVK Running | 209
8075 | 8075 | HM9636 | XZA Running | 374
8075 | 8075 | GJ2282 | VDRA Running | 103
8083 | 8083 | RR3020 | BRKX Running | 4
8087 | 8087 | RR3020 | Finished | 0
8097 | 8097 | EB6673 | JVVK Running | 179
8105 | 8105 | GJ2282 | VDRA Running | 73
8127 | 8127 | EB6673 | JVVK Running | 149
8135 | 8135 | GJ2282 | VDRA Running | 43
8157 | 8157 | EB6673 | JVVK Running | 119
8165 | 8165 | GJ2282 | VDRA Running | 13
8176 | 8270 | AQ4705 | YAU Running | 25
8178 | 8178 | GJ2282 | Finished | 0
8178 | 8178 | XY6882 | ZRV Waiting | 10
8187 | 8187 | EB6673 | JVVK Running | 89
8188 | 8188 | XY6882 | ZRV Running | 377
8217 | 8217 | EB6673 | JVVK Running | 59
8247 | 8247 | EB6673 | JVVK Running | 29
8270 | 8270 | XZ3312 | YAU Waiting | 255
8276 | 8276 | EB6673 | Finished | 0
8295 | 8295 | AQ4705 | TIDV Running | 422
8325 | 8325 | AQ4705 | TIDV Running | 392
8355 | 8355 | AQ4705 | TIDV Running | 362
8385 | 8385 | AQ4705 | TIDV Running | 332
8415 | 8415 | AQ4705 | TIDV Running | 302
8416 | 8416 | WM2834 | SUC Running | 201
8429 | 8429 | XV3175 | OKX Running | 495
8445 | 8445 | AQ4705 | TIDV Running | 272
8449 | 8449 | HM9636 | VDRA Running | 259
8475 | 8475 | AQ4705 | TIDV Running | 242
8479 | 8479 | HM9636 | VDRA Running | 229
8505 | 8505 | AQ4705 | TIDV Running | 212
8509 | 8509 | HM9636 | VDRA Running | 199
8525 | 8525 | XZ3312 | YAU Running | 363
8535 | 8535 | AQ4705 | TIDV Running | 182
8539 | 8539 | HM9636 | VDRA Running | 169
8565 | 8565 | XY6882 | ZRV Waiting | 116
8565 | 8565 | AQ4705 | TIDV Running | 152
8569 | 8569 | HM9636 | VDRA Running | 139
8595 | 8595 | AQ4705 | TIDV Running | 122
8599 | 8599 | HM9636 | VDRA Running | 109
8617 | 8617 | WM2834 | SUC Waiting | 387
8625 | 8625 | AQ4705 | TIDV Running | 92
8629 | 8629 | HM9636 | VDRA Running | 79
8655 | 8655 | AQ4705 | TIDV Running | 62
8659 | 8659 | HM9636 | VDRA Running | 49
8681 | 8681 | XY6882 | ZRV Running | 59
8685 | 8685 | AQ4705 | TIDV Running | 32
8689 | 8689 | HM9636 | VDRA Running | 19
8708 | 8708 | HM9636 | Finished | 0
8715 | 8715 | AQ4705 | TIDV Running | 2
8717 | 8717 | AQ4705 | Finished | 0
8740 | 8740 | XY6882 | TIDV Running | 447
8770 | 8770 | XY6882 | TIDV Running | 417
8800 | 8800 | XY6882 | TIDV Running | 387
8830 | 8830 | XY6882 | TIDV Running | 357
8860 | 8860 | XY6882 | TIDV Running | 327
8888 | 8890 | XZ3312 | TIDV Running | 85
8890 | 8920 | XY6882 | TIDV Running | 297
8920 | 8950 | XZ3312 | TIDV Running | 55
8924 | 8924 | XV3175 | OKX Waiting | 145
8950 | 8980 | XY6882 | TIDV Running | 267
8980 | 9010 | XZ3312 | TIDV Running | 25
9004 | 9004 | WM2834 | SUC Running | 414
9010 | 9035 | XY6882 | TIDV Running | 237
9035 | 9035 | XZ3312 | Finished | 0
9065 | 9065 | XY6882 | TIDV Running | 207
9069 | 9069 | XV3175 | OKX Running | 173
9095 | 9095 | XY6882 | TIDV Running | 177
9125 | 9125 | XY6882 | TIDV Running | 147
9155 | 9155 | XY6882 | TIDV Running | 117
9185 | 9185 | XY6882 | TIDV Running | 87
9215 | 9215 | XY6882 | TIDV Running | 57
9242 | 9245 | XV3175 | TIDV Running | 300
9245 | 9275 | XY6882 | TIDV Running | 27
9275 | 9302 | XV3175 | TIDV Running | 270
9302 | 9302 | XY6882 | Finished | 0
9332 | 9332 | XV3175 | TIDV Running | 240
9362 | 9362 | XV3175 | TIDV Running | 210
9392 | 9392 | XV3175 | TIDV Running | 180
9418 | 9418 | WM2834 | SUC Waiting | 425
9422 | 9422 | XV3175 | TIDV Running | 150
9452 | 9452 | XV3175 | TIDV Running | 120
9482 | 9482 | XV3175 | TIDV Running | 90
9512 | 9512 | XV3175 | TIDV Running | 60
9542 | 9542 | XV3175 | TIDV Running | 30
9572 | 9572 | XV3175 | Finished | 0
9843 | 9843 | WM2834 | SUC Running | 323
10166 | 10166 | WM2834 | TIDV Running | 245
10196 | 10196 | WM2834 | TIDV Running | 215
10226 | 10226 | WM2834 | TIDV Running | 185
10256 | 10256 | WM2834 | TIDV Running | 155
10286 | 10286 | WM2834 | TIDV Running | 125
10316 | 10316 | WM2834 | TIDV Running | 95
10346 | 10346 | WM2834 | TIDV Running | 65
10376 | 10376 | WM2834 | TIDV Running | 35
10406 | 10406 | WM2834 | TIDV Running | 5
10411 | 10411 | WM2834 | Finished | 0
