42 | 42 | NR2236 | IJSM Running | 217
72 | 72 | NR2236 | IJSM Running | 187
102 | 102 | NR2236 | IJSM Running | 157
103 | 103 | VQ3814 | QOUU Running | 374
104 | 133 | LA6163 | QOUU Running | 205
132 | 132 | NR2236 | IJSM Running | 127
133 | 163 | VQ3814 | QOUU Running | 344
148 | 148 | NP7136 | ISBC Running | 333
162 | 162 | NR2236 | IJSM Running | 97
163 | 193 | LA6163 | QOUU Running | 175
178 | 178 | NP7136 | ISBC Running | 303
187 | 223 | HS5200 | QOUU Running | 196
190 | 253 | KN3596 | QOUU Running | 95
192 | 192 | NR2236 | IJSM Running | 67
193 | 283 | VQ3814 | QOUU Running | 314
208 | 208 | NP7136 | ISBC Running | 273
222 | 222 | GR6984 | IJSM Running | 222
222 | 252 | NR2236 | IJSM Running | 37
223 | 313 | LA6163 | QOUU Running | 145
238 | 238 | NP7136 | ISBC Running | 243
252 | 282 | GR6984 | IJSM Running | 192
253 | 343 | HS5200 | QOUU Running | 166
267 | 312 | MS3124 | IJSM Running | 404
268 | 373 | TA8105 | QOUU Running | 500
268 | 268 | NP7136 | ISBC Running | 213
269 | 342 | BV4449 | IJSM Running | 268
282 | 372 | NR2236 | IJSM Running | 7
283 | 403 | KN3596 | QOUU Running | 65
298 | 298 | NP7136 | ISBC Running | 183
312 | 379 | GR6984 | IJSM Running | 162
313 | 433 | VQ3814 | QOUU Running | 284
328 | 328 | NP7136 | ISBC Running | 153
342 | 409 | MS3124 | IJSM Running | 374
343 | 463 | LA6163 | QOUU Running | 115
358 | 358 | NP7136 | ISBC Running | 123
372 | 439 | BV4449 | IJSM Running | 238
373 | 493 | HS5200 | QOUU Running | 136
379 | 379 | NR2236 | IJSM Waiting | 19
388 | 388 | NP7136 | ISBC Running | 93
398 | 469 | NR2236 | IJSM Running | 216
403 | 523 | TA8105 | QOUU Running | 470
409 | 499 | GR6984 | IJSM Running | 132
418 | 418 | NP7136 | ISBC Running | 63
433 | 553 | KN3596 | QOUU Running | 35
439 | 529 | MS3124 | IJSM Running | 344
448 | 448 | NP7136 | ISBC Running | 33
463 | 583 | VQ3814 | QOUU Running | 254
469 | 559 | BV4449 | IJSM Running | 208
478 | 478 | NP7136 | ISBC Running | 3
481 | 481 | NP7136 | ISBC Waiting | 466
493 | 613 | LA6163 | QOUU Running | 85
499 | 589 | NR2236 | IJSM Running | 186
523 | 643 | HS5200 | QOUU Running | 106
529 | 619 | GR6984 | IJSM Running | 102
553 | 673 | TA8105 | QOUU Running | 440
559 | 649 | MS3124 | IJSM Running | 314
583 | 703 | KN3596 | QOUU Running | 5
589 | 679 | BV4449 | IJSM Running | 178
613 | 708 | VQ3814 | QOUU Running | 224
619 | 709 | NR2236 | IJSM Running | 156
643 | 738 | LA6163 | QOUU Running | 55
649 | 739 | GR6984 | IJSM Running | 72
673 | 768 | HS5200 | QOUU Running | 76
679 | 769 | MS3124 | IJSM Running | 284
703 | 798 | TA8105 | QOUU Running | 410
708 | 708 | KN3596 | QOUU Waiting | 183
709 | 799 | BV4449 | IJSM Running | 148
738 | 828 | VQ3814 | QOUU Running | 194
739 | 829 | NR2236 | IJSM Running | 126
768 | 858 | LA6163 | QOUU Running | 25
769 | 859 | GR6984 | IJSM Running | 42
798 | 883 | HS5200 | QOUU Running | 46
799 | 889 | MS3124 | IJSM Running | 254
828 | 913 | TA8105 | QOUU Running | 380
829 | 919 | BV4449 | IJSM Running | 118
858 | 943 | VQ3814 | QOUU Running | 164
859 | 949 | NR2236 | IJSM Running | 96
883 | 883 | LA6163 | QOUU Waiting | 61
889 | 979 | GR6984 | IJSM Running | 12
891 | 973 | KN3596 | QOUU Running | 132
913 | 1003 | HS5200 | QOUU Running | 16
919 | 991 | MS3124 | IJSM Running | 224
943 | 1019 | TA8105 | QOUU Running | 350
944 | 1049 | LA6163 | QOUU Running | 205
947 | 947 | NP7136 | ISBC Running | 372
949 | 1021 | BV4449 | IJSM Running | 88
973 | 1079 | VQ3814 | QOUU Running | 134
977 | 977 | NP7136 | ISBC Running | 342
979 | 1051 | NR2236 | IJSM Running | 66
991 | 991 | GR6984 | IJSM Waiting | 205
1003 | 1109 | KN3596 | QOUU Running | 102
1007 | 1007 | NP7136 | ISBC Running | 312
1019 | 1019 | HS5200 | QOUU Waiting | 119
1021 | 1081 | MS3124 | IJSM Running | 194
1037 | 1037 | NP7136 | ISBC Running | 282
1049 | 1139 | TA8105 | QOUU Running | 320
1051 | 1111 | BV4449 | IJSM Running | 58
1067 | 1067 | NP7136 | ISBC Running | 252
1079 | 1169 | LA6163 | QOUU Running | 175
1081 | 1141 | NR2236 | IJSM Running | 36
1097 | 1097 | NP7136 | ISBC Running | 222
1109 | 1199 | VQ3814 | QOUU Running | 104
1111 | 1171 | MS3124 | IJSM Running | 164
1127 | 1127 | NP7136 | ISBC Running | 192
1138 | 1229 | HS5200 | QOUU Running | 485
1139 | 1259 | KN3596 | QOUU Running | 72
1141 | 1201 | BV4449 | IJSM Running | 28
1157 | 1157 | NP7136 | ISBC Running | 162
1169 | 1289 | TA8105 | QOUU Running | 290
1171 | 1229 | NR2236 | IJSM Running | 6
1187 | 1187 | NP7136 | ISBC Running | 132
1196 | 1235 | GR6984 | IJSM Running | 11
1199 | 1319 | LA6163 | QOUU Running | 145
1201 | 1246 | MS3124 | IJSM Running | 134
1217 | 1217 | NP7136 | ISBC Running | 102
1229 | 1229 | BV4449 | IJSM Waiting | 419
1229 | 1349 | VQ3814 | QOUU Running | 74
1235 | 1235 | NR2236 | LMZ Running | 110
1246 | 1345 | GR6984 | LMZ Running | 333
1247 | 1247 | NP7136 | ISBC Running | 72
1259 | 1379 | HS5200 | QOUU Running | 455
1276 | 1276 | MS3124 | IJSM Running | 104
1277 | 1277 | NP7136 | ISBC Running | 42
1289 | 1409 | KN3596 | QOUU Running | 42
1306 | 1306 | MS3124 | IJSM Running | 74
1307 | 1307 | NP7136 | ISBC Running | 12
1319 | 1319 | NP7136 | HVX Running | 267
1319 | 1439 | TA8105 | QOUU Running | 260
1336 | 1336 | MS3124 | IJSM Running | 44
1345 | 1345 | NR2236 | LMZ Waiting | 135
1349 | 1469 | LA6163 | QOUU Running | 115
1366 | 1366 | MS3124 | IJSM Running | 14
1379 | 1499 | VQ3814 | QOUU Running | 44
1380 | 1380 | MS3124 | IJSM Waiting | 307
1409 | 1529 | HS5200 | QOUU Running | 425
1439 | 1559 | KN3596 | QOUU Running | 12
1469 | 1571 | TA8105 | QOUU Running | 230
1480 | 1678 | NR2236 | LMZ Running | 121
1499 | 1601 | LA6163 | QOUU Running | 85
1529 | 1631 | VQ3814 | QOUU Running | 14
1559 | 1645 | HS5200 | QOUU Running | 395
1571 | 1571 | KN3596 | VBQ Running | 314
1586 | 1586 | NP7136 | HVX Waiting | 139
1601 | 1675 | TA8105 | QOUU Running | 200
1631 | 1705 | LA6163 | QOUU Running | 55
1645 | 1645 | VQ3814 | QOUU Waiting | 37
1648 | 1648 | BV4449 | IJSM Running | 76
1675 | 1735 | HS5200 | QOUU Running | 365
1678 | 1678 | GR6984 | LMZ Waiting | 469
1678 | 1678 | BV4449 | IJSM Running | 46
1682 | 1765 | VQ3814 | QOUU Running | 438
1687 | 1708 | MS3124 | IJSM Running | 393
1705 | 1795 | TA8105 | QOUU Running | 170
1708 | 1738 | BV4449 | IJSM Running | 16
1725 | 1725 | NP7136 | HVX Running | 94
1735 | 1825 | LA6163 | QOUU Running | 25
1738 | 1754 | MS3124 | IJSM Running | 363
1754 | 1799 | BV4449 | LMZ Running | 366
1765 | 1850 | HS5200 | QOUU Running | 335
1784 | 1784 | MS3124 | IJSM Running | 333
1795 | 1880 | VQ3814 | QOUU Running | 408
1799 | 1799 | NR2236 | LMZ Waiting | 1
1800 | 2165 | NR2236 | LMZ Running | 41
1814 | 1814 | MS3124 | IJSM Running | 303
1819 | 1819 | NP7136 | HVX Waiting | 83
1825 | 1910 | TA8105 | QOUU Running | 140
1844 | 1844 | MS3124 | IJSM Running | 273
1850 | 1850 | LA6163 | SHN Running | 25
1874 | 1874 | MS3124 | IJSM Running | 243
1875 | 1875 | LA6163 | SHN Waiting | 148
1880 | 1940 | HS5200 | QOUU Running | 305
1885 | 1885 | KN3596 | VBQ Waiting | 243
1902 | 1902 | NP7136 | HVX Running | 280
1904 | 1904 | MS3124 | IJSM Running | 213
1910 | 1970 | VQ3814 | QOUU Running | 378
1934 | 1934 | MS3124 | IJSM Running | 183
1940 | 2000 | TA8105 | QOUU Running | 110
1964 | 1964 | MS3124 | IJSM Running | 153
1970 | 2030 | HS5200 | QOUU Running | 275
1994 | 1994 | MS3124 | IJSM Running | 123
2000 | 2060 | VQ3814 | QOUU Running | 348
2023 | 2023 | LA6163 | SHN Running | 83
2024 | 2024 | MS3124 | IJSM Running | 93
2030 | 2090 | TA8105 | QOUU Running | 80
2054 | 2054 | MS3124 | IJSM Running | 63
2060 | 2120 | HS5200 | QOUU Running | 245
2084 | 2084 | MS3124 | IJSM Running | 33
2090 | 2150 | VQ3814 | QOUU Running | 318
2106 | 2106 | LA6163 | SHN Waiting | 117
2114 | 2114 | MS3124 | IJSM Running | 3
2117 | 2206 | MS3124 | LMZ Running | 211
2120 | 2180 | TA8105 | QOUU Running | 50
2128 | 2128 | KN3596 | VBQ Running | 271
2147 | 2417 | GR6984 | LMZ Running | 394
2150 | 2210 | HS5200 | QOUU Running | 215
2165 | 2165 | BV4449 | LMZ Waiting | 74
2180 | 2240 | VQ3814 | QOUU Running | 288
2182 | 2182 | NP7136 | HVX Waiting | 428
2206 | 2206 | NR2236 | LMZ Waiting | 294
2210 | 2270 | TA8105 | QOUU Running | 20
2223 | 2223 | LA6163 | SHN Running | 293
2239 | 2811 | BV4449 | LMZ Running | 231
2240 | 2290 | HS5200 | QOUU Running | 185
2270 | 2320 | VQ3814 | QOUU Running | 258
2290 | 2290 | TA8105 | QOUU Waiting | 153
2320 | 2350 | HS5200 | QOUU Running | 155
2350 | 2380 | VQ3814 | QOUU Running | 228
2380 | 2410 | HS5200 | QOUU Running | 125
2399 | 2399 | KN3596 | VBQ Waiting | 489
2410 | 2440 | VQ3814 | QOUU Running | 198
2417 | 2417 | MS3124 | LMZ Waiting | 215
2440 | 2470 | HS5200 | QOUU Running | 95
2443 | 2500 | TA8105 | QOUU Running | 473
2470 | 2530 | VQ3814 | QOUU Running | 168
2500 | 3042 | NR2236 | LMZ Running | 148
2500 | 2560 | HS5200 | QOUU Running | 65
2516 | 2516 | LA6163 | SHN Waiting | 4
2520 | 2520 | LA6163 | SHN Running | 346
2530 | 2590 | TA8105 | QOUU Running | 443
2560 | 2620 | VQ3814 | QOUU Running | 138
2590 | 2650 | HS5200 | QOUU Running | 35
2610 | 2610 | NP7136 | HVX Running | 397
2620 | 2680 | TA8105 | QOUU Running | 413
2632 | 3190 | MS3124 | LMZ Running | 420
2650 | 2710 | VQ3814 | QOUU Running | 108
2680 | 2740 | HS5200 | QOUU Running | 5
2710 | 2745 | TA8105 | QOUU Running | 383
2740 | 2775 | VQ3814 | QOUU Running | 78
2745 | 2745 | HS5200 | OAP Running | 248
2775 | 2805 | TA8105 | QOUU Running | 353
2805 | 2835 | VQ3814 | QOUU Running | 48
2811 | 2811 | GR6984 | LMZ Waiting | 463
2835 | 2865 | TA8105 | QOUU Running | 323
2865 | 2895 | VQ3814 | QOUU Running | 18
2866 | 2913 | LA6163 | QOUU Running | 317
2888 | 2888 | KN3596 | VBQ Running | 234
2895 | 2943 | TA8105 | QOUU Running | 293
2913 | 3122 | VQ3814 | VBQ Running | 4
2943 | 2973 | LA6163 | QOUU Running | 287
2973 | 3003 | TA8105 | QOUU Running | 263
2993 | 2993 | HS5200 | OAP Waiting | 45
3003 | 3033 | LA6163 | QOUU Running | 257
3007 | 3007 | NP7136 | ISBC Running | 401
3033 | 3063 | TA8105 | QOUU Running | 233
3037 | 3037 | NP7136 | ISBC Running | 371
3038 | 3038 | HS5200 | OAP Running | 20
3042 | 3042 | BV4449 | LMZ Waiting | 27
3058 | 3058 | HS5200 | OAP Waiting | 103
3063 | 3093 | LA6163 | QOUU Running | 227
3067 | 3067 | NP7136 | ISBC Running | 341
3069 | 3610 | BV4449 | LMZ Running | 185
3093 | 3123 | TA8105 | QOUU Running | 203
3097 | 3097 | NP7136 | ISBC Running | 311
3122 | 3122 | KN3596 | VBQ Waiting | 227
3123 | 3153 | LA6163 | QOUU Running | 197
3126 | 3126 | VQ3814 | VBQ Waiting | 49
3127 | 3127 | NP7136 | ISBC Running | 281
3153 | 3183 | TA8105 | QOUU Running | 173
3157 | 3157 | NP7136 | ISBC Running | 251
3161 | 3161 | HS5200 | OAP Running | 185
3175 | 3175 | VQ3814 | VBQ Running | 130
3183 | 3213 | LA6163 | QOUU Running | 167
3187 | 3187 | NP7136 | ISBC Running | 221
3190 | 3190 | NR2236 | IJSM Running | 44
3213 | 3243 | TA8105 | QOUU Running | 143
3217 | 3217 | NP7136 | ISBC Running | 191
3220 | 3220 | NR2236 | IJSM Running | 14
3234 | 3234 | NR2236 | IJSM Waiting | 27
3243 | 3273 | LA6163 | QOUU Running | 137
3247 | 3247 | NP7136 | ISBC Running | 161
3261 | 3261 | NR2236 | IJSM Running | 368
3273 | 3303 | TA8105 | QOUU Running | 113
3274 | 3795 | GR6984 | LMZ Running | 200
3277 | 3277 | NP7136 | ISBC Running | 131
3291 | 3291 | NR2236 | IJSM Running | 338
3303 | 3333 | LA6163 | QOUU Running | 107
3305 | 3305 | VQ3814 | VBQ Waiting | 337
3307 | 3307 | NP7136 | ISBC Running | 101
3321 | 3321 | NR2236 | IJSM Running | 308
3333 | 3363 | TA8105 | QOUU Running | 83
3337 | 3337 | NP7136 | ISBC Running | 71
3346 | 3346 | HS5200 | OAP Waiting | 500
3349 | 3349 | KN3596 | VBQ Running | 466
3351 | 3351 | NR2236 | IJSM Running | 278
3363 | 3393 | LA6163 | QOUU Running | 77
3367 | 3367 | NP7136 | ISBC Running | 41
3381 | 3381 | NR2236 | IJSM Running | 248
3393 | 3423 | TA8105 | QOUU Running | 53
3397 | 3397 | NP7136 | ISBC Running | 11
3408 | 3408 | NP7136 | ISBC Waiting | 171
3411 | 3411 | NR2236 | IJSM Running | 218
3423 | 3453 | LA6163 | QOUU Running | 47
3441 | 3441 | NR2236 | IJSM Running | 188
3453 | 3483 | TA8105 | QOUU Running | 23
3471 | 3471 | NR2236 | IJSM Running | 158
3483 | 3506 | LA6163 | QOUU Running | 17
3501 | 3501 | NR2236 | IJSM Running | 128
3506 | 3506 | TA8105 | OAP Running | 33
3523 | 3523 | LA6163 | QOUU Waiting | 97
3531 | 3531 | NR2236 | IJSM Running | 98
3539 | 3539 | TA8105 | OAP Waiting | 458
3561 | 3561 | NR2236 | IJSM Running | 68
3579 | 3579 | NP7136 | ISBC Running | 69
3591 | 3591 | NR2236 | IJSM Running | 38
3609 | 3609 | NP7136 | ISBC Running | 39
3610 | 3610 | MS3124 | LMZ Waiting | 117
3620 | 3620 | LA6163 | QOUU Running | 167
3621 | 3621 | NR2236 | IJSM Running | 8
3629 | 3629 | NR2236 | MHD Running | 277
3639 | 3639 | NP7136 | ISBC Running | 9
3642 | 3815 | VQ3814 | VBQ Running | 391
3648 | 3648 | NP7136 | ACS Running | 153
3650 | 3650 | LA6163 | QOUU Running | 137
3680 | 3680 | LA6163 | QOUU Running | 107
3710 | 3710 | LA6163 | QOUU Running | 77
3727 | 3995 | MS3124 | LMZ Running | 384
3740 | 3740 | LA6163 | QOUU Running | 47
3770 | 3770 | LA6163 | QOUU Running | 17
3787 | 3787 | LA6163 | RIY Running | 64
3795 | 3795 | BV4449 | LMZ Waiting | 60
3801 | 3801 | NP7136 | ACS Waiting | 4
3805 | 3805 | NP7136 | ACS Running | 257
3815 | 3815 | KN3596 | QOUU Running | 151
3845 | 3845 | KN3596 | QOUU Running | 121
3846 | 3846 | HS5200 | OAP Running | 348
3851 | 3851 | LA6163 | RIY Waiting | 204
3855 | 4379 | BV4449 | LMZ Running | 34
3875 | 3875 | KN3596 | QOUU Running | 91
3905 | 3905 | KN3596 | QOUU Running | 61
3906 | 3906 | NR2236 | MHD Waiting | 279
3935 | 3935 | KN3596 | QOUU Running | 31
3965 | 3965 | KN3596 | QOUU Running | 1
3966 | 3966 | KN3596 | QOUU Waiting | 326
3995 | 3995 | GR6984 | LMZ Waiting | 127
3997 | 4194 | TA8105 | OAP Running | 336
4055 | 4055 | LA6163 | RIY Running | 414
4062 | 4062 | NP7136 | ACS Waiting | 339
4122 | 4413 | GR6984 | LMZ Running | 207
4185 | 4185 | NR2236 | MHD Running | 266
4194 | 4194 | HS5200 | QOUU Running | 150
4206 | 4206 | VQ3814 | VBQ Waiting | 480
4224 | 4224 | HS5200 | QOUU Running | 120
4254 | 4254 | HS5200 | QOUU Running | 90
4284 | 4284 | HS5200 | QOUU Running | 60
4292 | 4314 | KN3596 | QOUU Running | 156
4314 | 4344 | HS5200 | QOUU Running | 30
4344 | 4374 | KN3596 | QOUU Running | 126
4374 | 4374 | HS5200 | QOUU Waiting | 467
4379 | 4379 | MS3124 | LMZ Waiting | 456
4401 | 4401 | NP7136 | ACS Running | 403
4404 | 4404 | KN3596 | QOUU Running | 96
4413 | 4413 | BV4449 | IJSM Running | 133
4434 | 4434 | KN3596 | QOUU Running | 66
4443 | 4443 | BV4449 | IJSM Running | 103
4451 | 4451 | NR2236 | MHD Waiting | 400
4464 | 4464 | KN3596 | QOUU Running | 36
4469 | 4469 | LA6163 | RIY Waiting | 308
4473 | 4473 | BV4449 | IJSM Running | 73
4494 | 4494 | KN3596 | QOUU Running | 6
4500 | 4500 | KN3596 | NIT Running | 335
4503 | 4503 | BV4449 | IJSM Running | 43
4530 | 4530 | TA8105 | OAP Waiting | 74
4533 | 4533 | BV4449 | IJSM Running | 13
4546 | 4546 | BV4449 | IJSM Waiting | 30
4576 | 4576 | BV4449 | IJSM Running | 380
4604 | 4604 | TA8105 | OAP Running | 361
4606 | 4606 | BV4449 | IJSM Running | 350
4620 | 4636 | GR6984 | IJSM Running | 130
4636 | 4666 | BV4449 | IJSM Running | 320
4666 | 4696 | GR6984 | IJSM Running | 100
4686 | 4686 | VQ3814 | VBQ Running | 417
4696 | 4726 | BV4449 | IJSM Running | 290
4726 | 4756 | GR6984 | IJSM Running | 70
4756 | 4786 | BV4449 | IJSM Running | 260
4777 | 4777 | LA6163 | RIY Running | 11
4786 | 4816 | GR6984 | IJSM Running | 40
4788 | 4788 | LA6163 | RIY Waiting | 300
4804 | 4804 | NP7136 | ACS Waiting | 56
4816 | 4846 | BV4449 | IJSM Running | 230
4835 | 4835 | KN3596 | NIT Waiting | 201
4835 | 4835 | MS3124 | LMZ Running | 219
4841 | 4841 | HS5200 | QOUU Running | 341
4846 | 4876 | GR6984 | IJSM Running | 10
4851 | 4851 | NR2236 | MHD Running | 474
4860 | 4860 | NP7136 | ACS Running | 296
4871 | 4871 | HS5200 | QOUU Running | 311
4876 | 4886 | BV4449 | IJSM Running | 200
4886 | 4886 | GR6984 | IJSM Waiting | 187
4901 | 4901 | HS5200 | QOUU Running | 281
4916 | 4916 | BV4449 | IJSM Running | 170
4931 | 4931 | HS5200 | QOUU Running | 251
4946 | 4946 | BV4449 | IJSM Running | 140
4961 | 4961 | HS5200 | QOUU Running | 221
4965 | 4965 | TA8105 | OAP Waiting | 291
4976 | 4976 | BV4449 | IJSM Running | 110
4991 | 4991 | HS5200 | QOUU Running | 191
5006 | 5006 | BV4449 | IJSM Running | 80
5021 | 5021 | HS5200 | QOUU Running | 161
5036 | 5036 | KN3596 | NIT Running | 98
5036 | 5036 | BV4449 | IJSM Running | 50
5051 | 5051 | HS5200 | QOUU Running | 131
5054 | 5066 | MS3124 | IJSM Running | 129
5066 | 5096 | BV4449 | IJSM Running | 20
5073 | 5116 | GR6984 | IJSM Running | 481
5081 | 5081 | HS5200 | QOUU Running | 101
5088 | 5088 | LA6163 | RIY Running | 114
5096 | 5146 | MS3124 | IJSM Running | 99
5103 | 5111 | VQ3814 | QOUU Running | 165
5111 | 5141 | HS5200 | QOUU Running | 71
5116 | 5325 | BV4449 | MHD Running | 13
5134 | 5134 | KN3596 | NIT Waiting | 167
5141 | 5171 | VQ3814 | QOUU Running | 135
5146 | 5176 | GR6984 | IJSM Running | 451
5156 | 5156 | NP7136 | ISBC Running | 342
5171 | 5201 | HS5200 | QOUU Running | 41
5176 | 5206 | MS3124 | IJSM Running | 69
5186 | 5186 | NP7136 | ISBC Running | 312
5201 | 5231 | VQ3814 | QOUU Running | 105
5202 | 5261 | LA6163 | QOUU Running | 284
5206 | 5236 | GR6984 | IJSM Running | 421
5216 | 5216 | NP7136 | ISBC Running | 282
5231 | 5291 | HS5200 | QOUU Running | 11
5236 | 5266 | MS3124 | IJSM Running | 39
5246 | 5246 | NP7136 | ISBC Running | 252
5256 | 5256 | TA8105 | OAP Running | 85
5261 | 5302 | VQ3814 | QOUU Running | 75
5266 | 5296 | GR6984 | IJSM Running | 391
5276 | 5276 | NP7136 | ISBC Running | 222
5291 | 5332 | LA6163 | QOUU Running | 254
5296 | 5326 | MS3124 | IJSM Running | 9
5301 | 5301 | KN3596 | NIT Running | 200
5302 | 5302 | HS5200 | RIY Running | 411
5306 | 5306 | NP7136 | ISBC Running | 192
5325 | 5325 | NR2236 | MHD Waiting | 313
5326 | 5335 | GR6984 | IJSM Running | 361
5332 | 5362 | VQ3814 | QOUU Running | 45
5335 | 5335 | MS3124 | IJSM Waiting | 174
5336 | 5336 | NP7136 | ISBC Running | 162
5338 | 5338 | BV4449 | MHD Waiting | 478
5341 | 5392 | TA8105 | QOUU Running | 377
5362 | 5422 | LA6163 | QOUU Running | 224
5365 | 5365 | GR6984 | IJSM Running | 331
5366 | 5366 | NP7136 | ISBC Running | 132
5392 | 5452 | VQ3814 | QOUU Running | 15
5395 | 5395 | GR6984 | IJSM Running | 301
5396 | 5396 | NP7136 | ISBC Running | 102
5422 | 5467 | TA8105 | QOUU Running | 347
5425 | 5425 | GR6984 | IJSM Running | 271
5426 | 5426 | NP7136 | ISBC Running | 72
5452 | 5497 | LA6163 | QOUU Running | 194
5455 | 5455 | GR6984 | IJSM Running | 241
5456 | 5456 | NP7136 | ISBC Running | 42
5467 | 5467 | VQ3814 | QOUU Waiting | 246
5485 | 5485 | GR6984 | IJSM Running | 211
5486 | 5486 | NP7136 | ISBC Running | 12
5497 | 5527 | TA8105 | QOUU Running | 317
5498 | 5498 | NP7136 | Finished | 0
5501 | 5501 | KN3596 | NIT Waiting | 64
5509 | 5515 | MS3124 | IJSM Running | 257
5515 | 5545 | GR6984 | IJSM Running | 181
5527 | 5557 | LA6163 | QOUU Running | 164
5545 | 5575 | MS3124 | IJSM Running | 227
5557 | 5587 | TA8105 | QOUU Running | 287
5565 | 5565 | KN3596 | NIT Running | 388
5575 | 5605 | GR6984 | IJSM Running | 151
5587 | 5617 | LA6163 | QOUU Running | 134
5605 | 5635 | MS3124 | IJSM Running | 197
5617 | 5647 | TA8105 | QOUU Running | 257
5635 | 5665 | GR6984 | IJSM Running | 121
5638 | 5638 | NR2236 | MHD Running | 449
5647 | 5677 | LA6163 | QOUU Running | 104
5665 | 5695 | MS3124 | IJSM Running | 167
5677 | 5707 | TA8105 | QOUU Running | 227
5695 | 5725 | GR6984 | IJSM Running | 91
5707 | 5737 | LA6163 | QOUU Running | 74
5713 | 5713 | HS5200 | RIY Waiting | 72
5713 | 5767 | VQ3814 | QOUU Running | 316
5725 | 5755 | MS3124 | IJSM Running | 137
5737 | 5797 | TA8105 | QOUU Running | 197
5755 | 5785 | GR6984 | IJSM Running | 61
5767 | 5827 | LA6163 | QOUU Running | 44
5785 | 5785 | HS5200 | RIY Running | 154
5785 | 5815 | MS3124 | IJSM Running | 107
5797 | 5857 | VQ3814 | QOUU Running | 286
5815 | 5845 | GR6984 | IJSM Running | 31
5816 | 6087 | BV4449 | MHD Running | 24
5827 | 5887 | TA8105 | QOUU Running | 167
5845 | 5875 | MS3124 | IJSM Running | 77
5857 | 5917 | LA6163 | QOUU Running | 14
5875 | 5905 | GR6984 | IJSM Running | 1
5887 | 5931 | VQ3814 | QOUU Running | 256
5905 | 5906 | MS3124 | IJSM Running | 47
5906 | 6111 | GR6984 | MHD Running | 374
5917 | 5961 | TA8105 | QOUU Running | 137
5931 | 5931 | LA6163 | Finished | 0
5936 | 5936 | MS3124 | IJSM Running | 17
5939 | 5939 | HS5200 | RIY Waiting | 249
5953 | 5991 | KN3596 | QOUU Running | 351
5953 | 6485 | MS3124 | MHD Running | 72
5961 | 6021 | VQ3814 | QOUU Running | 226
5991 | 6051 | TA8105 | QOUU Running | 107
6021 | 6081 | KN3596 | QOUU Running | 321
6051 | 6111 | VQ3814 | QOUU Running | 196
6081 | 6141 | TA8105 | QOUU Running | 77
6087 | 6087 | NR2236 | IJSM Running | 61
6111 | 6111 | BV4449 | MHD Waiting | 217
6111 | 6171 | KN3596 | QOUU Running | 291
6117 | 6117 | NR2236 | IJSM Running | 31
6141 | 6201 | VQ3814 | QOUU Running | 166
6147 | 6147 | NR2236 | IJSM Running | 1
6148 | 6148 | NR2236 | Finished | 0
6171 | 6231 | TA8105 | QOUU Running | 47
6188 | 6188 | HS5200 | RIY Running | 51
6201 | 6261 | KN3596 | QOUU Running | 261
6231 | 6291 | VQ3814 | QOUU Running | 136
6239 | 6239 | HS5200 | RIY Waiting | 253
6261 | 6321 | TA8105 | QOUU Running | 17
6291 | 6338 | KN3596 | QOUU Running | 231
6321 | 6368 | VQ3814 | QOUU Running | 106
6328 | 6557 | BV4449 | MHD Running | 248
6338 | 6338 | TA8105 | QOUU Waiting | 464
6368 | 6398 | KN3596 | QOUU Running | 201
6398 | 6428 | VQ3814 | QOUU Running | 76
6428 | 6458 | KN3596 | QOUU Running | 171
6458 | 6488 | VQ3814 | QOUU Running | 46
6485 | 6485 | GR6984 | MHD Waiting | 493
6488 | 6518 | KN3596 | QOUU Running | 141
6492 | 6492 | HS5200 | RIY Running | 415
6518 | 6548 | VQ3814 | QOUU Running | 16
6548 | 6564 | KN3596 | QOUU Running | 111
6557 | 6557 | MS3124 | MHD Waiting | 183
6564 | 6564 | VQ3814 | NIT Running | 154
6594 | 6594 | KN3596 | QOUU Running | 81
6624 | 6624 | KN3596 | QOUU Running | 51
6654 | 6654 | KN3596 | QOUU Running | 21
6675 | 6675 | KN3596 | Finished | 0
6718 | 6718 | VQ3814 | NIT Waiting | 97
6740 | 6805 | MS3124 | MHD Running | 186
6802 | 6802 | TA8105 | QOUU Running | 283
6805 | 6805 | BV4449 | MHD Waiting | 261
6815 | 6815 | VQ3814 | NIT Running | 398
6832 | 6832 | TA8105 | QOUU Running | 253
6862 | 6862 | TA8105 | QOUU Running | 223
6892 | 6892 | TA8105 | QOUU Running | 193
6907 | 6922 | HS5200 | QOUU Running | 241
6922 | 6952 | TA8105 | QOUU Running | 163
6952 | 6982 | HS5200 | QOUU Running | 211
6978 | 6991 | GR6984 | MHD Running | 193
6982 | 7012 | TA8105 | QOUU Running | 133
6991 | 6991 | MS3124 | MHD Waiting | 310
7012 | 7042 | HS5200 | QOUU Running | 181
7042 | 7072 | TA8105 | QOUU Running | 103
7066 | 7184 | BV4449 | MHD Running | 275
7072 | 7102 | HS5200 | QOUU Running | 151
7102 | 7132 | TA8105 | QOUU Running | 73
7132 | 7162 | HS5200 | QOUU Running | 121
7162 | 7192 | TA8105 | QOUU Running | 43
7184 | 7184 | GR6984 | MHD Waiting | 39
7192 | 7222 | HS5200 | QOUU Running | 91
7213 | 7213 | VQ3814 | NIT Waiting | 271
7222 | 7252 | TA8105 | QOUU Running | 13
7223 | 7459 | GR6984 | MHD Running | 377
7252 | 7265 | HS5200 | QOUU Running | 61
7265 | 7265 | TA8105 | VBQ Running | 473
7295 | 7295 | HS5200 | QOUU Running | 31
7301 | 7836 | MS3124 | MHD Running | 351
7325 | 7325 | HS5200 | QOUU Running | 1
7326 | 7326 | HS5200 | Finished | 0
7459 | 7459 | BV4449 | IJSM Running | 367
7484 | 7484 | VQ3814 | NIT Running | 30
7489 | 7489 | BV4449 | IJSM Running | 337
7514 | 7514 | VQ3814 | NIT Waiting | 355
7519 | 7519 | BV4449 | IJSM Running | 307
7549 | 7549 | BV4449 | IJSM Running | 277
7579 | 7579 | BV4449 | IJSM Running | 247
7609 | 7609 | BV4449 | IJSM Running | 217
7639 | 7639 | BV4449 | IJSM Running | 187
7669 | 7669 | BV4449 | IJSM Running | 157
7699 | 7699 | BV4449 | IJSM Running | 127
7729 | 7729 | BV4449 | IJSM Running | 97
7738 | 7738 | TA8105 | VBQ Waiting | 292
7759 | 7759 | BV4449 | IJSM Running | 67
7789 | 7789 | BV4449 | IJSM Running | 37
7819 | 7819 | BV4449 | IJSM Running | 7
7826 | 7826 | BV4449 | Finished | 0
7836 | 7836 | GR6984 | MHD Waiting | 277
7869 | 7869 | VQ3814 | NIT Running | 298
8030 | 8030 | TA8105 | VBQ Running | 189
8113 | 8187 | GR6984 | MHD Running | 35
8167 | 8167 | VQ3814 | QOUU Running | 211
8187 | 8187 | MS3124 | MHD Waiting | 384
8197 | 8197 | VQ3814 | QOUU Running | 181
8219 | 8219 | TA8105 | VBQ Waiting | 122
8222 | 8222 | GR6984 | IJSM Running | 46
8227 | 8227 | VQ3814 | QOUU Running | 151
8252 | 8252 | GR6984 | IJSM Running | 16
8257 | 8257 | VQ3814 | QOUU Running | 121
8268 | 8268 | GR6984 | Finished | 0
8287 | 8287 | VQ3814 | QOUU Running | 91
8317 | 8317 | VQ3814 | QOUU Running | 61
8341 | 8341 | TA8105 | VBQ Running | 77
8347 | 8347 | VQ3814 | QOUU Running | 31
8377 | 8377 | VQ3814 | QOUU Running | 1
8378 | 8378 | VQ3814 | Finished | 0
8418 | 8418 | TA8105 | VBQ Waiting | 235
8571 | 8571 | MS3124 | MHD Running | 0
8571 | 8571 | MS3124 | IJSM Running | 197
8601 | 8601 | MS3124 | IJSM Running | 167
8631 | 8631 | MS3124 | IJSM Running | 137
8653 | 8653 | TA8105 | VBQ Running | 488
8661 | 8661 | MS3124 | IJSM Running | 107
8691 | 8691 | MS3124 | IJSM Running | 77
8721 | 8721 | MS3124 | IJSM Running | 47
8751 | 8751 | MS3124 | IJSM Running | 17
8768 | 8768 | MS3124 | Finished | 0
9141 | 9141 | TA8105 | QOUU Running | 290
9171 | 9171 | TA8105 | QOUU Running | 260
9201 | 9201 | TA8105 | QOUU Running | 230
9231 | 9231 | TA8105 | QOUU Running | 200
9261 | 9261 | TA8105 | QOUU Running | 170
9291 | 9291 | TA8105 | QOUU Running | 140
9321 | 9321 | TA8105 | QOUU Running | 110
9351 | 9351 | TA8105 | QOUU Running | 80
9381 | 9381 | TA8105 | QOUU Running | 50
9411 | 9411 | TA8105 | QOUU Running | 20
9431 | 9431 | TA8105 | Finished | 0
