IFRU 0 ELW032 FJT088 ELQ266 QOO449 ZEZ719 BGA732
GQNF 0 DIA796 CPE856
VKVB 0 CQA043 JFQ085 TQV241 MGL314 NNP376
NXGK 6252 MJM368 AEG435 HNC877
YVBG 0 VSD007 LTD028 EAL120 PIP223 WIL386 XGA754 ANC870 JZK939
AWKB 0 HWA234 FOT243 MTX249 PSW260 KCF422 ZZW487 FGF541 NWP655 KUM707 FRJ726 LHU993
DAWD 0 UBM128 IIP216 YHN279 TKM406 FIJ447 RZV518 JIH529 CBA578 QHZ803 CYI979
KFMH 0 QBO046 EIS095 ZYC236 VGI440 AYR626 ICU835 SFT977
PJFI 0 CVF003 XMY004 NRC007 WOY065 VSY188 PJM371 KKM397 MPQ398 LKE710 HSJ759 NDV832 YPE878
KHQO 0 ORA086 LDB610 RQC980
YOUQ 0 XGT013 EIN290 LPM553 SCY689 JDW789 QVJ861 VOD883 CHU984
CGED 0 MKP282 TKN367 ZXW425 FLK501 BWS526 MFZ737 ZBS899 QCQ999
BXIV 0 YYU533 ZOJ653 SUN676 FME766
DXEO 5989 XSY190 XAH295 CXY324 ZHJ436 NPO477 YZQ720
CLOF 6926 YQB026 MBO042 XGD637
GUUI 0 DUE012 AEO123 SFO172 XQW206 HXX368 IUU393 UZQ716 MZN825
HYZN 0 SUE027 RNX068 ZEP109 MUB138 LFM243 BIL365 JRI769 TBU815
OJGN 4619 FGR073 BPW153 IWY299 LVX310 VLK517 XLD792 SLB865 JUG940
NQYB 0 AKU075 DXY325 SCH352 IEF482 QVS510 SEE531 MBB549 ISI799 ONE806 MSF920
QZAG 0 NEM214 OBI278 UBS894
JYTQ 0 IPW160 QDM186 DVA199 DCF415 QPO480 UNJ617 ODA652 FVO655 SCV806 DLY953
OIEV 0 FGO190 VON493 DYU512 SVR551 AXS556 AVQ572 SSO575 WRN587 YBY664 QQE901 ZNZ998
DLLX 0 CZG088 SBM126 VYY374
ZLKX 0 KMW069 RCN117 GJM362 QCD506
YYGW 0 YSD010 SEP102 MYE145 SRY154 TLT164 TWB207 ZFN218 PGM278 FVX304 JML497 TII500 BQN535
MPZU 7023 CDN133 UTV335 MJG602 IQF854 YDU882 JAQ930
TRIF 0 DBJ228 ZDI351 EWP646 EKF664 ALE730 ZSJ777
TFQZ 0 XXC203 TLR242 BEE514 XLK519 GFC628 TJC765 PSE962
ZPST 0 YWF056 IMW067 BWE072 KSZ138 BCM140 KTZ169 PIM340 IZZ353 PZY399 UWS545 WUQ563
KKVS 0 OZC256 ESM639 AME761 HPG783
SPJT 0 ZOZ029 OJP253 VVT476 UHH509
XMVN 0 QCO077 IYE141 WCK239 RYS604 FAU770
WAAD 0 EDP057 FWD115 LJH562
TNCX 0 ACO061 BIC716 XOF807
FATC 0 BAN039 ZSZ153 KLO350 WYX414 GEE519 NEE526 JUN667 GRK688 VSJ773 MXJ919 BIV975
SWYB 0 WWW391 KDE492 NOL563 PXN766
PORI 0 WQB024 AXE102 QEJ334 ZLM443 ISP526 VPI719 VKE720 ZFY789 APE854 XOB963
WEIY 0 GSZ134 CNN443 DIH523 YFC646 OQG821 HDS943
TVTM 8688 IFJ357 XOO456
MBAG 0 SXF081 ACE451 JBD468 NBQ965 VNZ994
ERWJ 0 DWB191 ISV292 ACV788
IQIA 0 XVD102 BZX424 IZU548 SCB586 DBZ604 DTI825 GVH929 GMZ948 JNZ982
KGOS 5785 UGR088 SGO203 CYY355 ACG373 BXW401 AGD614 HJY895 NTG913 YJW990
YVCR 0 PBI279 NTW289 YOR340 GWS531 EQJ694 CLD771 OXJ921 CTF941 YAQ945 DRC997
NIJP 0 ZER031 FSU328 ZWU472 BKD739 OJC760 IMC847 PGV927 USE967
JZXR 0 CCP024 DJU047 CYC213 BYB251 XZB304 RRU309 UIE657 QFB677 HID683 TAT823 AWJ876 FRF882
DMPT 0 UIO267 FHB728
NHID 0 SRC012 SUY247 WBI286 KPI708 FBW723 QRH815
FNMB 7309 DFH430 YXV463 AML488 KOK599 GKD744
UDLW 0 XMW082 DZG089 MZB293 LJB796 IUI861
PZID 0 JTC065 NUW320 VOM532 EVN693
PJIT 0 YPY098 BOW122 DKR195 CPU232 OFM246 FAD433 GYP710 MRJ733 WUJ836 JFW851 NQE898 EIX900
AQCR 0 KAO009 OSZ142 TNS265 ZHL358 YXX385 UDE502 LCB579 IIB762 UYK919 VJX948 BLY951
NYMH 0 RXH002 VEN183 IPV199 IZV509 NOH719 AQE885
YUDR 0 NPA023 QRB049 LCJ267 AMP332 ZSU348 LLJ546 JGE584 KBZ611 JBW727 TRE935 ZVG987
LTIH 0 KZA330 UJN337 RDV836
CHLA 0 ELV071 JDO101 SWB206 YON496 XSO580 RFD600 UIF618 AMG683 SCR962
XEHG 5244 SJP257 DTU357 TPG795
VQEW 0 YIQ193 PAJ209 TFN212 NMO384 EBA580 JXQ643 DQJ693 LNC881 FHW909
FIEI 0 EXB223 FHZ792 ENA952
KYVL 0 VQA062 JPY083 MVA208 CZY386 HIY864 HOD869 ZES992
JUQR 4410 JMX029 AEM201 RJN334 DCA610 HKE706 EKY923 BGT991
DHIS 0 WVC140 ZRV278 JWX339 YZZ369 NIK416 UUS483 DHC687 LLE741
JWUT 0 GJU050 DFK313 WJF651 UCU847
SRQH 0 TGR087 UBL167 RTW293 YGJ404 ION480 NFF518 EDA642 CXM792 YUK799 WWL820 IWI923
VYVK 0 IVC126 QLS200 PAI248 UCD510 CRN567 EYN786 CCT868 OWH968
RARZ 0 HHT028 XED575 AUM697 OMZ956
FKIV 5599 LER017 MPA022 LLU117 ZSX231 RSO574 GIE643 HHV950
TUTH 0 QQV238 ELO344 PMI620 TUN677 TEA688 UMG703 SGZ774 BEV851 YUI877 DPD896 QNB925
TVVF 0 FHT026 BHP178 WXA280 IMO379 KMO381 BJK435 PUN673 RTM683 FSH835 EXH989 UYI997
WGOO 0 GWC155 KJR171 XPT292 UWX350 RHL351 TCG392 XZX446 JID685 QPG792 MAR894
KGSR 0 XOV183 ASX206 RHJ428 FZX429 KHB733 FOG750 BMC840 NAR895 SJW984
EQYH 0 GCO067 YPU254 KMP342 QLJ551 BAY610 ZDZ688 YHC708 XDX764 KDV829 VWK858
LJTV 5958 UUY249 YMR278 PML503 XZU563 UKH602 HFZ732 SIB772 DVK809 VSE968
SPKO 0 DZD206 SZW480 FFE549 IYQ673 UXM810 PSG884
VADZ 0 MMX032 LBG353 AOH706 YFZ749 OVL781 OKC791 EZN817
WSEK 9133 MXD153 UTU374 GID682 PGZ771 KUG941
BSEI 0 DNW093 ADN131 QCL194 QPT285 BZA321 JHJ420 ULJ555 NQL625 FVN694 JQD933 RBQ969
MVIU 0 IDN139 YXN775 NQC976
JQHQ 7951 KBJ235 OPN517 LDW791 SFU938
NJOC 6906 SMU155 ZBD484 RHH506 ABA576 YNK582 EZR661 BLC809 GIX902 EDS940
CYNC 6081 ACJ256 VJK455 FPM547 IPJ667 WXN773 PRF892
GCVQ 0 ILP309 IRR417 MDA650
MLVS 7143 IKI551 DJE671 DXK871 GCQ989
HKBZ 0 XQY128 BKR193
RLGF 0 LOV171 JIP217 BIO248 DPK623 UZK950
UBMO 0 COY045 KQE895
AQEL 7457 KUE019 RHT038 FLS189 MNT219 TZC261 DJL398 JIK412 GCF418 EYW435 UEE533 LRJ732 GGU957
GPRT 0 SPX131 YNO426 IWT494 RTK761 WKC799 YXM814 OBR927
RHAT 0 JPA019 OCP036 TWV427 ZDB624 XVP634 FGA736 WEY755 VYM842
YEGS 0 DCO064 RSB081 FLQ267 GEB636 AQC963
OZNZ 0 OWX344 WNP385 BSK714
BWND 0 SHN273 LIK414 QPH753 CXL831 KAR892
XUJL 0 TMW078 FTA139 NLS197 QJQ216 QDL225 ALO340 DQQ420 OSO571 UED572 WSG891 EET932 WZJ991
ICSS 0 MDP065 GXF069 GQY111 VZF146 OKS167 BXA259 PDI341 GMO377 EIF602 JIF607 GWM765 TXM809
FLNB 5564 TCJ275 RBG359 EII485 DWN723 YMF746 EAU769 SWM777 PAS858 XCT889 JVI893 BTG901
EVDO 0 ZXB244 FXN756
LADR 0 UKU095 QQP472 HOM518 TBT854
JVTS 0 QAK171 RDL226 VFG487 HSO564 DFW845 XBT858
HJBK 0 JJV014 KQW193 OCF426 DAV729 CAR884 HWI922
VDMW 0 RCO078 LQY116 CRW216 OUU399 SLM436 ZAD453 LLG663 VGC674 IGB700 CHY828 AWK837
ZYKE 0 OAN052 ULS204 TYV489 XKJ527 EUI857
XLXB 0 FNW095 HUA172 JMT185 YYD196 TDH384 HBF388 XXW423
LXSD 0 QHS076 FLT150 LAE400 FWR569 LWQ614 GXQ640 TSL693 HEZ701 EFY768 UYN802 AJZ849 VAP981
EGFC 0 WJM378 JJL404 FDY707
ZVGU 0 RRY153 RST379 AGJ380 WKH604 XIC738 XNB932 SXI964 SES985 UNZ993
NCEV 0 PXZ298 DVV380 NGJ393 KDA648 DAW690 PID691 LUK786 DIZ821 XZN836 FGW878 BCS906
EKPL 0 QGQ123 NUB139 MGF548 EDC564 IMI613 MVP623 LIV985
YDGI 8502 PMV113 BNK559 NJD720 ZYM846
KURM 0 QLW044 IAF358 EMO375 YBZ625
CYQT 0 ATZ159 NUX281 DAE392 MYR638 MLF703 HVL774 VLD790 RLA903 IFU928
CFLB 0 JYW440 ZMI630 NXP686 PAV741 UZP755 TOF803 XYL883 HPC939
QZJK 0 ZLW053 PXE117 WWZ274 JAG320 LEF485 KAA555 WWP664 GZQ702 GEY739
EXJE 0 FPX118 EHP181 LCK228 DKO312 LTV326 YBG366 ENO406 PBA591 IFC630 EAQ925
IAQK 0 NCP035 JYG064 VYE154 NBK199 NSV297 DFG469 IVN697 RWM776 PPC947
SJED 0 KRU302 AJK434 URQ468 XTN650 PWJ891 ISE955
KOFU 5835 SOZ022 HDL216 JZY393 OSS415 WNO424 QMN426 XPP448 TMM468 YPN527 PIE652 RFA717 GIC721
YYQM 6223 PMT191 DYZ317 WTI844 VVJ866 XYJ961
QVBM 6140 KBH313 BCD491 VII502 XNK581 SCA625 GFA706 QLD785 JVH932
SJEF 0 RQY122 XKP293 XHL356 YNP387 FUT429 WSL696 PBW733 PDT912 USF928
OSBY 0 GBO036 XCP045 EGN228 QHJ427 SVT473 UFD603 YPF839 VGW894 JJY897
XYTI 0 CDP055 EIT056 VLR244 AIN286 PED567 KXQ644 VBU817 PPE869 GNA954
EGGE 0 QDK264 JJM365 ECG377 EAD432 YRN589 TVQ591 LBX690 UHZ807 KJA834 XPB994
YCDG 0 TGQ126 QPJ675
CKWH 0 INV137 VLP322 SKN366 IYU517 VBZ622 YOH730 PFV896 FUG936
EIKN 8347 DKN351 SHF585
TWZW 0 VWY312 BSU324 VVU437 RIE654 NGC666 OBW732 JLE739
GYDX 0 PWF047 OUD062 WPX135 DDL212 NIM338 BHJ412 RBE437 PKK480 BIH521 GLC814 EIW939
BDLB 0 SSB082 AFL271 WGI441 RMG700 PLB862
PWFM 0 ZUE034 OTB109 OPX127 DGM266 VQQ438 FWO686 MJC758 TDV838 AJW966 TQC982
ENUX 0 OXG038 SQY123 HFM239 GKN354 HHF574 BRL644 YSJ776 BZN814
LYVX 0 SGS047 MSA115 VIP229 FWY296 FZU545 IPH745 GZM858
VUPW 0 HUD055 ZPT294 BDI327
VVRY 0 JWD119 LLQ273 GPQ392
JPJQ 0 HEQ052 VWF053 VNX072 JEO132 GYC217 GTR477 USQ499 LFE555 MQF858 SJZ867 GBS880 RDR992
BTKF 0 LNX062 STY216 UXX381 VVV398 PRR424 XAD451 RBD476 SDD539 CKF662 PLC823 SPE872 HMY988
CJTY 6292 JRB042 KVC128 DBK189 XFJ372 APO464 FKD743 DNF756 IXJ915
XXQN 0 HER013 GGR074 HKU082 JKS162 QKQ247 HZU547 XBX702 ALY950 SZJ987
YEHM 0 NUE022 QBM124 EDE486 NYS600 YJY912 UXJ927 SDR993
UWXO 0 IWG001 NOU212 LWA238 EQU265 ABB537 HVQ579 IBY648 ING722 RSK730 QQI745
MYTB 0 AUD048 IRA080 IHR107 LYY364 OUT438 RUS480 VMI626 IUL744 QCT882 GFV887 VHW925 UUG951
QWCV 7340 YDO116 HJN324 CFD585
HRWM 0 TWA246 JBH312 BMP333 NSP531 JLJ544 DDZ666 ZHD670 WXM812 LBS885 MDT909 MVH935
DWLZ 0 FPZ040 QJU060 JGR077 CVC120 AOW121 AJO278
EUEX 8286 LIQ180 RKO326 YSU347 XTT416 EYP708 ERJ725 JCW758 PBR928
VALM 0 ZEC616 CCY673
PEEP 0 OLO354 PWU462
ACND 7291 JXY331 ZVQ597
IZCW 5040 XUE032 SFR055
YISE 0 WVE062 MTC068 VZH069 ANS246 QRR425 WGH480 TSP537 ZXR620 MZR669 BPI699 HAT811 TAS862
RIGX 0 KTW286 JEK288 ZFL296 VML509 BCU828
QPYC 0 ZCK242 LMM460 VWL819 LOC912
XDLY 0 JIS100 VAG332 HVT462 OVT469 OSQ493 JKE708 XNG737 WRI782 JMB887
GAYV 0 JSW254 ZNO427 QUM713 MVL779
ZMYC 0 PWX345 JVT464 HML495 CJE670 QJE684 SMZ960 GNZ979 WES989
NJVV 0 QZD219 YRU316 XRS393 DPN506 SGE593 AYP704 IIC723 LQI740 KVL777 XCV811
XDLS 6081 KRB043 OWF046 LFJ360 JCZ641
KDSR 0 SMQ311 TZY403 TSO576
XRHC 0 KKW007 TEO142 SMS233 XXB242 RLM435 WZV523 XBZ624 IWP650 MME773 XDW803 EBQ956 OES981
AIYT 0 BWX331 NFI401 TON491
UFZB 7652 FHN260 ZNQ349 JRR418 GKJ510
NYRJ 0 DSB067 UMS235 RDB616
YSEP 0 JPZ044 HPX120 PLQ277 IDV827
WOCP 0 LLV078 BYP705 FYP709 OWI929 FMZ947
CRFC 0 TBO049 WJT105 VKR213 VBI285 FSR445 BXT518 YAW711 XOG768 HFX810 XMB901 TNA967 UNA968
LCMF 0 FTY203 AKN348 IAD436 XHI473 MAC479 FGG502 LYS598 DHE609 SHE624 DHA765 GWK843
ZDEY 5662 CVD081 PYY368 TKE718 AHB723 UWN740 RFX820 KSF918 DZJ972
MIVX 0 FPA015 TNT226 AZX423 TXT536 JMG692 DEX775 PZK945
TUYT 5838 CRZ099 XGH481 LBZ612 YRK706
PDCH 0 USD006 NHS073 EHM298 XIM348 EVU420 AIZ818 RUI870 LRF888
NAEV 0 XDK271 ZGG522
ZBDH 7063 RRC011 GFH433 QZX439 YRM628 TLH632 IIA801
MSLR 0 VMS236 VXQ655 FCX715
ENZY 0 FKV041 SGQ125 LUA176 KMS225 CVW340 DYY356 JAW696 QFY780 RKX975
EJRW 0 YGD638 MMC851
IIDM 0 YJR185 RAI250 DYV473 QAB522 ZBZ626 JMF731 PWL813 RMD817 LWK848 YCU851 MDU870 SDU876
TCXS 4244 MPU242 AAD428 OCZ646 WAU787 NHY839 JJZ858 YMA941 NJW979
VSQY 0 TFH446 TRQ467 CTI824 END835
JEZL 7974 VTD038 HOY050 SEQ063 ZJS147 LGE586 DFY767 UOF804 QEV866 TLZ930 ZGV937 YWH978
WOGG 5927 SOW139 RVZ238 RNQ341 GDH371 BZY385 JGZ765 EJB789 XQH791 XOE846 DWI918 BXH986
XODE 6308 WQA063 GKS159 NWV421 GZX429 VNN462 CYU511 FAX653 NXM803 JAS852 NDT910
WRMM 0 BMW060 JAK164 YPW176 FAJ199 PUW322 SMO389 TNJ616 NMI618 TGD633 XDZ686 PNH690 XTF962
HPVB 0 EQQ421 RBA593 QMC855 UWH974
BRJB 0 JUC096 NZG099 TMK546 BDA639 NMF735
AQKA 0 EEJ322 PNO417 OGA745
OCGP 6737 PLX004 KNX061 DFQ079 JIR139 IKS161 BLS185 FRV258 APP425 WQQ439 UXP693 ZGB717 XKD761
IYDM 6670 SXW418 RRQ465 IOD870 AGU951
SBXP 0 KDI336 TZR676 TXO731 IYM829 FAS848 GXI952 DOA982
TIBQ 0 MTA146 OLQ276 OAH286 KQT310 NKN361 UZY404 LFH438 OUQ555 LQK662 BLD770 MSG881
ROTY 0 YMY005 QHT037 IZY392
CAGB 0 RWE088 SFM250 YNS270 QZB297 YIJ466 VKJ525 OJI526 KMI615 KDZ673 ZKF685 CUI855
KWYU 0 HPZ042 NJR174 OYN796 FFU925
IQSY 0 WZI030 ZBN094 SUA183 WQM595 RRJ738 JVK815 RBR930 BBQ953 YBQ976 PZJ984
YCHE 0 NTC069 UJT103 PHP192 CKN350 ZFJ374 DQM576 BWQ604 BXP674 OVM742 WQH790 WDW802 YXK892
QKPM 6866 TXH004 RFQ093 QOQ371 UHA782 ZPC957
PKSN 0 RHS077 EWC153 TVU435 MXT529 AAA545 VBX700 JKZ889 KJY898 LLZ922
VVWR 0 XUY252 FNN446 HRO533 MGE587 PGD629 IOE831 EDU862 OEU903 TUF989
SRXX 0 JDL218 SCK235 CTV317 GTV321 YHL357 QBB553 NDC573 FFW847 RCS922 JXI955 RUF987
MZZK 0 YQS363 RWT503 USO577
TNMP 0 AMQ293 CCI297 XXZ306 DGI422 NRP500 IOH714 RTI839 LQE896 IUF978
DDIM 8659 YGL326 BRR410 NDE495 TBB556 TTL724
TYEG 0 IIQ177 AFG466 OQO509 ZEE538 HKG628 GSH836 ICS913 LFT970
FCCF 0 HXE109 QKO325 BLO341 ONP377 KON482 GXU484 SNM498 JWR573 FWN725 ANF753 JZJ978 TZJ988
DJWT 7688 YTC080 IVY268 TQM592 SYN800 IEW819 GAS849 KKX968
SAYN 0 QHL349 LMB889
WEUT 0 NZX436 MKG633
MSNK 0 DKK468 JNB918 LTE989
NJZA 0 NGR081 BRZ098 KKR202 FIP213 GMJ572 FBY645 AVM728 KYK909
XGVH 0 HZG093 SEL258 QMG699 UBX700 CSJ754 IXM798
QNYJ 0 VRC015 ITT401 VCV809
ZGPF 0 XVZ244 DKF663
WTRX 5796 KBO040 AFO154 WTA156 HCK224 LXZ294 DUU388 UYT568 NMJ579 NEW824 BZK931 NFU933
VLER 0 QBP007 XRY159 BCL179 LEK290 CXO714
PRCJ 5656 ALU106 KGL312 YVV401 XOM534 LHC695 ARI760 LZN824 BKY920 IVH931 VES988
IZHF 6288 WPY096 REJ335 KMM459 ZQN559 JTK753 EIB758 PAQ936 MPC944
TNPL 0 BXF064 TBX698 RKZ897
SWDU 0 IER014 ZTX262 KEI367 PDG419 LXL840
XURO 0 ZAN063 DAK158 LIJ453 HTR478 QIV990
VSTS 0 RKS170 KSV294 UGL322 RFJ366 KOJ638 UXQ654 YUL760 BUJ815 DCQ986
ERDK 0 WBN091 NYY366 GGJ386 LVV388 YSQ503 BIY858 WDS958
CZYM 7100 TFO173 KYC221 WMQ315 CBB539 WYT570 NAY622 LGA742 SZP753 OYL874 KOC911 GPB977
FKTG 0 MLO352 ULL477 BKH583 AGV912 STE996
XURH 0 PER021 OTD031 SMW077 RSY184 KTY208 ZCJ281 MOR328 LZV512 IYR634 XRL666 ZPJ684
FFJG 0 KRV263 QST378
PZRM 0 DOU202 HMO378 CPQ388 SYV488 YIH544 MPL593 VTM687 RBX696 OEW825 ECT870 INZ981
XDOK 0 EXW404 JHI459 ZZP760 NDW793
SFAS 0 RXG041 RJU061 EOV164 VJO299 AQR378 BRP488 LIA804 DQG810 KPD903 EZK934
EHOP 0 KJS132 TQR397 APM542 BTP550 SEC609 DRK685 XMG706 SZQ714 MPE866 GWH960 QUF986 PPB987
HLNS 0 DHT024 TJQ219 CNR287 GOR322 JSU332 NIL377 BTS433 HXU485 QUN674 IYO751 BEX773 SET946
WALC 0 UGS049 VZG107 FKL431 QBA592 QEZ710 FRG843 PGW888 LUG942 BSE948 PTF954
AAOB 0 ADQ014 NNV142 XYE156 NUV359 JYS596 ILH621 RCZ649 WVM750 TBV776 LUI864 TLA905 QMY997
HWDG 0 KUR512 LXM801 FWK842
RPYP 5375 GTY204 GYA295 BKM388 OAC481 XDC583 VWR585 QHX881 CRD957
QGJG 0 YRC018 TEN181 SYD190 NTY211 OMS229 SPP443 PSR455 ZKK490 YUQ565 BUO620 AXN751 KTJ793
RPYY 0 OSX220 BXZ284 NVV390 JFA709 KNB919
EMZJ 0 NBN082 OBL161 VEL261 RZA337 GDF449 FKJ509 BBY641 HBX686 CCX712 XDV842 JNA957 HOA986
SPVX 0 MUE021 CZC244 LED563 CMJ568 ITH869 CNA950
DTJU 7525 HCO068 TQW202 LTR482 DKZ883 DMA920
XDOX 0 ULU126 PBE435 QFC638 HCX717 XCW772 PFX818 FJZ854
VCSZ 6846 IFS006 TNX070 YIP232 KYB260 KXV449 MUS475 TYQ684 EKB820
BOFZ 0 VXE123 ZTA159 ZOU224 KEL250 UXZ303 JYZ323 LGH469 HPO471 TSG888 GLZ917 CTE980
TJIY 0 GUC093 DMP335 QYY369 BBF382 QUU401 ZJL420 KAU775 HUK782 YVL791 EOB944
EDJN 0 WMU159 OYD186 IST370 EGC657
KPPK 0 VTZ180 JFN202 WQW205 BLP302 GFJ355 VTP570 SDV837 OND845 FAR887 DLA889 RBS891
UCYO 0 BAM078 RXF080 FGN229 PRU307 HTN634 OFZ739 RIV991
BSPW 6284 NMX033 UQY125 EKP274 MRS382 GXV445 OKJ518 GWQ609 OOF798 SBT853 GUI859 RZK947
DGSE 5846 UKM407 CTS434
MFWL 0 HTD024 EDM174 ECL182 SWZ270 YEE537 AGE575 EOG749 LYM832 DLZ914 FGV917 LYI988
LSSU 0 INO410 KTQ520
RMVH 0 CLN381 RTS449 IHH497 XEC614 YIF622 VSF929
SLQE 0 OEL254 WMK549 OQF860 ETE982
EBFX 0 MNY024 UMV118 KIQ179 GWA233 EDK252 KIK413 ZRO551 UTN647 HFY771 RJB802
DZYS 0 GER012 LMO382 MYV482 XGF559 GQM579 YVH947 IVG970
OSJZ 0 XLW051 OPV205 YJP263 TTU373 ERS374 TAD447 GPO470 KAX658 POF799 GEU895
XVVT 0 FER011 ENY016 UEH416 WDG426 XLM441 YOO457 CNL521 XNI659 YRJ745 QZP751 WCU849 KYJ948
LUXC 0 XUC110 XWS548 TWR583
MBOW 0 QFL287 GPS314 OAG325 JST371 KEE523 IRO534 UUH912 POB955
LTVM 0 YXF087 UAK175 CUZ192 NFM245 DWU450 ZSO582 BTL706 OFX817 PJY903
QFIY 0 PBG357 LUR513
KSUO 0 URY156 QTT409 HEF481 CLH615 AJF629 XMF745 CDT899 JDR984
DKZT 0 BOZ005 WBP013 XAE412
ZGQN 0 AIU013 IMR262 LAH283 LSU334 JQS348 IQO503 LDA649
SVCB 0 OOX096 GDJ293 ANN441 FCE456 NCB581 EFX807 SUI871 DGW876 JNC879 ITG908 CQC965
FDFN 0 MHS072 LXE113 ZJR186 ZHP202 KKL436 WLE752
UOOU 0 YOA003 PXC195 ATT393 WOP416 JUT433 LUT435 YHI474 MXN763 UCW769 DGY798 HXJ914 RFT976
MOGH 0 FUE014 CEO125 XXA281 OVX313 JSQ488 DCC532 WGF558 QXQ650 JRK691 ESH834
NUPV 0 GHT027 JBN078 XEM224 CLP303 QHM310 CCH336 XMP355 JGF545 WMC861 FRD960
VLFR 0 YUB150 KKC787 UUK795
SAZY 0 PGQ122 SDN149 FIQ174 DFI391 FRM609 DAY612 PLH628 EMF726 FZJ974
PKWJ 0 ZPX138 JCM148 HAH279 WHJ433 IIJ450 QNN457 UFG486 BYS588 WFZ747 WRG860 RHU999
UCXT 0 XOS300 LRS381 DTP552 ORG852 IVJ853
XGWO 0 XOW144 WSP540 NPM555 ZHC709
KDXQ 7237 MPX125 GNQ330 LML499 QSO573 MGD626 JFU929 MET940
BROK 0 MXX373 VTT414 QUS479
GZOS 0 IDO100 QOU215 IAE397 NMN423 YTS456 QTR487 QWT502 LIF609 IAS851 DKA858 SUG949
PSGA 6453 ESV288 SKM405 ZFX828 QAS859
LSSG 0 PMS230 IFM240 QOM527 TJI531
HLQF 0 DKU078 ZIJ467 UMM469 YGE599 GMG689 VVI905 JIW944 YCR968
HMSF 0 HQB009 HNX058 WSZ150 ZKR217 ROR333 IYT556 JWQ612 JHA771 FKZ885 GYI983
CQJA 0 OQZ080 YGQ131 LSR451 WLH635 LGZ767 ALD769 OGY809
WPLI 0 BIU014 KDO102 IKT122 GVB163 GQT306 VDJ308 XWY314 DTR474 AIG559 BQL613 ROF801 YIX920
TQWR 0 NCG386 IBF389 BUP581 ZTL730
LDUY 0 KRW224 FDI331 YTT417 DUS466 PFE559 AUL736 QTJ799 ZHY851 LKX969 CKW999
ZCIV 0 EOX086 AMO371 IYP712
ZPEY 0 NIU026 WDP075 HUC094 RXU495 XWI938 BTE979
JWBW 0 CAL118 KIN296 HCG380 KEF484 PYT563 EBV761
IWEZ 0 GOZ010 ALV067 FQW188 MFM244 WGK363 XPR370 LNP374 ZNG739 RSH847
ZAHL 0 LRH810 QJX943
XBPQ 0 YJU068 HUU392 GGC659
VNND 0 RTX254 CSS403 EDG408 VYQ686 MTK756
VATX 4645 NJG603 FXO717
ULLU 0 SEM219 ZPN528 UDC580 RMJ583 PCZ647 RQK668 JXM799 TEV869 GYJ944 ZET953
ODOG 0 MQZ078 WCO083 HXZ290 LHK383 DWR567 LIG570 QJG606 VCA628 DLG655 EWO685 XGV935
SNWH 0 XRZ120 NCK230 ZLO365 PII496 LXP684
AARD 0 LKV047 FOX087 EVP615 PCX725
SJOB 8354 YOY067 UOV180 OQW197 OAX662 NSL687 VXM811 SBU814
AQQT 0 VNU189 PFN208 LXA269 KHL343 VGH479 VUI874
ZODI 6361 SZI026 JNX060 NDN144 ZEN187 FWX335 KOP404 BFU921 VUG952
IPYE 0 EWD114 MZE176 EAH276 PEF489 GTM672 RYQ682 ZPI723 CEV852 DUI856 XFU943
QGOI 0 UMY001 NRA085 EWB192 DOR319 PVR548 JUL745 QUI869 WUI875 ONC884
VPRH 0 SRB051 GCH340 XEI380 JXW409 WSS423 VQI750 YEW835 KAS853
HUER 0 ZFO179 SZY402 JBE429 EMJ570 ODY716 SND849 ZBR938 JES976
EIWM 0 GHQ144 LHM305 FFK315 FUR507 XTQ533 AVR534 URO546 NXO725 MTF951 GSE953
UGCN 0 WVD101 GUX274 VPN524 IDD529 WNK580 NYO756 IRH807
PCJQ 0 FCP027 YGR092 GAK161 XBJ248 DWO684 ENC874 DQE888
OWSR 0 LAN049 DZE167 RUX285 AGK341 HWW376 ZRQ473 DYO746 LAT815 TSE966
GHMT 0 JMW068 IHQ146 FOU204 MYT560 HIF605 EXP677 ZNH700 ZYP729
ZOBN 0 XCO084 FSZ133 XCM162 NPU243 MGI431 CHE608 XGC676 TZM871 JXK877
XTRZ 0 KWY301 BDX742
WOKX 5403 FIR135 XIR153 LPV202 PHL348 DCB571 API698 ZBW743 JNF762 HIW942
IWEJ 4708 UIR150 TOT257 CSU325 WXY344 ZJM381 VRS391 RNK575 SAV744 TYN801 KPC942
XWYW 0 CAN040 MMR266
XLCL 0 HWT493 NXT530 XMD823
KXAJ 0 TKQ250 UJJ493 GYU515 YVS518 PBB552 FYR631 NQF859
TIIN 0 VEM222 RIL381 OMD814
NQMP 0 QWD126 DTQ513 LFC633 BSG870 YKZ904
DXYL 0 TWG012 YXG048 KKU085 LQU272 JKK474 XQM596 TTO607 XYS610 YMC863 HRE923 HUF977
PTMX 0 WVV399 JQM582 ZQL637 QKA871 NIV987
GEJV 0 IAB514 ULK516 WGG519 IRN573 MVM740 CIY859
VGAS 0 APL581 IGW881
FCIZ 0 EHD649 PNG729 RJC763 LCV799
KYFD 5557 YGT014 KHP187 XPV214 MIM337 QWX346 GOO439 COM513 HYU516 VQJ711
YAMK 0 IZF133 LRW225 VDL230 HBJ232 IEH404 SOK607 AWN720 NOC914
STDW 0 WFY786 NQG820
DSOT 6231 RPZ052 ZFR062 IXY330 FDH370 ESR444 VKI564 LUN669 OPG790 PKB831 OWK851 EPB975
BRRM 0 NMU150 KZE174 KBA586 ALB847 JHV952
ESLV 0 OJT097 ABL147 BAF351 RXW417 AXT517 JHG537 OFB675 QND847 SYK917
PAFY 0 HVD086 IWB196 RQS356 ZPO489 YOL574 RRD972
NWXP 0 DTA137 EYD176 DOT241 NCI308 EOR320 MHL345 GBG348 HKN355 GWV414 VGV933 KCR954
FFNX 0 NUD061 UEQ065 KLP311 MTR483 SSQ497 NIH533 YKD762 BUI854 NRD968
KPSW 0 QPV207 ABD459 GCZ638 LQG818 NPD906 UJW986
LDYI 0 MAL128 ITY206 BUY230 YTX261 NEK292 SML506 GQK657 JUM706
PTLP 0 KXD151 OWA241 NFH440 YMK551 TQL631 WHD667 WGC675 NGB705 VJB806 VDV840 UJY908 OUF984
BTWV 0 FYG060 NSU336 IEG443 PBC513 MVQ584 DFD586 ISM643 WOC923 WKY941
UZIL 0 WDQ036 NIO260 KPO474 XDE505 PVS509 DIB757 PNC885 ZWJ901
GXOO 0 MOX094 ENT211 HBI271 WVY282 LQO506 SNL537 MXS568 ABZ601 DQD927 VXJ928 RPB988
ZWUR 7257 TRB052 CBJ227 QCK233 NDG417 KQP466 YFG490 CHD647 AEA669 PQE900 BMA918 RNZ990
SEFJ 0 KGR078 VVC139 JYA298 ZGL327 ZDH390 HTS439 FIG564 MMJ578 JJF638 CYN784
EPEM 0 VNF774 QCR960
RXNX 0 ATC056 RRV270 UKO329 ACH334 NZZ358 NKL439 CUP582 BTO589 GEA675 VSK734 JPG785 EJA828
WUZQ 0 BEN163 XIP231 XJH574 LNJ608 WWQ625 XUM720
SNXX 7712 QYH032 IWE079 KWB198 ETV319 WCG395 LDG415 IPP433 IJJ481 AZO774 MES979
DESS 0 DFS001 CJS124 BWC150 BNT208 LWY302 XUW330 WTT415 MMG695 NOG758 KAQ931 NCQ996
ADZX 7507 GWY297 VTU375 QSS417
IHLM 0 LBO041 WZF147 UKN368 VEX793 BZM853 FMA922 SSF926
QUNL 0 JFS007 QVD095 AVZ221 ZQT325 YOP418 JXO721 ZDY727 GGY801 SUJ832 UOD882 LSF919 DHU985
KKLS 0 OGS043 PPY089 VVD100 DWY294 PNP378 WEI379 VUT445 EPO468 ZFZ750 ZEV875 UMA937
XTXH 0 UXH005 KLN389 DWJ879 CVG964
IYNH 0 NJU057 MLT157 UNP383 RUU402 JSS410 MDF455 JYU518 UVQ592 DAU768 JUJ823 QBS890 DSE950
IGJX 0 EQT304 WNQ346 QZY400 QRP503 OSK727 UKC797 YLB871 QCS921 PSF923
AIEK 0 HDN138 OAK169 OQT314 ERT335 RLO357 PRP502 UWT506 JZQ705 CFZ727 EME765
OFWU 0 CSB066 RAG328 YJN341 GBE426 RJJ490 AWQ603 MBW730 ADW780 KJZ859
DNGY 7548 CNX053 OYG069 ZOQ380 DBD462 BUR503 RSJ769 LMD811 DCS908 VMA938
CUWE 0 GPY080 PCN115 XVR556 OCX724 XND854 UIY877 RFU937
PZZU 0 OBP005 OUB140 HOR323 AUI853
QQEK 6162 USC045 RLS201 WXB241 HEJ325 VLM439 GHG534 GWN726 ZOB965
LBWD 0 TZZ364 EOD866
OCPA 0 OQY119 DDI329
MUYW 0 LBB548 PEC606 WTO610 RDZ680 CJD709 KHA772 WVL789 LMA928 RUG948
RRDI 0 NIT065 GLT151 UDM190 IWW377 MMO383 USS421 IWQ611 UJF649 FLG657 DKD741 TDW799 ZVH948
YBPQ 0 QHR115 TRV272 SCI313 SFB679 JVM737
QAEV 0 SBJ243 NAI246 HBZ608
QPCG 0 KDQ024 FEQ050 NCO074 DYR629 LEY744 EOA983
UIIW 6679 VBJ246 VGL323 IQQ425 DKH585 AFB661 VRI781 UXK888 DGV915 XIV997
WCXY 7348 MPW164 AWA227 FIF603 LPK631 MKE711
XUYK 0 PRC009 GRA078 IRY144 LNQ335 AYV470 OGH472 IDE490 URP507 OME775 LVG973
RUJH 0 FUD053 IUC095 GCL184 UDL229 JAF359 CFH429 AII481 EWR568 EGD618 NBY653 ZQG832 ZAQ946
LIDK 7471 EPY078 KNW100 RLU123 JYC220 IOR324 WMN432 OLK510 ALH613 CVO652 VIB775 GAR888 NIW948
OOGS 3814 SRN583 FCT871
RSFQ 0 JEM210 DMR257 GVW344 CAF352 WPR369 ARP487 ONL533 PKH597 OZR671 PPJ674 CBX681 KEY743
YKAR 8695 HMP339 CRR411 WZX445 WII503 BWR565 DAX651 KWP652 CUN660 ZXN776 TFY783 JLC817
ZESM 0 HYB257 OFA714 MHA774
PRJR 0 KYH026 DBI267 NVU429 VMK548 MEX784 YHA786 PSH845 GLA892 ILY958 RNA965
TGII 0 TBP010 YNY036 OTL719
SWKY 0 LMW070 BBK187 FEM206 BOO434 BXU479 WNM502 OFD597 SNH693 GUM703 LOG756 FOE828 KZK940
JJMD 0 LFS009 JAN047 EUZ194 CXA260 SQP474 ZUR527 ERN569 RGD631 SBX697 AGX834 XWK860 ZIW960
KKLA 0 MFN205 YKQ255 EAR886
HFKC 0 PXG039 OBO044 QUX284 KYW441 DJX930
LNOG 0 SQA059 GCG379 TLM437 VYR647 HUN665 GUL742 PSI806 JBT844
FSJW 0 KRZ107 LKD749 NKC790 JUH901 ARD955
CSTD 0 QNY028 JPU239 CLB849
TZQQ 0 CBO032 RBK203 EIL368
YZBL 0 GVA202 UFM252 FBS879
OQNS 9033 RQB019 RPA027 MMW071 FUB131 GMN416 PEG450 PYR641 MCT878
QSLX 0 QPQ402 CKK467 MUQ553 SRM622 CCU829 ZKA880 NNC883
XDZS 8734 ZEQ070 OTC071 ZEO148 ODK262 GKG627 CZR659 QDX757 XPE877
GZXR 0 KQB012 EAW691
QSLT 0 VIQ190 SAI251 JKM396 JEF483 JFD592 IZP743 NKD751 AYL860 SWJ894 PYK914 YNB933 IOA987
NYAJ 0 CZI010 WDE504 XEB653 JFX812 FZK935
ZWZU 0 EDN135 UZC262 WIO269 RIN303 MZY396 JWV417 SPL599 BXI947
CJCB 0 UCM159 ZNS271 UAH292 NWY304 DZA323 JIM334
RVPI 0 QQZ082 ONV143 GLF697 TZK949
CPOE 8507 QUC103 KDM180 RSS418 DMC842 SWH972
NMJD 0 DHP180 OOB954
YEXM 0 CLS186 MLG664
QEPI 0 RKT131 ZSY192 HAI240 DGJ383 BFH428 GKI549 KIG569 FJG595 ADZ663 MOI679 ISJ760 ODU872
SABB 0 DEO126 BDM171 SHO234 SIM343 TGH477 LRP498 QTP565 OWO695 HGA738 GIA799 LFV892 HGV919
QAHD 0 CQB004 GYH022 QMX036 KOY053 IQZ074 DZC245 ICZ640 IUM705 LEU900
IYOH 4909 CYE135 YRR433 AUR502 BVP612
OQMT 0 CUX270 GEG441 DSG872 AOC901 OYI991
JEDX 0 BEK280 ZFH452 WUR524 JQN543 RPF832
INZD 0 GSY173 EBK190 ACK217 OTX251 BKO310 KAG321 UML508 NGZ769
QUOS 0 VVF022 KUW317 HTV322 MXU490 MJH563 FID681 GBW724 RWN737 NVJ858 VZL912 PHW919
FODK 0 WXH007 DJV008 GNU174 EKM391 GJL401 XSS424 RJI529 ZJG615 HUM704 DBT838 WIV996
AGDM 0 SWF050 RXB236 HPU237 NTX250 NOS290 VTW297 TJL414 JII490 HPE861 IAP968
FXVZ 6803 BPX114 MBK198 MZC254 VWW390 HNF760 QKB832
RVOI 0 ARB033 PFR052 SYB268 ZXA283 SBF399 VMN431 NZW475 AFD583 NJY901
LIGE 0 QZH063 HWB195 XFD606
ZQMF 0 FRA077 CDH367 KXS566 UTK764
HTHW 0 HHS067 SUB144 VUY250 ONS260 SIO265 YDG428 NZT592 EFZ729 DLE733 HIB761 UFX823 IUG939
LIGB 8120 YQX168 FNT212 GHN261 JHL342 RVS511 IGF544 EDB603 HHB730 GZP741 HNE799 RZM869 KBQ962
MKHB 0 JQY114 RVC135 QLT161 MIL376 VTR492 LQN545 IWR572 BDZ664 HDZ670 XJD730 IGZ764 KEU899
KJLL 0 MLX001 FVF006 XAJ217 XEG458 ASP518 VOL571 YFD607 RKC794 HKB823 ZRE941 DAP963
SJTX 0 XGS052 RZG103 SGN242 YSV308 DLO343 HIL371 SUT442 GCE457 XBR936
PWWH 0 WTE000 REK296 VBF402 MLL469 NMK540 ONH689 SUK793 YPG800
FBKM 0 HOW128 TPV210 JWY300 MNN453 FCD495 OTI836 ZPE879 KRE926 IDS944
YMHJ 0 SIT070 OEO137 WUY251 ZKQ256 ERU296 LEH407 RJL412 RSQ496 XRP510 QID692 JWJ885
WHDJ 0 KHH499 WZU562 RID693
PNGO 0 VFI409 DVS497 SXS574 LTM677 BWN721 QSK729 DSI794 WKB838 VXK889
WKMF 0 ZAM102 BTZ160 RBJ242 CWW371 PUT439 CNJ599 RLG669 BSF909 DCR947 ITF948 BSD987
JSCD 0 KFG476 EHH493 FZT584 XDY725 SIC733 CMD802 ZRF902 ULA906 MLY962
QDQM 0 OPM556 DAZ573 ZCB593
TJTI 0 AQU261 DYA292 JTT402 BRO527 CAY611 STM684 ZZQ721 JNG723 ZFW867
OTVY 0 DXE105 FII486
ZEXS 0 FAK160 FYD177 NKP283 ZMP357 OZS632 QNI652 UDY722
HVOT 0 PAK170 BUX269 GWU453 FPL586
RQGZ 0 JJS131 OYE147 SOJ646 TRK701 WAV748 DDR978 EWG997
HZWZ 0 NFS011 TUU404 RVP628 BWO682 AMF722 ZRI785 TWL817 WPB993
OQQM 0 YCO085 WKR214 AVY260 WQR400 OFW856
AZJS 0 VMY002 EQY109 PLE745 FET933 LZJ980
CCYU 0 EDQ018 RXC197 DYC214 SYW449 WCE473 ZHG553 OMJ580 GHE612 EQF850 HZL898 DBQ955
OKCS 0 YER030 VPZ056 OPY088 WWB210 HSW252 AVW338 WXW422 BXV440 RVO667 EXN755 HYM828
IZSJ 0 YVF025 SRX193 WCH356 HWV415 CNE794 RCV805 XGX857 HSF915 CGT992
YDXP 0 NWG006 IOX090 JUA174 BXX362 OGJ394 KNN451 GTQ516 YJG614 HNI643 KSL684 ZYQ690 BZP736
FRLJ 0 UDI346 QKG637
QNCQ 0 VRY157 HBH310 UQO515 ERI764
IFLE 0 WGS051 EBL151 WBE442 TAZ589 TUJ833 MUI865
SGPL 7944 YWE095 JQP465 KNK568 HIC722 HOE830 QAQ937 NLY963 VWH975 WYI999
SBFU 0 ZWG018 KFK320 DGH461 ZWN745 MSJ764 XAU788 XBU819 HVJ852 FSF913
WKLO 0 ORB047 GHO222 JWZ261 PVW353 TAE408 EZV505 PLJ550 GEC597 DUM700 APH737 VYJ959
JHOR 0 FHQ143 PNK573 CIE639 PYQ680
WGGB 0 RAO016 ORS384 MFI400 FIK408 ZON497 ATQ510 AMI605 RLH630 QOI683 TFT978
JSEB 0 CNY014 WMW081 ZYF119 ZYD197 QCI311 HHJ418 LKK476 PFF520 DOF787
QOHM 0 YMW083 BMS216 LVT466 HDD528 DIF601 RHA779
PKCU 0 UJU064 NZB294 KED562 IRI768 PEW826
THRJ 0 ZSC050 YIR154 XQX167 KCK227 BQT301 NBG355 WPQ408 INL527 FAA550 EXO716 IDR983 OPB985
OLHY 0 LZZ356 JAZ579
ULWK 0 RDO109 FKR197 AJQ200 KWA237 HJO285 CEI359
SVPU 0 QTB111 ERY140 ZKN373 NTS445 EHI454 UFB681
ZTXC 0 SYH034 TBD478 EKX962
PBRW 7261 UFN213 RXZ300 CMO373 JUU394 WKK487 EFA704
ZTXV 5667 VXD162 JLQ271 OUO633 ZDX766 WAT826 XDS959
ZUZX 0 AYF094 CSX208 TEL259 MUR514 BCB569 BUM698 KGW883 BQD925
CQUR 0 NIS104 DPU233 LAI244 EJM360 GEI363 ZZV526 BCY672 HWL805 ZFV906
OKFZ 0 IVF009 OVF015 IFP123 PHI465 TCE470 CUQ543 CTO590 HOK596 KVK816 RMB895 OBQ966 XJW989
QAMZ 0 BAO000 IDH373 NHK385 WTL727 VVK827
JKVM 0 FRB038 NRY149 NBJ238 VFM253 HRV260 WHM316 MJN329 GLO346 HSN603 ZWP667 UZN833
PLFH 0 UEF494 KMG693 WFX825 OSF922 NAP973
AFEA 9142 BVN690 MYJ950
NTZX 0 LQB013 WUA187 QRW230 ZGN249 FCJ261 NTQ523 CRL645 YIB778 PHX880
ZOMF 0 VZX444 EMM453 WTP571 AHE606 GXN757 KRI770
VVFR 0 KQA051 TNM499
ETUJ 0 WJN339 HJJ480 WRP509 URG858 RMY998
DKFD 0 DPO467 CYV472 WZT601 EAY613 KKE709 KHU992
OMIN 0 SDP071 DMU140 QZC258 BBG343 GST368 WMO393 RMH661 EGZ760 UTH881 XPC955
MRZB 0 VHU003 DUD051 GKR198 JOT247 YTW300 YSP542 VZT600 PJE683 TNH694 EDX745 XJA847
QBNK 8142 VEO144 LPS319 DZY387 MGH470 GLH619 ZIB779 NQH781 TIA812 JYK908 HGT997
IPAL 0 JDM179 IXC188 OQV236 NYW444 TEG454 KWM769 MDW792 RNC887 DVH926
KHLB 0 JBO039 NQW196 CKQ233 TXB238 OEB644 WNH697 YJD731
HTLQ 7562 XRX198 IXA266 ZQR403 IPK628 HYN789 DCV791
CLLQ 0 PDQ029 TAF369 QGJ396 EJK438 BPO465 GRP493 ICB576 DYP707
ZSUU 5457 UAZ590 YTO612
JKUJ 6325 OIM339 CYW433 BKF661 MTL717 ZVM753 TRG857 UWI935
SGRN 0 PRX190 GAG317 XEY756 TME780
OPPA 0 LRB044 RFP132 VOU220 TTP568 VRK703
JAAE 0 RPM559 XIA816
MZIZ 0 HLU113 ZGQ132 BHO217 GBI270 WYB272 NPT282 GQR384 KBD469 CHF569 OLI588 PLF706 LSI802
TKWY 0 PPA025 GOY049 DZH050 PIT067 ORW228 SKL444 CRK684 VXP694 MXK880 LWH965 AMY981
JJSP 6799 MQB014 SUC105 FLU111 YKT138 DUT427 OFC636 GPD899 CET930 LMY992 LSD997
BOUH 0 OWC163 UEM221 UDJ307 IGK349 ACZ632 VCY692 ZEA694 CFA702
HHWW 0 GPR353 KQQ427 FML493 XHH512 BXR596 FMH649
RQKZ 8319 PKF675 BMF723 UUL756
EKFJ 0 MIU025 BCN101 WOW143 RHP194 ZYL885
ORWB 0 NYG068 PTA149 UJO298 KPN513 PYS602 KUN668 TEW830 IMB886
QSSC 0 FWE076 PPT284 ZRT356 LCY682 JJB794 KIA803 ELB851 SMC857 GJY894
YLMV 0 VPA031 TCN119 YFN217 WPU252 PHB738
IUNW 6694 GRB039 KRM614
SSME 0 LEN173 NWB201 JUW316 GAB512 SFF523 SGF554 CKG623 LTJ794 WQF868 TXK887
PRRU 0 ZTC081 GAJ200 QBG358 BAD429 KVS504 CAB508 SJH569 WPK642 BHD646 TMZ961 WVG984
LILP 8451 MMU149 WZZ367 NVM741 JIB763
OLIM 0 NJV018 LHT032 YJL419 FGH463 UCB588 URK702 BVL768 BHW905 FIV979
LFFR 0 EKS157 ISU331 RKN365 XNN464 TPK639
COUC 6489 XBP014 GEO129 JUY238 FJN322 KUT434 KAV736 YZM876 UNB929 ANZ973 GIV980 DTE981 FXH990
UMZK 0 MTZ171 FJQ205 FSW250 YTV339 LJJ484 JLF700 KND841 EFU924
XPWE 0 NLL470 SOL568 BEW812
ASBA 0 LNR296 ZJO303 SVU434 QFD599 BAU766
GETL 0 JOZ013 IIO255 AUV346 FEH401 CWU449 DUK778
MHHJ 0 BDQ015 RDM187 WLM440 ARQ448 IED560 KUJ824 YYK923 VTF960
KCDD 0 UAM097 YBI288 UZA340 VKN369 HQN541 KQK661 KMB888 YXI970
WKPQ 0 NHT034 EPS312 VYX413 FWU452 JPO473 NNM493 ABC498 FKF665 SHZ805 MRG850 TTF958 NSD999
